Vivado Simulator 2017.4
Copyright 1986-1999, 2001-2016 Xilinx, Inc. All Rights Reserved.
Running: C:/Xilinx/Vivado/2017.4/bin/unwrapped/win64.o/xelab.exe -wto 0768c9d3d970421fad8df8aef60be9ad --incr --debug typical --relax --mt 2 -L xil_defaultlib -L secureip --snapshot project_tb_func_synth xil_defaultlib.project_tb -log elaborate.log 
Using 2 slave threads.
Starting static elaboration
Completed static elaboration
Starting simulation data flow analysis
Completed simulation data flow analysis
Time Resolution for simulation is 1ps
Compiling package std.standard
Compiling package std.textio
Compiling package ieee.std_logic_1164
Compiling package ieee.numeric_std
Compiling package ieee.std_logic_arith
Compiling package ieee.std_logic_unsigned
Compiling package unisim.vcomponents
Compiling package ieee.vital_timing
Compiling package ieee.vital_primitives
Compiling package unisim.vpkg
Compiling package ieee.std_logic_signed
Compiling architecture fdre_v of entity unisim.FDRE [fdre_default]
Compiling architecture lut5_v of entity unisim.LUT5 [\LUT5(init="00000000000000000000...]
Compiling architecture lut5_v of entity unisim.LUT5 [\LUT5(init="11111111111111111011...]
Compiling architecture lut5_v of entity unisim.LUT5 [\LUT5(init="11111111111111111111...]
Compiling architecture lut4_v of entity unisim.LUT4 [\LUT4(init="1111111111111110")(0...]
Compiling architecture lut5_v of entity unisim.LUT5 [\LUT5(init="11111111111111111111...]
Compiling architecture dsp48e1_v of entity unisim.DSP48E1 [\DSP48E1(alumodereg=0,carryinreg...]
Compiling architecture dsp48e1_v of entity unisim.DSP48E1 [\DSP48E1(acascreg=0,alumodereg=0...]
Compiling architecture carry4_v of entity unisim.CARRY4 [carry4_default]
Compiling architecture lut2_v of entity unisim.LUT2 [\LUT2(init="0010")(0,3)\]
Compiling architecture lut4_v of entity unisim.LUT4 [\LUT4(init="1011010001001011")(0...]
Compiling architecture lut1_v of entity unisim.LUT1 [\LUT1(init="0001")(0,3)\]
Compiling architecture lut3_v of entity unisim.LUT3 [\LUT3(init="10010110")(0,7)\]
Compiling architecture lut2_v of entity unisim.LUT2 [\LUT2(init="0110")(0,3)\]
Compiling architecture lut2_v of entity unisim.LUT2 [\LUT2(init="1001")(0,3)\]
Compiling architecture lut6_v of entity unisim.LUT6 [\LUT6(init="00100010001000100010...]
Compiling architecture lut3_v of entity unisim.LUT3 [\LUT3(init="00001000")(0,7)\]
Compiling architecture lut3_v of entity unisim.LUT3 [\LUT3(init="10000000")(0,7)\]
Compiling architecture lut2_v of entity unisim.LUT2 [\LUT2(init="0001")(0,3)\]
Compiling architecture lut3_v of entity unisim.LUT3 [\LUT3(init="00000001")(0,7)\]
Compiling architecture lut2_v of entity unisim.LUT2 [\LUT2(init="1000")(0,3)\]
Compiling architecture dsp48e1_v of entity unisim.DSP48E1 [\DSP48E1(alumodereg=0,bcascreg=0...]
Compiling architecture lut5_v of entity unisim.LUT5 [\LUT5(init="00000000000000000000...]
Compiling architecture lut6_v of entity unisim.LUT6 [\LUT6(init="00000000000000000000...]
Compiling architecture lut6_v of entity unisim.LUT6 [\LUT6(init="00000000000000000000...]
Compiling architecture bufg_v of entity unisim.BUFG [bufg_default]
Compiling architecture ibuf_v of entity unisim.IBUF [\IBUF(1,9)(1,1)(1,4)(1,7)\]
Compiling architecture lut5_v of entity unisim.LUT5 [\LUT5(init="10001000100010001001...]
Compiling architecture obuf_v of entity unisim.OBUF [\OBUF(1,9)(1,7)(1,4)\]
Compiling architecture fdse_v of entity unisim.FDSE [fdse_default]
Compiling architecture lut3_v of entity unisim.LUT3 [\LUT3(init="10111000")(0,7)\]
Compiling architecture lut6_v of entity unisim.LUT6 [\LUT6(init="11000000110000001100...]
Compiling architecture lut4_v of entity unisim.LUT4 [\LUT4(init="0010000000101111")(0...]
Compiling architecture lut5_v of entity unisim.LUT5 [\LUT5(init="11111111111111111101...]
Compiling architecture lut5_v of entity unisim.LUT5 [\LUT5(init="11111111111111110110...]
Compiling architecture lut5_v of entity unisim.LUT5 [\LUT5(init="11100000111000001110...]
Compiling architecture lut4_v of entity unisim.LUT4 [\LUT4(init="0101010101000000")(0...]
Compiling architecture lut6_v of entity unisim.LUT6 [\LUT6(init="11111111111111111111...]
Compiling architecture lut2_v of entity unisim.LUT2 [\LUT2(init="1110")(0,3)\]
Compiling architecture lut5_v of entity unisim.LUT5 [\LUT5(init="00001111000000000000...]
Compiling architecture lut4_v of entity unisim.LUT4 [\LUT4(init="0000000010000000")(0...]
Compiling architecture lut4_v of entity unisim.LUT4 [\LUT4(init="1110000011111111")(0...]
Compiling architecture lut5_v of entity unisim.LUT5 [\LUT5(init="00000000000000100000...]
Compiling architecture lut4_v of entity unisim.LUT4 [\LUT4(init="0000000000000001")(0...]
Compiling architecture lut4_v of entity unisim.LUT4 [\LUT4(init="0011011100110010")(0...]
Compiling architecture lut5_v of entity unisim.LUT5 [\LUT5(init="10111000101110111011...]
Compiling architecture lut6_v of entity unisim.LUT6 [\LUT6(init="00000000000000000000...]
Compiling architecture lut5_v of entity unisim.LUT5 [\LUT5(init="00000000000000000011...]
Compiling architecture lut4_v of entity unisim.LUT4 [\LUT4(init="1111010111110001")(0...]
Compiling architecture lut6_v of entity unisim.LUT6 [\LUT6(init="00000000000000000000...]
Compiling architecture lut4_v of entity unisim.LUT4 [\LUT4(init="1001000000001001")(0...]
Compiling architecture lut4_v of entity unisim.LUT4 [\LUT4(init="0010111100000010")(0...]
Compiling architecture lut4_v of entity unisim.LUT4 [\LUT4(init="0001111100000001")(0...]
Compiling architecture lut4_v of entity unisim.LUT4 [\LUT4(init="0110000000000110")(0...]
Compiling architecture lut6_v of entity unisim.LUT6 [\LUT6(init="00000000000000000000...]
Compiling architecture lut5_v of entity unisim.LUT5 [\LUT5(init="00000000000000000000...]
Compiling architecture lut5_v of entity unisim.LUT5 [\LUT5(init="00000000000000001011...]
Compiling architecture lut4_v of entity unisim.LUT4 [\LUT4(init="1010101000001000")(0...]
Compiling architecture lut5_v of entity unisim.LUT5 [\LUT5(init="11111111111111111111...]
Compiling architecture lut5_v of entity unisim.LUT5 [\LUT5(init="10101010101010101010...]
Compiling architecture lut6_v of entity unisim.LUT6 [\LUT6(init="00000000000000001010...]
Compiling architecture lut4_v of entity unisim.LUT4 [\LUT4(init="1000111100001000")(0...]
Compiling architecture lut6_v of entity unisim.LUT6 [\LUT6(init="11111111111111111111...]
Compiling architecture lut5_v of entity unisim.LUT5 [\LUT5(init="10111011111111111011...]
Compiling architecture lut4_v of entity unisim.LUT4 [\LUT4(init="0100000010101010")(0...]
Compiling architecture lut6_v of entity unisim.LUT6 [\LUT6(init="10111000111111111011...]
Compiling architecture lut6_v of entity unisim.LUT6 [\LUT6(init="11111111111111111010...]
Compiling architecture lut6_v of entity unisim.LUT6 [\LUT6(init="11111111111111111111...]
Compiling architecture lut5_v of entity unisim.LUT5 [\LUT5(init="00000000000000000100...]
Compiling architecture lut6_v of entity unisim.LUT6 [\LUT6(init="11100100000110110000...]
Compiling architecture lut6_v of entity unisim.LUT6 [\LUT6(init="00000000110110001111...]
Compiling architecture lut6_v of entity unisim.LUT6 [\LUT6(init="00001100111111110000...]
Compiling architecture lut6_v of entity unisim.LUT6 [\LUT6(init="11000011100000100100...]
Compiling architecture lut6_v of entity unisim.LUT6 [\LUT6(init="11111111111111110101...]
Compiling architecture lut6_v of entity unisim.LUT6 [\LUT6(init="00000000000000001110...]
Compiling architecture lut1_v of entity unisim.LUT1 [\LUT1(init="0010")(0,3)\]
Compiling architecture lut3_v of entity unisim.LUT3 [\LUT3(init="01101001")(0,7)\]
Compiling architecture lut4_v of entity unisim.LUT4 [\LUT4(init="0001111011100001")(0...]
Compiling architecture lut5_v of entity unisim.LUT5 [\LUT5(init="10011001101001010110...]
Compiling architecture lut3_v of entity unisim.LUT3 [\LUT3(init="11001010")(0,7)\]
Compiling architecture lut3_v of entity unisim.LUT3 [\LUT3(init="10101100")(0,7)\]
Compiling architecture lut5_v of entity unisim.LUT5 [\LUT5(init="10011001100101100110...]
Compiling architecture lut3_v of entity unisim.LUT3 [\LUT3(init="00011011")(0,7)\]
Compiling architecture lut4_v of entity unisim.LUT4 [\LUT4(init="1010100101100101")(0...]
Compiling architecture lut5_v of entity unisim.LUT5 [\LUT5(init="10100110100101011001...]
Compiling architecture lut5_v of entity unisim.LUT5 [\LUT5(init="01011001011010100110...]
Compiling architecture lut6_v of entity unisim.LUT6 [\LUT6(init="00000000000000000000...]
Compiling architecture lut6_v of entity unisim.LUT6 [\LUT6(init="00001000010011001111...]
Compiling architecture lut6_v of entity unisim.LUT6 [\LUT6(init="00000000000000001000...]
Compiling architecture lut6_v of entity unisim.LUT6 [\LUT6(init="11001001011000110000...]
Compiling architecture lut4_v of entity unisim.LUT4 [\LUT4(init="0010011101110111")(0...]
Compiling architecture lut5_v of entity unisim.LUT5 [\LUT5(init="01011100010100110101...]
Compiling architecture lut6_v of entity unisim.LUT6 [\LUT6(init="10101100010111001010...]
Compiling architecture lut6_v of entity unisim.LUT6 [\LUT6(init="00001100010111011010...]
Compiling architecture lut6_v of entity unisim.LUT6 [\LUT6(init="11000011000000001000...]
Compiling architecture lut4_v of entity unisim.LUT4 [\LUT4(init="0101010111000000")(0...]
Compiling architecture fdre_v of entity unisim.FDRE [\FDRE(init='1')\]
Compiling architecture lut6_v of entity unisim.LUT6 [\LUT6(init="11111111111111110010...]
Compiling architecture lut6_v of entity unisim.LUT6 [\LUT6(init="00001001000010010000...]
Compiling architecture lut6_v of entity unisim.LUT6 [\LUT6(init="11111111111111110000...]
Compiling architecture lut3_v of entity unisim.LUT3 [\LUT3(init="10011010")(0,7)\]
Compiling architecture lut6_v of entity unisim.LUT6 [\LUT6(init="10101001101010101010...]
Compiling architecture lut5_v of entity unisim.LUT5 [\LUT5(init="01000100010101010100...]
Compiling architecture lut6_v of entity unisim.LUT6 [\LUT6(init="00010001000101110111...]
Compiling architecture lut6_v of entity unisim.LUT6 [\LUT6(init="11101110111110101110...]
Compiling architecture lut6_v of entity unisim.LUT6 [\LUT6(init="00010001000001010001...]
Compiling architecture lut6_v of entity unisim.LUT6 [\LUT6(init="10100000111010001011...]
Compiling architecture lut5_v of entity unisim.LUT5 [\LUT5(init="01000010101111011011...]
Compiling architecture lut6_v of entity unisim.LUT6 [\LUT6(init="01001101010001000100...]
Compiling architecture lut6_v of entity unisim.LUT6 [\LUT6(init="10101010101010101010...]
Compiling architecture lut3_v of entity unisim.LUT3 [\LUT3(init="10000001")(0,7)\]
Compiling architecture lut6_v of entity unisim.LUT6 [\LUT6(init="10100000101000001001...]
Compiling architecture lut5_v of entity unisim.LUT5 [\LUT5(init="11100001000000000000...]
Compiling architecture lut5_v of entity unisim.LUT5 [\LUT5(init="00100010000010100100...]
Compiling architecture lut4_v of entity unisim.LUT4 [\LUT4(init="1001001111001001")(0...]
Compiling architecture lut4_v of entity unisim.LUT4 [\LUT4(init="1000011111100001")(0...]
Compiling architecture lut4_v of entity unisim.LUT4 [\LUT4(init="1011010011100001")(0...]
Compiling architecture lut5_v of entity unisim.LUT5 [\LUT5(init="10101010101010100110...]
Compiling architecture lut6_v of entity unisim.LUT6 [\LUT6(init="10011010101010101010...]
Compiling architecture lut6_v of entity unisim.LUT6 [\LUT6(init="01010101010101010101...]
Compiling architecture lut6_v of entity unisim.LUT6 [\LUT6(init="10111010111111100010...]
Compiling architecture lut6_v of entity unisim.LUT6 [\LUT6(init="10110100111000010100...]
Compiling architecture lut5_v of entity unisim.LUT5 [\LUT5(init="10111010000000001111...]
Compiling architecture lut5_v of entity unisim.LUT5 [\LUT5(init="00101010101010101010...]
Compiling architecture lut5_v of entity unisim.LUT5 [\LUT5(init="01010101010101010101...]
Compiling architecture lut6_v of entity unisim.LUT6 [\LUT6(init="10101010101010101010...]
Compiling architecture lut6_v of entity unisim.LUT6 [\LUT6(init="10100000101000000110...]
Compiling architecture lut5_v of entity unisim.LUT5 [\LUT5(init="10110100000000000000...]
Compiling architecture lut6_v of entity unisim.LUT6 [\LUT6(init="10001000111011101000...]
Compiling architecture lut5_v of entity unisim.LUT5 [\LUT5(init="11110001111111100000...]
Compiling architecture lut6_v of entity unisim.LUT6 [\LUT6(init="11111111111111110000...]
Compiling architecture lut4_v of entity unisim.LUT4 [\LUT4(init="1111111111100100")(0...]
Compiling architecture lut4_v of entity unisim.LUT4 [\LUT4(init="0000000000011011")(0...]
Compiling architecture lut4_v of entity unisim.LUT4 [\LUT4(init="1000000000000000")(0...]
Compiling architecture lut6_v of entity unisim.LUT6 [\LUT6(init="10101010101010101010...]
Compiling architecture lut6_v of entity unisim.LUT6 [\LUT6(init="11111111111111111111...]
Compiling architecture lut6_v of entity unisim.LUT6 [\LUT6(init="11111111111111111110...]
Compiling architecture lut6_v of entity unisim.LUT6 [\LUT6(init="11111111111111110000...]
Compiling architecture lut6_v of entity unisim.LUT6 [\LUT6(init="00000000000000000000...]
Compiling architecture lut6_v of entity unisim.LUT6 [\LUT6(init="10000000000000000000...]
Compiling architecture lut6_v of entity unisim.LUT6 [\LUT6(init="00000000000000000000...]
Compiling architecture lut6_v of entity unisim.LUT6 [\LUT6(init="10110100111111110000...]
Compiling architecture lut4_v of entity unisim.LUT4 [\LUT4(init="0000111011101111")(0...]
Compiling architecture lut6_v of entity unisim.LUT6 [\LUT6(init="10101010101010101010...]
Compiling architecture lut4_v of entity unisim.LUT4 [\LUT4(init="1110000000000001")(0...]
Compiling architecture lut6_v of entity unisim.LUT6 [\LUT6(init="10101010000000000010...]
Compiling architecture lut6_v of entity unisim.LUT6 [\LUT6(init="11100000111011100000...]
Compiling architecture lut5_v of entity unisim.LUT5 [\LUT5(init="11110001000100000000...]
Compiling architecture lut6_v of entity unisim.LUT6 [\LUT6(init="10111011101101110010...]
Compiling architecture lut5_v of entity unisim.LUT5 [\LUT5(init="11001001100110011001...]
Compiling architecture lut5_v of entity unisim.LUT5 [\LUT5(init="11111110111100010000...]
Compiling architecture lut6_v of entity unisim.LUT6 [\LUT6(init="11110000111100001111...]
Compiling architecture lut6_v of entity unisim.LUT6 [\LUT6(init="11100001101101000001...]
Compiling architecture lut6_v of entity unisim.LUT6 [\LUT6(init="00001110111011111110...]
Compiling architecture lut6_v of entity unisim.LUT6 [\LUT6(init="11101110111000000000...]
Compiling architecture lut6_v of entity unisim.LUT6 [\LUT6(init="10101010111011110101...]
Compiling architecture lut6_v of entity unisim.LUT6 [\LUT6(init="01111111111111111111...]
Compiling architecture lut6_v of entity unisim.LUT6 [\LUT6(init="11111011101010101011...]
Compiling architecture lut6_v of entity unisim.LUT6 [\LUT6(init="10101001110011110101...]
Compiling architecture lut5_v of entity unisim.LUT5 [\LUT5(init="11110001000011100001...]
Compiling architecture lut6_v of entity unisim.LUT6 [\LUT6(init="00001110000011100000...]
Compiling architecture lut6_v of entity unisim.LUT6 [\LUT6(init="10101010101010101010...]
Compiling architecture lut6_v of entity unisim.LUT6 [\LUT6(init="10101010000000001010...]
Compiling architecture lut5_v of entity unisim.LUT5 [\LUT5(init="10101000000100000000...]
Compiling architecture lut5_v of entity unisim.LUT5 [\LUT5(init="11110001000000010000...]
Compiling architecture lut5_v of entity unisim.LUT5 [\LUT5(init="10101010101010101001...]
Compiling architecture lut6_v of entity unisim.LUT6 [\LUT6(init="10110100111000011011...]
Compiling architecture lut5_v of entity unisim.LUT5 [\LUT5(init="11111010111110101110...]
Compiling architecture lut6_v of entity unisim.LUT6 [\LUT6(init="11111111111111111111...]
Compiling architecture lut6_v of entity unisim.LUT6 [\LUT6(init="00000000000000000000...]
Compiling architecture lut6_v of entity unisim.LUT6 [\LUT6(init="11111111111111111111...]
Compiling architecture lut6_v of entity unisim.LUT6 [\LUT6(init="11111111111111111111...]
Compiling architecture lut6_v of entity unisim.LUT6 [\LUT6(init="10101010101010101010...]
Compiling architecture lut6_v of entity unisim.LUT6 [\LUT6(init="11111111111111111111...]
Compiling architecture lut6_v of entity unisim.LUT6 [\LUT6(init="01000000000000000000...]
Compiling architecture lut6_v of entity unisim.LUT6 [\LUT6(init="00000000000000001001...]
Compiling architecture lut6_v of entity unisim.LUT6 [\LUT6(init="11101111111111111111...]
Compiling architecture lut6_v of entity unisim.LUT6 [\LUT6(init="11111111111111111111...]
Compiling architecture lut3_v of entity unisim.LUT3 [\LUT3(init="01111110")(0,7)\]
Compiling architecture lut6_v of entity unisim.LUT6 [\LUT6(init="10100101101001011001...]
Compiling architecture lut6_v of entity unisim.LUT6 [\LUT6(init="00000010000000100000...]
Compiling architecture lut3_v of entity unisim.LUT3 [\LUT3(init="01101010")(0,7)\]
Compiling architecture lut6_v of entity unisim.LUT6 [\LUT6(init="00000000000110110001...]
Compiling architecture lut6_v of entity unisim.LUT6 [\LUT6(init="11101010111111100001...]
Compiling architecture lut5_v of entity unisim.LUT5 [\LUT5(init="00000000111000010100...]
Compiling architecture lut6_v of entity unisim.LUT6 [\LUT6(init="00000000000000001101...]
Compiling architecture lut4_v of entity unisim.LUT4 [\LUT4(init="1110011001111111")(0...]
Compiling architecture lut5_v of entity unisim.LUT5 [\LUT5(init="01100110011010011001...]
Compiling architecture lut5_v of entity unisim.LUT5 [\LUT5(init="01101001011010011010...]
Compiling architecture lut6_v of entity unisim.LUT6 [\LUT6(init="00011110100001111110...]
Compiling architecture lut5_v of entity unisim.LUT5 [\LUT5(init="00000011001010110010...]
Compiling architecture lut2_v of entity unisim.LUT2 [\LUT2(init="1101")(0,3)\]
Compiling architecture lut4_v of entity unisim.LUT4 [\LUT4(init="1110000110110100")(0...]
Compiling architecture structure of entity xil_defaultlib.project_reti_logiche [project_reti_logiche_default]
Compiling architecture projecttb of entity xil_defaultlib.project_tb
Built simulation snapshot project_tb_func_synth
