Vivado Simulator 2017.4
Time resolution is 1 ps
Note: stato: LETTURA_BYTE indirizzo:
Time: 202500 ps  Iteration: 1  Process: /project_tb/UUT/line__47  File: C:/Progetto_Reti_Logiche/project_reti_logiche/project_reti_logiche.srcs/sources_1/new/project_reti_logiche.vhd
Note: 2
Time: 202500 ps  Iteration: 1  Process: /project_tb/UUT/line__47  File: C:/Progetto_Reti_Logiche/project_reti_logiche/project_reti_logiche.srcs/sources_1/new/project_reti_logiche.vhd
Note: stato: LETTURA_BYTE indirizzo:
Time: 247500 ps  Iteration: 1  Process: /project_tb/UUT/line__47  File: C:/Progetto_Reti_Logiche/project_reti_logiche/project_reti_logiche.srcs/sources_1/new/project_reti_logiche.vhd
Note: 3
Time: 247500 ps  Iteration: 1  Process: /project_tb/UUT/line__47  File: C:/Progetto_Reti_Logiche/project_reti_logiche/project_reti_logiche.srcs/sources_1/new/project_reti_logiche.vhd
Note: stato: LETTURA_BYTE indirizzo:
Time: 292500 ps  Iteration: 1  Process: /project_tb/UUT/line__47  File: C:/Progetto_Reti_Logiche/project_reti_logiche/project_reti_logiche.srcs/sources_1/new/project_reti_logiche.vhd
Note: 4
Time: 292500 ps  Iteration: 1  Process: /project_tb/UUT/line__47  File: C:/Progetto_Reti_Logiche/project_reti_logiche/project_reti_logiche.srcs/sources_1/new/project_reti_logiche.vhd
Note: stato: LETTURA_BYTE indirizzo:
Time: 337500 ps  Iteration: 1  Process: /project_tb/UUT/line__47  File: C:/Progetto_Reti_Logiche/project_reti_logiche/project_reti_logiche.srcs/sources_1/new/project_reti_logiche.vhd
Note: 5
Time: 337500 ps  Iteration: 1  Process: /project_tb/UUT/line__47  File: C:/Progetto_Reti_Logiche/project_reti_logiche/project_reti_logiche.srcs/sources_1/new/project_reti_logiche.vhd
Note: stato: LETTURA_BYTE indirizzo:
Time: 427500 ps  Iteration: 1  Process: /project_tb/UUT/line__47  File: C:/Progetto_Reti_Logiche/project_reti_logiche/project_reti_logiche.srcs/sources_1/new/project_reti_logiche.vhd
Note: 6
Time: 427500 ps  Iteration: 1  Process: /project_tb/UUT/line__47  File: C:/Progetto_Reti_Logiche/project_reti_logiche/project_reti_logiche.srcs/sources_1/new/project_reti_logiche.vhd
Note: stato: LETTURA_BYTE indirizzo:
Time: 517500 ps  Iteration: 1  Process: /project_tb/UUT/line__47  File: C:/Progetto_Reti_Logiche/project_reti_logiche/project_reti_logiche.srcs/sources_1/new/project_reti_logiche.vhd
Note: 7
Time: 517500 ps  Iteration: 1  Process: /project_tb/UUT/line__47  File: C:/Progetto_Reti_Logiche/project_reti_logiche/project_reti_logiche.srcs/sources_1/new/project_reti_logiche.vhd
Note: stato: LETTURA_BYTE indirizzo:
Time: 607500 ps  Iteration: 1  Process: /project_tb/UUT/line__47  File: C:/Progetto_Reti_Logiche/project_reti_logiche/project_reti_logiche.srcs/sources_1/new/project_reti_logiche.vhd
Note: 8
Time: 607500 ps  Iteration: 1  Process: /project_tb/UUT/line__47  File: C:/Progetto_Reti_Logiche/project_reti_logiche/project_reti_logiche.srcs/sources_1/new/project_reti_logiche.vhd
Note: stato: LETTURA_BYTE indirizzo:
Time: 697500 ps  Iteration: 1  Process: /project_tb/UUT/line__47  File: C:/Progetto_Reti_Logiche/project_reti_logiche/project_reti_logiche.srcs/sources_1/new/project_reti_logiche.vhd
Note: 9
Time: 697500 ps  Iteration: 1  Process: /project_tb/UUT/line__47  File: C:/Progetto_Reti_Logiche/project_reti_logiche/project_reti_logiche.srcs/sources_1/new/project_reti_logiche.vhd
Note: stato: LETTURA_BYTE indirizzo:
Time: 787500 ps  Iteration: 1  Process: /project_tb/UUT/line__47  File: C:/Progetto_Reti_Logiche/project_reti_logiche/project_reti_logiche.srcs/sources_1/new/project_reti_logiche.vhd
Note: 10
Time: 787500 ps  Iteration: 1  Process: /project_tb/UUT/line__47  File: C:/Progetto_Reti_Logiche/project_reti_logiche/project_reti_logiche.srcs/sources_1/new/project_reti_logiche.vhd
Note: stato: LETTURA_BYTE indirizzo:
Time: 877500 ps  Iteration: 1  Process: /project_tb/UUT/line__47  File: C:/Progetto_Reti_Logiche/project_reti_logiche/project_reti_logiche.srcs/sources_1/new/project_reti_logiche.vhd
Note: 11
Time: 877500 ps  Iteration: 1  Process: /project_tb/UUT/line__47  File: C:/Progetto_Reti_Logiche/project_reti_logiche/project_reti_logiche.srcs/sources_1/new/project_reti_logiche.vhd
Note: stato: LETTURA_BYTE indirizzo:
Time: 967500 ps  Iteration: 1  Process: /project_tb/UUT/line__47  File: C:/Progetto_Reti_Logiche/project_reti_logiche/project_reti_logiche.srcs/sources_1/new/project_reti_logiche.vhd
Note: 12
Time: 967500 ps  Iteration: 1  Process: /project_tb/UUT/line__47  File: C:/Progetto_Reti_Logiche/project_reti_logiche/project_reti_logiche.srcs/sources_1/new/project_reti_logiche.vhd
Note: stato: LETTURA_BYTE indirizzo:
Time: 1057500 ps  Iteration: 1  Process: /project_tb/UUT/line__47  File: C:/Progetto_Reti_Logiche/project_reti_logiche/project_reti_logiche.srcs/sources_1/new/project_reti_logiche.vhd
Note: 13
Time: 1057500 ps  Iteration: 1  Process: /project_tb/UUT/line__47  File: C:/Progetto_Reti_Logiche/project_reti_logiche/project_reti_logiche.srcs/sources_1/new/project_reti_logiche.vhd
Note: stato: LETTURA_BYTE indirizzo:
Time: 1147500 ps  Iteration: 1  Process: /project_tb/UUT/line__47  File: C:/Progetto_Reti_Logiche/project_reti_logiche/project_reti_logiche.srcs/sources_1/new/project_reti_logiche.vhd
Note: 14
Time: 1147500 ps  Iteration: 1  Process: /project_tb/UUT/line__47  File: C:/Progetto_Reti_Logiche/project_reti_logiche/project_reti_logiche.srcs/sources_1/new/project_reti_logiche.vhd
Note: stato: LETTURA_BYTE indirizzo:
Time: 1237500 ps  Iteration: 1  Process: /project_tb/UUT/line__47  File: C:/Progetto_Reti_Logiche/project_reti_logiche/project_reti_logiche.srcs/sources_1/new/project_reti_logiche.vhd
Note: 15
Time: 1237500 ps  Iteration: 1  Process: /project_tb/UUT/line__47  File: C:/Progetto_Reti_Logiche/project_reti_logiche/project_reti_logiche.srcs/sources_1/new/project_reti_logiche.vhd
Note: stato: LETTURA_BYTE indirizzo:
Time: 1327500 ps  Iteration: 1  Process: /project_tb/UUT/line__47  File: C:/Progetto_Reti_Logiche/project_reti_logiche/project_reti_logiche.srcs/sources_1/new/project_reti_logiche.vhd
Note: 16
Time: 1327500 ps  Iteration: 1  Process: /project_tb/UUT/line__47  File: C:/Progetto_Reti_Logiche/project_reti_logiche/project_reti_logiche.srcs/sources_1/new/project_reti_logiche.vhd
Note: stato: LETTURA_BYTE indirizzo:
Time: 1417500 ps  Iteration: 1  Process: /project_tb/UUT/line__47  File: C:/Progetto_Reti_Logiche/project_reti_logiche/project_reti_logiche.srcs/sources_1/new/project_reti_logiche.vhd
Note: 17
Time: 1417500 ps  Iteration: 1  Process: /project_tb/UUT/line__47  File: C:/Progetto_Reti_Logiche/project_reti_logiche/project_reti_logiche.srcs/sources_1/new/project_reti_logiche.vhd
Note: stato: LETTURA_BYTE indirizzo:
Time: 1507500 ps  Iteration: 1  Process: /project_tb/UUT/line__47  File: C:/Progetto_Reti_Logiche/project_reti_logiche/project_reti_logiche.srcs/sources_1/new/project_reti_logiche.vhd
Note: 18
Time: 1507500 ps  Iteration: 1  Process: /project_tb/UUT/line__47  File: C:/Progetto_Reti_Logiche/project_reti_logiche/project_reti_logiche.srcs/sources_1/new/project_reti_logiche.vhd
Note: stato: LETTURA_BYTE indirizzo:
Time: 1597500 ps  Iteration: 1  Process: /project_tb/UUT/line__47  File: C:/Progetto_Reti_Logiche/project_reti_logiche/project_reti_logiche.srcs/sources_1/new/project_reti_logiche.vhd
Note: 19
Time: 1597500 ps  Iteration: 1  Process: /project_tb/UUT/line__47  File: C:/Progetto_Reti_Logiche/project_reti_logiche/project_reti_logiche.srcs/sources_1/new/project_reti_logiche.vhd
Note: stato: LETTURA_BYTE indirizzo:
Time: 1687500 ps  Iteration: 1  Process: /project_tb/UUT/line__47  File: C:/Progetto_Reti_Logiche/project_reti_logiche/project_reti_logiche.srcs/sources_1/new/project_reti_logiche.vhd
Note: 20
Time: 1687500 ps  Iteration: 1  Process: /project_tb/UUT/line__47  File: C:/Progetto_Reti_Logiche/project_reti_logiche/project_reti_logiche.srcs/sources_1/new/project_reti_logiche.vhd
Note: stato: LETTURA_BYTE indirizzo:
Time: 1777500 ps  Iteration: 1  Process: /project_tb/UUT/line__47  File: C:/Progetto_Reti_Logiche/project_reti_logiche/project_reti_logiche.srcs/sources_1/new/project_reti_logiche.vhd
Note: 21
Time: 1777500 ps  Iteration: 1  Process: /project_tb/UUT/line__47  File: C:/Progetto_Reti_Logiche/project_reti_logiche/project_reti_logiche.srcs/sources_1/new/project_reti_logiche.vhd
Note: stato: LETTURA_BYTE indirizzo:
Time: 1867500 ps  Iteration: 1  Process: /project_tb/UUT/line__47  File: C:/Progetto_Reti_Logiche/project_reti_logiche/project_reti_logiche.srcs/sources_1/new/project_reti_logiche.vhd
Note: 22
Time: 1867500 ps  Iteration: 1  Process: /project_tb/UUT/line__47  File: C:/Progetto_Reti_Logiche/project_reti_logiche/project_reti_logiche.srcs/sources_1/new/project_reti_logiche.vhd
Note: stato: LETTURA_BYTE indirizzo:
Time: 1957500 ps  Iteration: 1  Process: /project_tb/UUT/line__47  File: C:/Progetto_Reti_Logiche/project_reti_logiche/project_reti_logiche.srcs/sources_1/new/project_reti_logiche.vhd
Note: 23
Time: 1957500 ps  Iteration: 1  Process: /project_tb/UUT/line__47  File: C:/Progetto_Reti_Logiche/project_reti_logiche/project_reti_logiche.srcs/sources_1/new/project_reti_logiche.vhd
Note: stato: LETTURA_BYTE indirizzo:
Time: 2047500 ps  Iteration: 1  Process: /project_tb/UUT/line__47  File: C:/Progetto_Reti_Logiche/project_reti_logiche/project_reti_logiche.srcs/sources_1/new/project_reti_logiche.vhd
Note: 24
Time: 2047500 ps  Iteration: 1  Process: /project_tb/UUT/line__47  File: C:/Progetto_Reti_Logiche/project_reti_logiche/project_reti_logiche.srcs/sources_1/new/project_reti_logiche.vhd
Note: stato: LETTURA_BYTE indirizzo:
Time: 2137500 ps  Iteration: 1  Process: /project_tb/UUT/line__47  File: C:/Progetto_Reti_Logiche/project_reti_logiche/project_reti_logiche.srcs/sources_1/new/project_reti_logiche.vhd
Note: 25
Time: 2137500 ps  Iteration: 1  Process: /project_tb/UUT/line__47  File: C:/Progetto_Reti_Logiche/project_reti_logiche/project_reti_logiche.srcs/sources_1/new/project_reti_logiche.vhd
Note: stato: LETTURA_BYTE indirizzo:
Time: 2227500 ps  Iteration: 1  Process: /project_tb/UUT/line__47  File: C:/Progetto_Reti_Logiche/project_reti_logiche/project_reti_logiche.srcs/sources_1/new/project_reti_logiche.vhd
Note: 26
Time: 2227500 ps  Iteration: 1  Process: /project_tb/UUT/line__47  File: C:/Progetto_Reti_Logiche/project_reti_logiche/project_reti_logiche.srcs/sources_1/new/project_reti_logiche.vhd
Note: stato: LETTURA_BYTE indirizzo:
Time: 2317500 ps  Iteration: 1  Process: /project_tb/UUT/line__47  File: C:/Progetto_Reti_Logiche/project_reti_logiche/project_reti_logiche.srcs/sources_1/new/project_reti_logiche.vhd
Note: 27
Time: 2317500 ps  Iteration: 1  Process: /project_tb/UUT/line__47  File: C:/Progetto_Reti_Logiche/project_reti_logiche/project_reti_logiche.srcs/sources_1/new/project_reti_logiche.vhd
Note: stato: LETTURA_BYTE indirizzo:
Time: 2407500 ps  Iteration: 1  Process: /project_tb/UUT/line__47  File: C:/Progetto_Reti_Logiche/project_reti_logiche/project_reti_logiche.srcs/sources_1/new/project_reti_logiche.vhd
Note: 28
Time: 2407500 ps  Iteration: 1  Process: /project_tb/UUT/line__47  File: C:/Progetto_Reti_Logiche/project_reti_logiche/project_reti_logiche.srcs/sources_1/new/project_reti_logiche.vhd
Note: stato: LETTURA_BYTE indirizzo:
Time: 2497500 ps  Iteration: 1  Process: /project_tb/UUT/line__47  File: C:/Progetto_Reti_Logiche/project_reti_logiche/project_reti_logiche.srcs/sources_1/new/project_reti_logiche.vhd
Note: 29
Time: 2497500 ps  Iteration: 1  Process: /project_tb/UUT/line__47  File: C:/Progetto_Reti_Logiche/project_reti_logiche/project_reti_logiche.srcs/sources_1/new/project_reti_logiche.vhd
Note: stato: LETTURA_BYTE indirizzo:
Time: 2587500 ps  Iteration: 1  Process: /project_tb/UUT/line__47  File: C:/Progetto_Reti_Logiche/project_reti_logiche/project_reti_logiche.srcs/sources_1/new/project_reti_logiche.vhd
Note: 30
Time: 2587500 ps  Iteration: 1  Process: /project_tb/UUT/line__47  File: C:/Progetto_Reti_Logiche/project_reti_logiche/project_reti_logiche.srcs/sources_1/new/project_reti_logiche.vhd
Note: stato: LETTURA_BYTE indirizzo:
Time: 2677500 ps  Iteration: 1  Process: /project_tb/UUT/line__47  File: C:/Progetto_Reti_Logiche/project_reti_logiche/project_reti_logiche.srcs/sources_1/new/project_reti_logiche.vhd
Note: 31
Time: 2677500 ps  Iteration: 1  Process: /project_tb/UUT/line__47  File: C:/Progetto_Reti_Logiche/project_reti_logiche/project_reti_logiche.srcs/sources_1/new/project_reti_logiche.vhd
Note: stato: LETTURA_BYTE indirizzo:
Time: 2767500 ps  Iteration: 1  Process: /project_tb/UUT/line__47  File: C:/Progetto_Reti_Logiche/project_reti_logiche/project_reti_logiche.srcs/sources_1/new/project_reti_logiche.vhd
Note: 32
Time: 2767500 ps  Iteration: 1  Process: /project_tb/UUT/line__47  File: C:/Progetto_Reti_Logiche/project_reti_logiche/project_reti_logiche.srcs/sources_1/new/project_reti_logiche.vhd
Note: stato: LETTURA_BYTE indirizzo:
Time: 2857500 ps  Iteration: 1  Process: /project_tb/UUT/line__47  File: C:/Progetto_Reti_Logiche/project_reti_logiche/project_reti_logiche.srcs/sources_1/new/project_reti_logiche.vhd
Note: 33
Time: 2857500 ps  Iteration: 1  Process: /project_tb/UUT/line__47  File: C:/Progetto_Reti_Logiche/project_reti_logiche/project_reti_logiche.srcs/sources_1/new/project_reti_logiche.vhd
Note: stato: LETTURA_BYTE indirizzo:
Time: 2947500 ps  Iteration: 1  Process: /project_tb/UUT/line__47  File: C:/Progetto_Reti_Logiche/project_reti_logiche/project_reti_logiche.srcs/sources_1/new/project_reti_logiche.vhd
Note: 34
Time: 2947500 ps  Iteration: 1  Process: /project_tb/UUT/line__47  File: C:/Progetto_Reti_Logiche/project_reti_logiche/project_reti_logiche.srcs/sources_1/new/project_reti_logiche.vhd
Note: stato: LETTURA_BYTE indirizzo:
Time: 3037500 ps  Iteration: 1  Process: /project_tb/UUT/line__47  File: C:/Progetto_Reti_Logiche/project_reti_logiche/project_reti_logiche.srcs/sources_1/new/project_reti_logiche.vhd
Note: 35
Time: 3037500 ps  Iteration: 1  Process: /project_tb/UUT/line__47  File: C:/Progetto_Reti_Logiche/project_reti_logiche/project_reti_logiche.srcs/sources_1/new/project_reti_logiche.vhd
Note: stato: LETTURA_BYTE indirizzo:
Time: 3127500 ps  Iteration: 1  Process: /project_tb/UUT/line__47  File: C:/Progetto_Reti_Logiche/project_reti_logiche/project_reti_logiche.srcs/sources_1/new/project_reti_logiche.vhd
Note: 36
Time: 3127500 ps  Iteration: 1  Process: /project_tb/UUT/line__47  File: C:/Progetto_Reti_Logiche/project_reti_logiche/project_reti_logiche.srcs/sources_1/new/project_reti_logiche.vhd
Note: stato: LETTURA_BYTE indirizzo:
Time: 3217500 ps  Iteration: 1  Process: /project_tb/UUT/line__47  File: C:/Progetto_Reti_Logiche/project_reti_logiche/project_reti_logiche.srcs/sources_1/new/project_reti_logiche.vhd
Note: 37
Time: 3217500 ps  Iteration: 1  Process: /project_tb/UUT/line__47  File: C:/Progetto_Reti_Logiche/project_reti_logiche/project_reti_logiche.srcs/sources_1/new/project_reti_logiche.vhd
Note: stato: LETTURA_BYTE indirizzo:
Time: 3307500 ps  Iteration: 1  Process: /project_tb/UUT/line__47  File: C:/Progetto_Reti_Logiche/project_reti_logiche/project_reti_logiche.srcs/sources_1/new/project_reti_logiche.vhd
Note: 38
Time: 3307500 ps  Iteration: 1  Process: /project_tb/UUT/line__47  File: C:/Progetto_Reti_Logiche/project_reti_logiche/project_reti_logiche.srcs/sources_1/new/project_reti_logiche.vhd
Note: stato: LETTURA_BYTE indirizzo:
Time: 3397500 ps  Iteration: 1  Process: /project_tb/UUT/line__47  File: C:/Progetto_Reti_Logiche/project_reti_logiche/project_reti_logiche.srcs/sources_1/new/project_reti_logiche.vhd
Note: 39
Time: 3397500 ps  Iteration: 1  Process: /project_tb/UUT/line__47  File: C:/Progetto_Reti_Logiche/project_reti_logiche/project_reti_logiche.srcs/sources_1/new/project_reti_logiche.vhd
Note: stato: LETTURA_BYTE indirizzo:
Time: 3487500 ps  Iteration: 1  Process: /project_tb/UUT/line__47  File: C:/Progetto_Reti_Logiche/project_reti_logiche/project_reti_logiche.srcs/sources_1/new/project_reti_logiche.vhd
Note: 40
Time: 3487500 ps  Iteration: 1  Process: /project_tb/UUT/line__47  File: C:/Progetto_Reti_Logiche/project_reti_logiche/project_reti_logiche.srcs/sources_1/new/project_reti_logiche.vhd
Note: stato: LETTURA_BYTE indirizzo:
Time: 3577500 ps  Iteration: 1  Process: /project_tb/UUT/line__47  File: C:/Progetto_Reti_Logiche/project_reti_logiche/project_reti_logiche.srcs/sources_1/new/project_reti_logiche.vhd
Note: 41
Time: 3577500 ps  Iteration: 1  Process: /project_tb/UUT/line__47  File: C:/Progetto_Reti_Logiche/project_reti_logiche/project_reti_logiche.srcs/sources_1/new/project_reti_logiche.vhd
Note: stato: LETTURA_BYTE indirizzo:
Time: 3667500 ps  Iteration: 1  Process: /project_tb/UUT/line__47  File: C:/Progetto_Reti_Logiche/project_reti_logiche/project_reti_logiche.srcs/sources_1/new/project_reti_logiche.vhd
Note: 42
Time: 3667500 ps  Iteration: 1  Process: /project_tb/UUT/line__47  File: C:/Progetto_Reti_Logiche/project_reti_logiche/project_reti_logiche.srcs/sources_1/new/project_reti_logiche.vhd
Note: stato: LETTURA_BYTE indirizzo:
Time: 3757500 ps  Iteration: 1  Process: /project_tb/UUT/line__47  File: C:/Progetto_Reti_Logiche/project_reti_logiche/project_reti_logiche.srcs/sources_1/new/project_reti_logiche.vhd
Note: 43
Time: 3757500 ps  Iteration: 1  Process: /project_tb/UUT/line__47  File: C:/Progetto_Reti_Logiche/project_reti_logiche/project_reti_logiche.srcs/sources_1/new/project_reti_logiche.vhd
Note: stato: LETTURA_BYTE indirizzo:
Time: 3847500 ps  Iteration: 1  Process: /project_tb/UUT/line__47  File: C:/Progetto_Reti_Logiche/project_reti_logiche/project_reti_logiche.srcs/sources_1/new/project_reti_logiche.vhd
Note: 44
Time: 3847500 ps  Iteration: 1  Process: /project_tb/UUT/line__47  File: C:/Progetto_Reti_Logiche/project_reti_logiche/project_reti_logiche.srcs/sources_1/new/project_reti_logiche.vhd
Note: stato: LETTURA_BYTE indirizzo:
Time: 3937500 ps  Iteration: 1  Process: /project_tb/UUT/line__47  File: C:/Progetto_Reti_Logiche/project_reti_logiche/project_reti_logiche.srcs/sources_1/new/project_reti_logiche.vhd
Note: 45
Time: 3937500 ps  Iteration: 1  Process: /project_tb/UUT/line__47  File: C:/Progetto_Reti_Logiche/project_reti_logiche/project_reti_logiche.srcs/sources_1/new/project_reti_logiche.vhd
Note: stato: LETTURA_BYTE indirizzo:
Time: 4027500 ps  Iteration: 1  Process: /project_tb/UUT/line__47  File: C:/Progetto_Reti_Logiche/project_reti_logiche/project_reti_logiche.srcs/sources_1/new/project_reti_logiche.vhd
Note: 46
Time: 4027500 ps  Iteration: 1  Process: /project_tb/UUT/line__47  File: C:/Progetto_Reti_Logiche/project_reti_logiche/project_reti_logiche.srcs/sources_1/new/project_reti_logiche.vhd
Note: stato: LETTURA_BYTE indirizzo:
Time: 4117500 ps  Iteration: 1  Process: /project_tb/UUT/line__47  File: C:/Progetto_Reti_Logiche/project_reti_logiche/project_reti_logiche.srcs/sources_1/new/project_reti_logiche.vhd
Note: 47
Time: 4117500 ps  Iteration: 1  Process: /project_tb/UUT/line__47  File: C:/Progetto_Reti_Logiche/project_reti_logiche/project_reti_logiche.srcs/sources_1/new/project_reti_logiche.vhd
Note: stato: LETTURA_BYTE indirizzo:
Time: 4207500 ps  Iteration: 1  Process: /project_tb/UUT/line__47  File: C:/Progetto_Reti_Logiche/project_reti_logiche/project_reti_logiche.srcs/sources_1/new/project_reti_logiche.vhd
Note: 48
Time: 4207500 ps  Iteration: 1  Process: /project_tb/UUT/line__47  File: C:/Progetto_Reti_Logiche/project_reti_logiche/project_reti_logiche.srcs/sources_1/new/project_reti_logiche.vhd
Note: stato: LETTURA_BYTE indirizzo:
Time: 4297500 ps  Iteration: 1  Process: /project_tb/UUT/line__47  File: C:/Progetto_Reti_Logiche/project_reti_logiche/project_reti_logiche.srcs/sources_1/new/project_reti_logiche.vhd
Note: 49
Time: 4297500 ps  Iteration: 1  Process: /project_tb/UUT/line__47  File: C:/Progetto_Reti_Logiche/project_reti_logiche/project_reti_logiche.srcs/sources_1/new/project_reti_logiche.vhd
Note: stato: LETTURA_BYTE indirizzo:
Time: 4387500 ps  Iteration: 1  Process: /project_tb/UUT/line__47  File: C:/Progetto_Reti_Logiche/project_reti_logiche/project_reti_logiche.srcs/sources_1/new/project_reti_logiche.vhd
Note: 50
Time: 4387500 ps  Iteration: 1  Process: /project_tb/UUT/line__47  File: C:/Progetto_Reti_Logiche/project_reti_logiche/project_reti_logiche.srcs/sources_1/new/project_reti_logiche.vhd
Note: stato: LETTURA_BYTE indirizzo:
Time: 4477500 ps  Iteration: 1  Process: /project_tb/UUT/line__47  File: C:/Progetto_Reti_Logiche/project_reti_logiche/project_reti_logiche.srcs/sources_1/new/project_reti_logiche.vhd
Note: 51
Time: 4477500 ps  Iteration: 1  Process: /project_tb/UUT/line__47  File: C:/Progetto_Reti_Logiche/project_reti_logiche/project_reti_logiche.srcs/sources_1/new/project_reti_logiche.vhd
Note: stato: LETTURA_BYTE indirizzo:
Time: 4567500 ps  Iteration: 1  Process: /project_tb/UUT/line__47  File: C:/Progetto_Reti_Logiche/project_reti_logiche/project_reti_logiche.srcs/sources_1/new/project_reti_logiche.vhd
Note: 52
Time: 4567500 ps  Iteration: 1  Process: /project_tb/UUT/line__47  File: C:/Progetto_Reti_Logiche/project_reti_logiche/project_reti_logiche.srcs/sources_1/new/project_reti_logiche.vhd
Note: stato: LETTURA_BYTE indirizzo:
Time: 4657500 ps  Iteration: 1  Process: /project_tb/UUT/line__47  File: C:/Progetto_Reti_Logiche/project_reti_logiche/project_reti_logiche.srcs/sources_1/new/project_reti_logiche.vhd
Note: 53
Time: 4657500 ps  Iteration: 1  Process: /project_tb/UUT/line__47  File: C:/Progetto_Reti_Logiche/project_reti_logiche/project_reti_logiche.srcs/sources_1/new/project_reti_logiche.vhd
Note: stato: LETTURA_BYTE indirizzo:
Time: 4747500 ps  Iteration: 1  Process: /project_tb/UUT/line__47  File: C:/Progetto_Reti_Logiche/project_reti_logiche/project_reti_logiche.srcs/sources_1/new/project_reti_logiche.vhd
Note: 54
Time: 4747500 ps  Iteration: 1  Process: /project_tb/UUT/line__47  File: C:/Progetto_Reti_Logiche/project_reti_logiche/project_reti_logiche.srcs/sources_1/new/project_reti_logiche.vhd
Note: stato: LETTURA_BYTE indirizzo:
Time: 4837500 ps  Iteration: 1  Process: /project_tb/UUT/line__47  File: C:/Progetto_Reti_Logiche/project_reti_logiche/project_reti_logiche.srcs/sources_1/new/project_reti_logiche.vhd
Note: 55
Time: 4837500 ps  Iteration: 1  Process: /project_tb/UUT/line__47  File: C:/Progetto_Reti_Logiche/project_reti_logiche/project_reti_logiche.srcs/sources_1/new/project_reti_logiche.vhd
Note: stato: LETTURA_BYTE indirizzo:
Time: 4927500 ps  Iteration: 1  Process: /project_tb/UUT/line__47  File: C:/Progetto_Reti_Logiche/project_reti_logiche/project_reti_logiche.srcs/sources_1/new/project_reti_logiche.vhd
Note: 56
Time: 4927500 ps  Iteration: 1  Process: /project_tb/UUT/line__47  File: C:/Progetto_Reti_Logiche/project_reti_logiche/project_reti_logiche.srcs/sources_1/new/project_reti_logiche.vhd
Note: stato: LETTURA_BYTE indirizzo:
Time: 5017500 ps  Iteration: 1  Process: /project_tb/UUT/line__47  File: C:/Progetto_Reti_Logiche/project_reti_logiche/project_reti_logiche.srcs/sources_1/new/project_reti_logiche.vhd
Note: 57
Time: 5017500 ps  Iteration: 1  Process: /project_tb/UUT/line__47  File: C:/Progetto_Reti_Logiche/project_reti_logiche/project_reti_logiche.srcs/sources_1/new/project_reti_logiche.vhd
Note: stato: LETTURA_BYTE indirizzo:
Time: 5107500 ps  Iteration: 1  Process: /project_tb/UUT/line__47  File: C:/Progetto_Reti_Logiche/project_reti_logiche/project_reti_logiche.srcs/sources_1/new/project_reti_logiche.vhd
Note: 58
Time: 5107500 ps  Iteration: 1  Process: /project_tb/UUT/line__47  File: C:/Progetto_Reti_Logiche/project_reti_logiche/project_reti_logiche.srcs/sources_1/new/project_reti_logiche.vhd
Note: stato: LETTURA_BYTE indirizzo:
Time: 5197500 ps  Iteration: 1  Process: /project_tb/UUT/line__47  File: C:/Progetto_Reti_Logiche/project_reti_logiche/project_reti_logiche.srcs/sources_1/new/project_reti_logiche.vhd
Note: 59
Time: 5197500 ps  Iteration: 1  Process: /project_tb/UUT/line__47  File: C:/Progetto_Reti_Logiche/project_reti_logiche/project_reti_logiche.srcs/sources_1/new/project_reti_logiche.vhd
Note: stato: LETTURA_BYTE indirizzo:
Time: 5287500 ps  Iteration: 1  Process: /project_tb/UUT/line__47  File: C:/Progetto_Reti_Logiche/project_reti_logiche/project_reti_logiche.srcs/sources_1/new/project_reti_logiche.vhd
Note: 60
Time: 5287500 ps  Iteration: 1  Process: /project_tb/UUT/line__47  File: C:/Progetto_Reti_Logiche/project_reti_logiche/project_reti_logiche.srcs/sources_1/new/project_reti_logiche.vhd
Note: stato: LETTURA_BYTE indirizzo:
Time: 5377500 ps  Iteration: 1  Process: /project_tb/UUT/line__47  File: C:/Progetto_Reti_Logiche/project_reti_logiche/project_reti_logiche.srcs/sources_1/new/project_reti_logiche.vhd
Note: 61
Time: 5377500 ps  Iteration: 1  Process: /project_tb/UUT/line__47  File: C:/Progetto_Reti_Logiche/project_reti_logiche/project_reti_logiche.srcs/sources_1/new/project_reti_logiche.vhd
Note: stato: LETTURA_BYTE indirizzo:
Time: 5467500 ps  Iteration: 1  Process: /project_tb/UUT/line__47  File: C:/Progetto_Reti_Logiche/project_reti_logiche/project_reti_logiche.srcs/sources_1/new/project_reti_logiche.vhd
Note: 62
Time: 5467500 ps  Iteration: 1  Process: /project_tb/UUT/line__47  File: C:/Progetto_Reti_Logiche/project_reti_logiche/project_reti_logiche.srcs/sources_1/new/project_reti_logiche.vhd
Note: stato: LETTURA_BYTE indirizzo:
Time: 5557500 ps  Iteration: 1  Process: /project_tb/UUT/line__47  File: C:/Progetto_Reti_Logiche/project_reti_logiche/project_reti_logiche.srcs/sources_1/new/project_reti_logiche.vhd
Note: 63
Time: 5557500 ps  Iteration: 1  Process: /project_tb/UUT/line__47  File: C:/Progetto_Reti_Logiche/project_reti_logiche/project_reti_logiche.srcs/sources_1/new/project_reti_logiche.vhd
Note: stato: LETTURA_BYTE indirizzo:
Time: 5647500 ps  Iteration: 1  Process: /project_tb/UUT/line__47  File: C:/Progetto_Reti_Logiche/project_reti_logiche/project_reti_logiche.srcs/sources_1/new/project_reti_logiche.vhd
Note: 64
Time: 5647500 ps  Iteration: 1  Process: /project_tb/UUT/line__47  File: C:/Progetto_Reti_Logiche/project_reti_logiche/project_reti_logiche.srcs/sources_1/new/project_reti_logiche.vhd
Note: stato: LETTURA_BYTE indirizzo:
Time: 5737500 ps  Iteration: 1  Process: /project_tb/UUT/line__47  File: C:/Progetto_Reti_Logiche/project_reti_logiche/project_reti_logiche.srcs/sources_1/new/project_reti_logiche.vhd
Note: 65
Time: 5737500 ps  Iteration: 1  Process: /project_tb/UUT/line__47  File: C:/Progetto_Reti_Logiche/project_reti_logiche/project_reti_logiche.srcs/sources_1/new/project_reti_logiche.vhd
Note: stato: LETTURA_BYTE indirizzo:
Time: 5827500 ps  Iteration: 1  Process: /project_tb/UUT/line__47  File: C:/Progetto_Reti_Logiche/project_reti_logiche/project_reti_logiche.srcs/sources_1/new/project_reti_logiche.vhd
Note: 66
Time: 5827500 ps  Iteration: 1  Process: /project_tb/UUT/line__47  File: C:/Progetto_Reti_Logiche/project_reti_logiche/project_reti_logiche.srcs/sources_1/new/project_reti_logiche.vhd
Note: stato: LETTURA_BYTE indirizzo:
Time: 5917500 ps  Iteration: 1  Process: /project_tb/UUT/line__47  File: C:/Progetto_Reti_Logiche/project_reti_logiche/project_reti_logiche.srcs/sources_1/new/project_reti_logiche.vhd
Note: 67
Time: 5917500 ps  Iteration: 1  Process: /project_tb/UUT/line__47  File: C:/Progetto_Reti_Logiche/project_reti_logiche/project_reti_logiche.srcs/sources_1/new/project_reti_logiche.vhd
Note: stato: LETTURA_BYTE indirizzo:
Time: 6007500 ps  Iteration: 1  Process: /project_tb/UUT/line__47  File: C:/Progetto_Reti_Logiche/project_reti_logiche/project_reti_logiche.srcs/sources_1/new/project_reti_logiche.vhd
Note: 68
Time: 6007500 ps  Iteration: 1  Process: /project_tb/UUT/line__47  File: C:/Progetto_Reti_Logiche/project_reti_logiche/project_reti_logiche.srcs/sources_1/new/project_reti_logiche.vhd
Note: stato: LETTURA_BYTE indirizzo:
Time: 6097500 ps  Iteration: 1  Process: /project_tb/UUT/line__47  File: C:/Progetto_Reti_Logiche/project_reti_logiche/project_reti_logiche.srcs/sources_1/new/project_reti_logiche.vhd
Note: 69
Time: 6097500 ps  Iteration: 1  Process: /project_tb/UUT/line__47  File: C:/Progetto_Reti_Logiche/project_reti_logiche/project_reti_logiche.srcs/sources_1/new/project_reti_logiche.vhd
Note: stato: LETTURA_BYTE indirizzo:
Time: 6187500 ps  Iteration: 1  Process: /project_tb/UUT/line__47  File: C:/Progetto_Reti_Logiche/project_reti_logiche/project_reti_logiche.srcs/sources_1/new/project_reti_logiche.vhd
Note: 70
Time: 6187500 ps  Iteration: 1  Process: /project_tb/UUT/line__47  File: C:/Progetto_Reti_Logiche/project_reti_logiche/project_reti_logiche.srcs/sources_1/new/project_reti_logiche.vhd
Note: stato: LETTURA_BYTE indirizzo:
Time: 6277500 ps  Iteration: 1  Process: /project_tb/UUT/line__47  File: C:/Progetto_Reti_Logiche/project_reti_logiche/project_reti_logiche.srcs/sources_1/new/project_reti_logiche.vhd
Note: 71
Time: 6277500 ps  Iteration: 1  Process: /project_tb/UUT/line__47  File: C:/Progetto_Reti_Logiche/project_reti_logiche/project_reti_logiche.srcs/sources_1/new/project_reti_logiche.vhd
Note: stato: LETTURA_BYTE indirizzo:
Time: 6367500 ps  Iteration: 1  Process: /project_tb/UUT/line__47  File: C:/Progetto_Reti_Logiche/project_reti_logiche/project_reti_logiche.srcs/sources_1/new/project_reti_logiche.vhd
Note: 72
Time: 6367500 ps  Iteration: 1  Process: /project_tb/UUT/line__47  File: C:/Progetto_Reti_Logiche/project_reti_logiche/project_reti_logiche.srcs/sources_1/new/project_reti_logiche.vhd
Note: stato: LETTURA_BYTE indirizzo:
Time: 6457500 ps  Iteration: 1  Process: /project_tb/UUT/line__47  File: C:/Progetto_Reti_Logiche/project_reti_logiche/project_reti_logiche.srcs/sources_1/new/project_reti_logiche.vhd
Note: 73
Time: 6457500 ps  Iteration: 1  Process: /project_tb/UUT/line__47  File: C:/Progetto_Reti_Logiche/project_reti_logiche/project_reti_logiche.srcs/sources_1/new/project_reti_logiche.vhd
Note: stato: LETTURA_BYTE indirizzo:
Time: 6547500 ps  Iteration: 1  Process: /project_tb/UUT/line__47  File: C:/Progetto_Reti_Logiche/project_reti_logiche/project_reti_logiche.srcs/sources_1/new/project_reti_logiche.vhd
Note: 74
Time: 6547500 ps  Iteration: 1  Process: /project_tb/UUT/line__47  File: C:/Progetto_Reti_Logiche/project_reti_logiche/project_reti_logiche.srcs/sources_1/new/project_reti_logiche.vhd
Note: stato: LETTURA_BYTE indirizzo:
Time: 6637500 ps  Iteration: 1  Process: /project_tb/UUT/line__47  File: C:/Progetto_Reti_Logiche/project_reti_logiche/project_reti_logiche.srcs/sources_1/new/project_reti_logiche.vhd
Note: 75
Time: 6637500 ps  Iteration: 1  Process: /project_tb/UUT/line__47  File: C:/Progetto_Reti_Logiche/project_reti_logiche/project_reti_logiche.srcs/sources_1/new/project_reti_logiche.vhd
Note: stato: LETTURA_BYTE indirizzo:
Time: 6727500 ps  Iteration: 1  Process: /project_tb/UUT/line__47  File: C:/Progetto_Reti_Logiche/project_reti_logiche/project_reti_logiche.srcs/sources_1/new/project_reti_logiche.vhd
Note: 76
Time: 6727500 ps  Iteration: 1  Process: /project_tb/UUT/line__47  File: C:/Progetto_Reti_Logiche/project_reti_logiche/project_reti_logiche.srcs/sources_1/new/project_reti_logiche.vhd
Note: stato: LETTURA_BYTE indirizzo:
Time: 6817500 ps  Iteration: 1  Process: /project_tb/UUT/line__47  File: C:/Progetto_Reti_Logiche/project_reti_logiche/project_reti_logiche.srcs/sources_1/new/project_reti_logiche.vhd
Note: 77
Time: 6817500 ps  Iteration: 1  Process: /project_tb/UUT/line__47  File: C:/Progetto_Reti_Logiche/project_reti_logiche/project_reti_logiche.srcs/sources_1/new/project_reti_logiche.vhd
Note: stato: LETTURA_BYTE indirizzo:
Time: 6907500 ps  Iteration: 1  Process: /project_tb/UUT/line__47  File: C:/Progetto_Reti_Logiche/project_reti_logiche/project_reti_logiche.srcs/sources_1/new/project_reti_logiche.vhd
Note: 78
Time: 6907500 ps  Iteration: 1  Process: /project_tb/UUT/line__47  File: C:/Progetto_Reti_Logiche/project_reti_logiche/project_reti_logiche.srcs/sources_1/new/project_reti_logiche.vhd
Note: stato: LETTURA_BYTE indirizzo:
Time: 6997500 ps  Iteration: 1  Process: /project_tb/UUT/line__47  File: C:/Progetto_Reti_Logiche/project_reti_logiche/project_reti_logiche.srcs/sources_1/new/project_reti_logiche.vhd
Note: 79
Time: 6997500 ps  Iteration: 1  Process: /project_tb/UUT/line__47  File: C:/Progetto_Reti_Logiche/project_reti_logiche/project_reti_logiche.srcs/sources_1/new/project_reti_logiche.vhd
Note: stato: LETTURA_BYTE indirizzo:
Time: 7087500 ps  Iteration: 1  Process: /project_tb/UUT/line__47  File: C:/Progetto_Reti_Logiche/project_reti_logiche/project_reti_logiche.srcs/sources_1/new/project_reti_logiche.vhd
Note: 80
Time: 7087500 ps  Iteration: 1  Process: /project_tb/UUT/line__47  File: C:/Progetto_Reti_Logiche/project_reti_logiche/project_reti_logiche.srcs/sources_1/new/project_reti_logiche.vhd
Note: stato: LETTURA_BYTE indirizzo:
Time: 7177500 ps  Iteration: 1  Process: /project_tb/UUT/line__47  File: C:/Progetto_Reti_Logiche/project_reti_logiche/project_reti_logiche.srcs/sources_1/new/project_reti_logiche.vhd
Note: 81
Time: 7177500 ps  Iteration: 1  Process: /project_tb/UUT/line__47  File: C:/Progetto_Reti_Logiche/project_reti_logiche/project_reti_logiche.srcs/sources_1/new/project_reti_logiche.vhd
Note: stato: LETTURA_BYTE indirizzo:
Time: 7267500 ps  Iteration: 1  Process: /project_tb/UUT/line__47  File: C:/Progetto_Reti_Logiche/project_reti_logiche/project_reti_logiche.srcs/sources_1/new/project_reti_logiche.vhd
Note: 82
Time: 7267500 ps  Iteration: 1  Process: /project_tb/UUT/line__47  File: C:/Progetto_Reti_Logiche/project_reti_logiche/project_reti_logiche.srcs/sources_1/new/project_reti_logiche.vhd
Note: stato: LETTURA_BYTE indirizzo:
Time: 7357500 ps  Iteration: 1  Process: /project_tb/UUT/line__47  File: C:/Progetto_Reti_Logiche/project_reti_logiche/project_reti_logiche.srcs/sources_1/new/project_reti_logiche.vhd
Note: 83
Time: 7357500 ps  Iteration: 1  Process: /project_tb/UUT/line__47  File: C:/Progetto_Reti_Logiche/project_reti_logiche/project_reti_logiche.srcs/sources_1/new/project_reti_logiche.vhd
Note: stato: LETTURA_BYTE indirizzo:
Time: 7447500 ps  Iteration: 1  Process: /project_tb/UUT/line__47  File: C:/Progetto_Reti_Logiche/project_reti_logiche/project_reti_logiche.srcs/sources_1/new/project_reti_logiche.vhd
Note: 84
Time: 7447500 ps  Iteration: 1  Process: /project_tb/UUT/line__47  File: C:/Progetto_Reti_Logiche/project_reti_logiche/project_reti_logiche.srcs/sources_1/new/project_reti_logiche.vhd
Note: stato: LETTURA_BYTE indirizzo:
Time: 7537500 ps  Iteration: 1  Process: /project_tb/UUT/line__47  File: C:/Progetto_Reti_Logiche/project_reti_logiche/project_reti_logiche.srcs/sources_1/new/project_reti_logiche.vhd
Note: 85
Time: 7537500 ps  Iteration: 1  Process: /project_tb/UUT/line__47  File: C:/Progetto_Reti_Logiche/project_reti_logiche/project_reti_logiche.srcs/sources_1/new/project_reti_logiche.vhd
Note: stato: LETTURA_BYTE indirizzo:
Time: 7627500 ps  Iteration: 1  Process: /project_tb/UUT/line__47  File: C:/Progetto_Reti_Logiche/project_reti_logiche/project_reti_logiche.srcs/sources_1/new/project_reti_logiche.vhd
Note: 86
Time: 7627500 ps  Iteration: 1  Process: /project_tb/UUT/line__47  File: C:/Progetto_Reti_Logiche/project_reti_logiche/project_reti_logiche.srcs/sources_1/new/project_reti_logiche.vhd
Note: stato: LETTURA_BYTE indirizzo:
Time: 7717500 ps  Iteration: 1  Process: /project_tb/UUT/line__47  File: C:/Progetto_Reti_Logiche/project_reti_logiche/project_reti_logiche.srcs/sources_1/new/project_reti_logiche.vhd
Note: 87
Time: 7717500 ps  Iteration: 1  Process: /project_tb/UUT/line__47  File: C:/Progetto_Reti_Logiche/project_reti_logiche/project_reti_logiche.srcs/sources_1/new/project_reti_logiche.vhd
Note: stato: LETTURA_BYTE indirizzo:
Time: 7807500 ps  Iteration: 1  Process: /project_tb/UUT/line__47  File: C:/Progetto_Reti_Logiche/project_reti_logiche/project_reti_logiche.srcs/sources_1/new/project_reti_logiche.vhd
Note: 88
Time: 7807500 ps  Iteration: 1  Process: /project_tb/UUT/line__47  File: C:/Progetto_Reti_Logiche/project_reti_logiche/project_reti_logiche.srcs/sources_1/new/project_reti_logiche.vhd
Note: stato: LETTURA_BYTE indirizzo:
Time: 7897500 ps  Iteration: 1  Process: /project_tb/UUT/line__47  File: C:/Progetto_Reti_Logiche/project_reti_logiche/project_reti_logiche.srcs/sources_1/new/project_reti_logiche.vhd
Note: 89
Time: 7897500 ps  Iteration: 1  Process: /project_tb/UUT/line__47  File: C:/Progetto_Reti_Logiche/project_reti_logiche/project_reti_logiche.srcs/sources_1/new/project_reti_logiche.vhd
Note: stato: LETTURA_BYTE indirizzo:
Time: 7987500 ps  Iteration: 1  Process: /project_tb/UUT/line__47  File: C:/Progetto_Reti_Logiche/project_reti_logiche/project_reti_logiche.srcs/sources_1/new/project_reti_logiche.vhd
Note: 90
Time: 7987500 ps  Iteration: 1  Process: /project_tb/UUT/line__47  File: C:/Progetto_Reti_Logiche/project_reti_logiche/project_reti_logiche.srcs/sources_1/new/project_reti_logiche.vhd
Note: stato: LETTURA_BYTE indirizzo:
Time: 8077500 ps  Iteration: 1  Process: /project_tb/UUT/line__47  File: C:/Progetto_Reti_Logiche/project_reti_logiche/project_reti_logiche.srcs/sources_1/new/project_reti_logiche.vhd
Note: 91
Time: 8077500 ps  Iteration: 1  Process: /project_tb/UUT/line__47  File: C:/Progetto_Reti_Logiche/project_reti_logiche/project_reti_logiche.srcs/sources_1/new/project_reti_logiche.vhd
Note: stato: LETTURA_BYTE indirizzo:
Time: 8167500 ps  Iteration: 1  Process: /project_tb/UUT/line__47  File: C:/Progetto_Reti_Logiche/project_reti_logiche/project_reti_logiche.srcs/sources_1/new/project_reti_logiche.vhd
Note: 92
Time: 8167500 ps  Iteration: 1  Process: /project_tb/UUT/line__47  File: C:/Progetto_Reti_Logiche/project_reti_logiche/project_reti_logiche.srcs/sources_1/new/project_reti_logiche.vhd
Note: stato: LETTURA_BYTE indirizzo:
Time: 8257500 ps  Iteration: 1  Process: /project_tb/UUT/line__47  File: C:/Progetto_Reti_Logiche/project_reti_logiche/project_reti_logiche.srcs/sources_1/new/project_reti_logiche.vhd
Note: 93
Time: 8257500 ps  Iteration: 1  Process: /project_tb/UUT/line__47  File: C:/Progetto_Reti_Logiche/project_reti_logiche/project_reti_logiche.srcs/sources_1/new/project_reti_logiche.vhd
Note: stato: LETTURA_BYTE indirizzo:
Time: 8347500 ps  Iteration: 1  Process: /project_tb/UUT/line__47  File: C:/Progetto_Reti_Logiche/project_reti_logiche/project_reti_logiche.srcs/sources_1/new/project_reti_logiche.vhd
Note: 94
Time: 8347500 ps  Iteration: 1  Process: /project_tb/UUT/line__47  File: C:/Progetto_Reti_Logiche/project_reti_logiche/project_reti_logiche.srcs/sources_1/new/project_reti_logiche.vhd
Note: stato: LETTURA_BYTE indirizzo:
Time: 8437500 ps  Iteration: 1  Process: /project_tb/UUT/line__47  File: C:/Progetto_Reti_Logiche/project_reti_logiche/project_reti_logiche.srcs/sources_1/new/project_reti_logiche.vhd
Note: 95
Time: 8437500 ps  Iteration: 1  Process: /project_tb/UUT/line__47  File: C:/Progetto_Reti_Logiche/project_reti_logiche/project_reti_logiche.srcs/sources_1/new/project_reti_logiche.vhd
Note: stato: LETTURA_BYTE indirizzo:
Time: 8527500 ps  Iteration: 1  Process: /project_tb/UUT/line__47  File: C:/Progetto_Reti_Logiche/project_reti_logiche/project_reti_logiche.srcs/sources_1/new/project_reti_logiche.vhd
Note: 96
Time: 8527500 ps  Iteration: 1  Process: /project_tb/UUT/line__47  File: C:/Progetto_Reti_Logiche/project_reti_logiche/project_reti_logiche.srcs/sources_1/new/project_reti_logiche.vhd
Note: stato: LETTURA_BYTE indirizzo:
Time: 8617500 ps  Iteration: 1  Process: /project_tb/UUT/line__47  File: C:/Progetto_Reti_Logiche/project_reti_logiche/project_reti_logiche.srcs/sources_1/new/project_reti_logiche.vhd
Note: 97
Time: 8617500 ps  Iteration: 1  Process: /project_tb/UUT/line__47  File: C:/Progetto_Reti_Logiche/project_reti_logiche/project_reti_logiche.srcs/sources_1/new/project_reti_logiche.vhd
Note: stato: LETTURA_BYTE indirizzo:
Time: 8707500 ps  Iteration: 1  Process: /project_tb/UUT/line__47  File: C:/Progetto_Reti_Logiche/project_reti_logiche/project_reti_logiche.srcs/sources_1/new/project_reti_logiche.vhd
Note: 98
Time: 8707500 ps  Iteration: 1  Process: /project_tb/UUT/line__47  File: C:/Progetto_Reti_Logiche/project_reti_logiche/project_reti_logiche.srcs/sources_1/new/project_reti_logiche.vhd
Note: stato: LETTURA_BYTE indirizzo:
Time: 8797500 ps  Iteration: 1  Process: /project_tb/UUT/line__47  File: C:/Progetto_Reti_Logiche/project_reti_logiche/project_reti_logiche.srcs/sources_1/new/project_reti_logiche.vhd
Note: 99
Time: 8797500 ps  Iteration: 1  Process: /project_tb/UUT/line__47  File: C:/Progetto_Reti_Logiche/project_reti_logiche/project_reti_logiche.srcs/sources_1/new/project_reti_logiche.vhd
Note: stato: LETTURA_BYTE indirizzo:
Time: 8887500 ps  Iteration: 1  Process: /project_tb/UUT/line__47  File: C:/Progetto_Reti_Logiche/project_reti_logiche/project_reti_logiche.srcs/sources_1/new/project_reti_logiche.vhd
Note: 100
Time: 8887500 ps  Iteration: 1  Process: /project_tb/UUT/line__47  File: C:/Progetto_Reti_Logiche/project_reti_logiche/project_reti_logiche.srcs/sources_1/new/project_reti_logiche.vhd
Note: stato: LETTURA_BYTE indirizzo:
Time: 8977500 ps  Iteration: 1  Process: /project_tb/UUT/line__47  File: C:/Progetto_Reti_Logiche/project_reti_logiche/project_reti_logiche.srcs/sources_1/new/project_reti_logiche.vhd
Note: 101
Time: 8977500 ps  Iteration: 1  Process: /project_tb/UUT/line__47  File: C:/Progetto_Reti_Logiche/project_reti_logiche/project_reti_logiche.srcs/sources_1/new/project_reti_logiche.vhd
Note: stato: LETTURA_BYTE indirizzo:
Time: 9067500 ps  Iteration: 1  Process: /project_tb/UUT/line__47  File: C:/Progetto_Reti_Logiche/project_reti_logiche/project_reti_logiche.srcs/sources_1/new/project_reti_logiche.vhd
Note: 102
Time: 9067500 ps  Iteration: 1  Process: /project_tb/UUT/line__47  File: C:/Progetto_Reti_Logiche/project_reti_logiche/project_reti_logiche.srcs/sources_1/new/project_reti_logiche.vhd
Note: stato: LETTURA_BYTE indirizzo:
Time: 9157500 ps  Iteration: 1  Process: /project_tb/UUT/line__47  File: C:/Progetto_Reti_Logiche/project_reti_logiche/project_reti_logiche.srcs/sources_1/new/project_reti_logiche.vhd
Note: 103
Time: 9157500 ps  Iteration: 1  Process: /project_tb/UUT/line__47  File: C:/Progetto_Reti_Logiche/project_reti_logiche/project_reti_logiche.srcs/sources_1/new/project_reti_logiche.vhd
Note: stato: LETTURA_BYTE indirizzo:
Time: 9247500 ps  Iteration: 1  Process: /project_tb/UUT/line__47  File: C:/Progetto_Reti_Logiche/project_reti_logiche/project_reti_logiche.srcs/sources_1/new/project_reti_logiche.vhd
Note: 104
Time: 9247500 ps  Iteration: 1  Process: /project_tb/UUT/line__47  File: C:/Progetto_Reti_Logiche/project_reti_logiche/project_reti_logiche.srcs/sources_1/new/project_reti_logiche.vhd
Note: stato: LETTURA_BYTE indirizzo:
Time: 9337500 ps  Iteration: 1  Process: /project_tb/UUT/line__47  File: C:/Progetto_Reti_Logiche/project_reti_logiche/project_reti_logiche.srcs/sources_1/new/project_reti_logiche.vhd
Note: 105
Time: 9337500 ps  Iteration: 1  Process: /project_tb/UUT/line__47  File: C:/Progetto_Reti_Logiche/project_reti_logiche/project_reti_logiche.srcs/sources_1/new/project_reti_logiche.vhd
Note: stato: LETTURA_BYTE indirizzo:
Time: 9427500 ps  Iteration: 1  Process: /project_tb/UUT/line__47  File: C:/Progetto_Reti_Logiche/project_reti_logiche/project_reti_logiche.srcs/sources_1/new/project_reti_logiche.vhd
Note: 106
Time: 9427500 ps  Iteration: 1  Process: /project_tb/UUT/line__47  File: C:/Progetto_Reti_Logiche/project_reti_logiche/project_reti_logiche.srcs/sources_1/new/project_reti_logiche.vhd
Note: stato: LETTURA_BYTE indirizzo:
Time: 9517500 ps  Iteration: 1  Process: /project_tb/UUT/line__47  File: C:/Progetto_Reti_Logiche/project_reti_logiche/project_reti_logiche.srcs/sources_1/new/project_reti_logiche.vhd
Note: 107
Time: 9517500 ps  Iteration: 1  Process: /project_tb/UUT/line__47  File: C:/Progetto_Reti_Logiche/project_reti_logiche/project_reti_logiche.srcs/sources_1/new/project_reti_logiche.vhd
Note: stato: LETTURA_BYTE indirizzo:
Time: 9607500 ps  Iteration: 1  Process: /project_tb/UUT/line__47  File: C:/Progetto_Reti_Logiche/project_reti_logiche/project_reti_logiche.srcs/sources_1/new/project_reti_logiche.vhd
Note: 108
Time: 9607500 ps  Iteration: 1  Process: /project_tb/UUT/line__47  File: C:/Progetto_Reti_Logiche/project_reti_logiche/project_reti_logiche.srcs/sources_1/new/project_reti_logiche.vhd
Note: stato: LETTURA_BYTE indirizzo:
Time: 9697500 ps  Iteration: 1  Process: /project_tb/UUT/line__47  File: C:/Progetto_Reti_Logiche/project_reti_logiche/project_reti_logiche.srcs/sources_1/new/project_reti_logiche.vhd
Note: 109
Time: 9697500 ps  Iteration: 1  Process: /project_tb/UUT/line__47  File: C:/Progetto_Reti_Logiche/project_reti_logiche/project_reti_logiche.srcs/sources_1/new/project_reti_logiche.vhd
Note: stato: LETTURA_BYTE indirizzo:
Time: 9787500 ps  Iteration: 1  Process: /project_tb/UUT/line__47  File: C:/Progetto_Reti_Logiche/project_reti_logiche/project_reti_logiche.srcs/sources_1/new/project_reti_logiche.vhd
Note: 110
Time: 9787500 ps  Iteration: 1  Process: /project_tb/UUT/line__47  File: C:/Progetto_Reti_Logiche/project_reti_logiche/project_reti_logiche.srcs/sources_1/new/project_reti_logiche.vhd
Note: stato: LETTURA_BYTE indirizzo:
Time: 9877500 ps  Iteration: 1  Process: /project_tb/UUT/line__47  File: C:/Progetto_Reti_Logiche/project_reti_logiche/project_reti_logiche.srcs/sources_1/new/project_reti_logiche.vhd
Note: 111
Time: 9877500 ps  Iteration: 1  Process: /project_tb/UUT/line__47  File: C:/Progetto_Reti_Logiche/project_reti_logiche/project_reti_logiche.srcs/sources_1/new/project_reti_logiche.vhd
Note: stato: LETTURA_BYTE indirizzo:
Time: 9967500 ps  Iteration: 1  Process: /project_tb/UUT/line__47  File: C:/Progetto_Reti_Logiche/project_reti_logiche/project_reti_logiche.srcs/sources_1/new/project_reti_logiche.vhd
Note: 112
Time: 9967500 ps  Iteration: 1  Process: /project_tb/UUT/line__47  File: C:/Progetto_Reti_Logiche/project_reti_logiche/project_reti_logiche.srcs/sources_1/new/project_reti_logiche.vhd
Note: stato: LETTURA_BYTE indirizzo:
Time: 10057500 ps  Iteration: 1  Process: /project_tb/UUT/line__47  File: C:/Progetto_Reti_Logiche/project_reti_logiche/project_reti_logiche.srcs/sources_1/new/project_reti_logiche.vhd
Note: 113
Time: 10057500 ps  Iteration: 1  Process: /project_tb/UUT/line__47  File: C:/Progetto_Reti_Logiche/project_reti_logiche/project_reti_logiche.srcs/sources_1/new/project_reti_logiche.vhd
Note: stato: LETTURA_BYTE indirizzo:
Time: 10147500 ps  Iteration: 1  Process: /project_tb/UUT/line__47  File: C:/Progetto_Reti_Logiche/project_reti_logiche/project_reti_logiche.srcs/sources_1/new/project_reti_logiche.vhd
Note: 114
Time: 10147500 ps  Iteration: 1  Process: /project_tb/UUT/line__47  File: C:/Progetto_Reti_Logiche/project_reti_logiche/project_reti_logiche.srcs/sources_1/new/project_reti_logiche.vhd
Note: stato: LETTURA_BYTE indirizzo:
Time: 10237500 ps  Iteration: 1  Process: /project_tb/UUT/line__47  File: C:/Progetto_Reti_Logiche/project_reti_logiche/project_reti_logiche.srcs/sources_1/new/project_reti_logiche.vhd
Note: 115
Time: 10237500 ps  Iteration: 1  Process: /project_tb/UUT/line__47  File: C:/Progetto_Reti_Logiche/project_reti_logiche/project_reti_logiche.srcs/sources_1/new/project_reti_logiche.vhd
Note: stato: LETTURA_BYTE indirizzo:
Time: 10327500 ps  Iteration: 1  Process: /project_tb/UUT/line__47  File: C:/Progetto_Reti_Logiche/project_reti_logiche/project_reti_logiche.srcs/sources_1/new/project_reti_logiche.vhd
Note: 116
Time: 10327500 ps  Iteration: 1  Process: /project_tb/UUT/line__47  File: C:/Progetto_Reti_Logiche/project_reti_logiche/project_reti_logiche.srcs/sources_1/new/project_reti_logiche.vhd
Note: stato: LETTURA_BYTE indirizzo:
Time: 10417500 ps  Iteration: 1  Process: /project_tb/UUT/line__47  File: C:/Progetto_Reti_Logiche/project_reti_logiche/project_reti_logiche.srcs/sources_1/new/project_reti_logiche.vhd
Note: 117
Time: 10417500 ps  Iteration: 1  Process: /project_tb/UUT/line__47  File: C:/Progetto_Reti_Logiche/project_reti_logiche/project_reti_logiche.srcs/sources_1/new/project_reti_logiche.vhd
Note: stato: LETTURA_BYTE indirizzo:
Time: 10507500 ps  Iteration: 1  Process: /project_tb/UUT/line__47  File: C:/Progetto_Reti_Logiche/project_reti_logiche/project_reti_logiche.srcs/sources_1/new/project_reti_logiche.vhd
Note: 118
Time: 10507500 ps  Iteration: 1  Process: /project_tb/UUT/line__47  File: C:/Progetto_Reti_Logiche/project_reti_logiche/project_reti_logiche.srcs/sources_1/new/project_reti_logiche.vhd
Note: stato: LETTURA_BYTE indirizzo:
Time: 10597500 ps  Iteration: 1  Process: /project_tb/UUT/line__47  File: C:/Progetto_Reti_Logiche/project_reti_logiche/project_reti_logiche.srcs/sources_1/new/project_reti_logiche.vhd
Note: 119
Time: 10597500 ps  Iteration: 1  Process: /project_tb/UUT/line__47  File: C:/Progetto_Reti_Logiche/project_reti_logiche/project_reti_logiche.srcs/sources_1/new/project_reti_logiche.vhd
Note: stato: LETTURA_BYTE indirizzo:
Time: 10687500 ps  Iteration: 1  Process: /project_tb/UUT/line__47  File: C:/Progetto_Reti_Logiche/project_reti_logiche/project_reti_logiche.srcs/sources_1/new/project_reti_logiche.vhd
Note: 120
Time: 10687500 ps  Iteration: 1  Process: /project_tb/UUT/line__47  File: C:/Progetto_Reti_Logiche/project_reti_logiche/project_reti_logiche.srcs/sources_1/new/project_reti_logiche.vhd
Note: stato: LETTURA_BYTE indirizzo:
Time: 10777500 ps  Iteration: 1  Process: /project_tb/UUT/line__47  File: C:/Progetto_Reti_Logiche/project_reti_logiche/project_reti_logiche.srcs/sources_1/new/project_reti_logiche.vhd
Note: 121
Time: 10777500 ps  Iteration: 1  Process: /project_tb/UUT/line__47  File: C:/Progetto_Reti_Logiche/project_reti_logiche/project_reti_logiche.srcs/sources_1/new/project_reti_logiche.vhd
Note: stato: LETTURA_BYTE indirizzo:
Time: 10867500 ps  Iteration: 1  Process: /project_tb/UUT/line__47  File: C:/Progetto_Reti_Logiche/project_reti_logiche/project_reti_logiche.srcs/sources_1/new/project_reti_logiche.vhd
Note: 122
Time: 10867500 ps  Iteration: 1  Process: /project_tb/UUT/line__47  File: C:/Progetto_Reti_Logiche/project_reti_logiche/project_reti_logiche.srcs/sources_1/new/project_reti_logiche.vhd
Note: stato: LETTURA_BYTE indirizzo:
Time: 10957500 ps  Iteration: 1  Process: /project_tb/UUT/line__47  File: C:/Progetto_Reti_Logiche/project_reti_logiche/project_reti_logiche.srcs/sources_1/new/project_reti_logiche.vhd
Note: 123
Time: 10957500 ps  Iteration: 1  Process: /project_tb/UUT/line__47  File: C:/Progetto_Reti_Logiche/project_reti_logiche/project_reti_logiche.srcs/sources_1/new/project_reti_logiche.vhd
Note: stato: LETTURA_BYTE indirizzo:
Time: 11047500 ps  Iteration: 1  Process: /project_tb/UUT/line__47  File: C:/Progetto_Reti_Logiche/project_reti_logiche/project_reti_logiche.srcs/sources_1/new/project_reti_logiche.vhd
Note: 124
Time: 11047500 ps  Iteration: 1  Process: /project_tb/UUT/line__47  File: C:/Progetto_Reti_Logiche/project_reti_logiche/project_reti_logiche.srcs/sources_1/new/project_reti_logiche.vhd
Note: stato: LETTURA_BYTE indirizzo:
Time: 11137500 ps  Iteration: 1  Process: /project_tb/UUT/line__47  File: C:/Progetto_Reti_Logiche/project_reti_logiche/project_reti_logiche.srcs/sources_1/new/project_reti_logiche.vhd
Note: 125
Time: 11137500 ps  Iteration: 1  Process: /project_tb/UUT/line__47  File: C:/Progetto_Reti_Logiche/project_reti_logiche/project_reti_logiche.srcs/sources_1/new/project_reti_logiche.vhd
Note: stato: LETTURA_BYTE indirizzo:
Time: 11227500 ps  Iteration: 1  Process: /project_tb/UUT/line__47  File: C:/Progetto_Reti_Logiche/project_reti_logiche/project_reti_logiche.srcs/sources_1/new/project_reti_logiche.vhd
Note: 126
Time: 11227500 ps  Iteration: 1  Process: /project_tb/UUT/line__47  File: C:/Progetto_Reti_Logiche/project_reti_logiche/project_reti_logiche.srcs/sources_1/new/project_reti_logiche.vhd
Note: stato: LETTURA_BYTE indirizzo:
Time: 11317500 ps  Iteration: 1  Process: /project_tb/UUT/line__47  File: C:/Progetto_Reti_Logiche/project_reti_logiche/project_reti_logiche.srcs/sources_1/new/project_reti_logiche.vhd
Note: 127
Time: 11317500 ps  Iteration: 1  Process: /project_tb/UUT/line__47  File: C:/Progetto_Reti_Logiche/project_reti_logiche/project_reti_logiche.srcs/sources_1/new/project_reti_logiche.vhd
Note: stato: LETTURA_BYTE indirizzo:
Time: 11407500 ps  Iteration: 1  Process: /project_tb/UUT/line__47  File: C:/Progetto_Reti_Logiche/project_reti_logiche/project_reti_logiche.srcs/sources_1/new/project_reti_logiche.vhd
Note: 128
Time: 11407500 ps  Iteration: 1  Process: /project_tb/UUT/line__47  File: C:/Progetto_Reti_Logiche/project_reti_logiche/project_reti_logiche.srcs/sources_1/new/project_reti_logiche.vhd
Note: stato: LETTURA_BYTE indirizzo:
Time: 11497500 ps  Iteration: 1  Process: /project_tb/UUT/line__47  File: C:/Progetto_Reti_Logiche/project_reti_logiche/project_reti_logiche.srcs/sources_1/new/project_reti_logiche.vhd
Note: 129
Time: 11497500 ps  Iteration: 1  Process: /project_tb/UUT/line__47  File: C:/Progetto_Reti_Logiche/project_reti_logiche/project_reti_logiche.srcs/sources_1/new/project_reti_logiche.vhd
Note: stato: LETTURA_BYTE indirizzo:
Time: 11587500 ps  Iteration: 1  Process: /project_tb/UUT/line__47  File: C:/Progetto_Reti_Logiche/project_reti_logiche/project_reti_logiche.srcs/sources_1/new/project_reti_logiche.vhd
Note: 130
Time: 11587500 ps  Iteration: 1  Process: /project_tb/UUT/line__47  File: C:/Progetto_Reti_Logiche/project_reti_logiche/project_reti_logiche.srcs/sources_1/new/project_reti_logiche.vhd
Note: stato: LETTURA_BYTE indirizzo:
Time: 11677500 ps  Iteration: 1  Process: /project_tb/UUT/line__47  File: C:/Progetto_Reti_Logiche/project_reti_logiche/project_reti_logiche.srcs/sources_1/new/project_reti_logiche.vhd
Note: 131
Time: 11677500 ps  Iteration: 1  Process: /project_tb/UUT/line__47  File: C:/Progetto_Reti_Logiche/project_reti_logiche/project_reti_logiche.srcs/sources_1/new/project_reti_logiche.vhd
Note: stato: LETTURA_BYTE indirizzo:
Time: 11767500 ps  Iteration: 1  Process: /project_tb/UUT/line__47  File: C:/Progetto_Reti_Logiche/project_reti_logiche/project_reti_logiche.srcs/sources_1/new/project_reti_logiche.vhd
Note: 132
Time: 11767500 ps  Iteration: 1  Process: /project_tb/UUT/line__47  File: C:/Progetto_Reti_Logiche/project_reti_logiche/project_reti_logiche.srcs/sources_1/new/project_reti_logiche.vhd
Note: stato: LETTURA_BYTE indirizzo:
Time: 11857500 ps  Iteration: 1  Process: /project_tb/UUT/line__47  File: C:/Progetto_Reti_Logiche/project_reti_logiche/project_reti_logiche.srcs/sources_1/new/project_reti_logiche.vhd
Note: 133
Time: 11857500 ps  Iteration: 1  Process: /project_tb/UUT/line__47  File: C:/Progetto_Reti_Logiche/project_reti_logiche/project_reti_logiche.srcs/sources_1/new/project_reti_logiche.vhd
Note: stato: LETTURA_BYTE indirizzo:
Time: 11947500 ps  Iteration: 1  Process: /project_tb/UUT/line__47  File: C:/Progetto_Reti_Logiche/project_reti_logiche/project_reti_logiche.srcs/sources_1/new/project_reti_logiche.vhd
Note: 134
Time: 11947500 ps  Iteration: 1  Process: /project_tb/UUT/line__47  File: C:/Progetto_Reti_Logiche/project_reti_logiche/project_reti_logiche.srcs/sources_1/new/project_reti_logiche.vhd
Note: stato: LETTURA_BYTE indirizzo:
Time: 12037500 ps  Iteration: 1  Process: /project_tb/UUT/line__47  File: C:/Progetto_Reti_Logiche/project_reti_logiche/project_reti_logiche.srcs/sources_1/new/project_reti_logiche.vhd
Note: 135
Time: 12037500 ps  Iteration: 1  Process: /project_tb/UUT/line__47  File: C:/Progetto_Reti_Logiche/project_reti_logiche/project_reti_logiche.srcs/sources_1/new/project_reti_logiche.vhd
Note: stato: LETTURA_BYTE indirizzo:
Time: 12127500 ps  Iteration: 1  Process: /project_tb/UUT/line__47  File: C:/Progetto_Reti_Logiche/project_reti_logiche/project_reti_logiche.srcs/sources_1/new/project_reti_logiche.vhd
Note: 136
Time: 12127500 ps  Iteration: 1  Process: /project_tb/UUT/line__47  File: C:/Progetto_Reti_Logiche/project_reti_logiche/project_reti_logiche.srcs/sources_1/new/project_reti_logiche.vhd
Note: stato: LETTURA_BYTE indirizzo:
Time: 12217500 ps  Iteration: 1  Process: /project_tb/UUT/line__47  File: C:/Progetto_Reti_Logiche/project_reti_logiche/project_reti_logiche.srcs/sources_1/new/project_reti_logiche.vhd
Note: 137
Time: 12217500 ps  Iteration: 1  Process: /project_tb/UUT/line__47  File: C:/Progetto_Reti_Logiche/project_reti_logiche/project_reti_logiche.srcs/sources_1/new/project_reti_logiche.vhd
Note: stato: LETTURA_BYTE indirizzo:
Time: 12307500 ps  Iteration: 1  Process: /project_tb/UUT/line__47  File: C:/Progetto_Reti_Logiche/project_reti_logiche/project_reti_logiche.srcs/sources_1/new/project_reti_logiche.vhd
Note: 138
Time: 12307500 ps  Iteration: 1  Process: /project_tb/UUT/line__47  File: C:/Progetto_Reti_Logiche/project_reti_logiche/project_reti_logiche.srcs/sources_1/new/project_reti_logiche.vhd
Note: stato: LETTURA_BYTE indirizzo:
Time: 12397500 ps  Iteration: 1  Process: /project_tb/UUT/line__47  File: C:/Progetto_Reti_Logiche/project_reti_logiche/project_reti_logiche.srcs/sources_1/new/project_reti_logiche.vhd
Note: 139
Time: 12397500 ps  Iteration: 1  Process: /project_tb/UUT/line__47  File: C:/Progetto_Reti_Logiche/project_reti_logiche/project_reti_logiche.srcs/sources_1/new/project_reti_logiche.vhd
Note: stato: LETTURA_BYTE indirizzo:
Time: 12487500 ps  Iteration: 1  Process: /project_tb/UUT/line__47  File: C:/Progetto_Reti_Logiche/project_reti_logiche/project_reti_logiche.srcs/sources_1/new/project_reti_logiche.vhd
Note: 140
Time: 12487500 ps  Iteration: 1  Process: /project_tb/UUT/line__47  File: C:/Progetto_Reti_Logiche/project_reti_logiche/project_reti_logiche.srcs/sources_1/new/project_reti_logiche.vhd
Note: stato: LETTURA_BYTE indirizzo:
Time: 12577500 ps  Iteration: 1  Process: /project_tb/UUT/line__47  File: C:/Progetto_Reti_Logiche/project_reti_logiche/project_reti_logiche.srcs/sources_1/new/project_reti_logiche.vhd
Note: 141
Time: 12577500 ps  Iteration: 1  Process: /project_tb/UUT/line__47  File: C:/Progetto_Reti_Logiche/project_reti_logiche/project_reti_logiche.srcs/sources_1/new/project_reti_logiche.vhd
Note: stato: LETTURA_BYTE indirizzo:
Time: 12667500 ps  Iteration: 1  Process: /project_tb/UUT/line__47  File: C:/Progetto_Reti_Logiche/project_reti_logiche/project_reti_logiche.srcs/sources_1/new/project_reti_logiche.vhd
Note: 142
Time: 12667500 ps  Iteration: 1  Process: /project_tb/UUT/line__47  File: C:/Progetto_Reti_Logiche/project_reti_logiche/project_reti_logiche.srcs/sources_1/new/project_reti_logiche.vhd
Note: stato: LETTURA_BYTE indirizzo:
Time: 12757500 ps  Iteration: 1  Process: /project_tb/UUT/line__47  File: C:/Progetto_Reti_Logiche/project_reti_logiche/project_reti_logiche.srcs/sources_1/new/project_reti_logiche.vhd
Note: 143
Time: 12757500 ps  Iteration: 1  Process: /project_tb/UUT/line__47  File: C:/Progetto_Reti_Logiche/project_reti_logiche/project_reti_logiche.srcs/sources_1/new/project_reti_logiche.vhd
Note: stato: LETTURA_BYTE indirizzo:
Time: 12847500 ps  Iteration: 1  Process: /project_tb/UUT/line__47  File: C:/Progetto_Reti_Logiche/project_reti_logiche/project_reti_logiche.srcs/sources_1/new/project_reti_logiche.vhd
Note: 144
Time: 12847500 ps  Iteration: 1  Process: /project_tb/UUT/line__47  File: C:/Progetto_Reti_Logiche/project_reti_logiche/project_reti_logiche.srcs/sources_1/new/project_reti_logiche.vhd
Note: stato: LETTURA_BYTE indirizzo:
Time: 12937500 ps  Iteration: 1  Process: /project_tb/UUT/line__47  File: C:/Progetto_Reti_Logiche/project_reti_logiche/project_reti_logiche.srcs/sources_1/new/project_reti_logiche.vhd
Note: 145
Time: 12937500 ps  Iteration: 1  Process: /project_tb/UUT/line__47  File: C:/Progetto_Reti_Logiche/project_reti_logiche/project_reti_logiche.srcs/sources_1/new/project_reti_logiche.vhd
Note: stato: LETTURA_BYTE indirizzo:
Time: 13027500 ps  Iteration: 1  Process: /project_tb/UUT/line__47  File: C:/Progetto_Reti_Logiche/project_reti_logiche/project_reti_logiche.srcs/sources_1/new/project_reti_logiche.vhd
Note: 146
Time: 13027500 ps  Iteration: 1  Process: /project_tb/UUT/line__47  File: C:/Progetto_Reti_Logiche/project_reti_logiche/project_reti_logiche.srcs/sources_1/new/project_reti_logiche.vhd
Note: stato: LETTURA_BYTE indirizzo:
Time: 13117500 ps  Iteration: 1  Process: /project_tb/UUT/line__47  File: C:/Progetto_Reti_Logiche/project_reti_logiche/project_reti_logiche.srcs/sources_1/new/project_reti_logiche.vhd
Note: 147
Time: 13117500 ps  Iteration: 1  Process: /project_tb/UUT/line__47  File: C:/Progetto_Reti_Logiche/project_reti_logiche/project_reti_logiche.srcs/sources_1/new/project_reti_logiche.vhd
Note: stato: LETTURA_BYTE indirizzo:
Time: 13207500 ps  Iteration: 1  Process: /project_tb/UUT/line__47  File: C:/Progetto_Reti_Logiche/project_reti_logiche/project_reti_logiche.srcs/sources_1/new/project_reti_logiche.vhd
Note: 148
Time: 13207500 ps  Iteration: 1  Process: /project_tb/UUT/line__47  File: C:/Progetto_Reti_Logiche/project_reti_logiche/project_reti_logiche.srcs/sources_1/new/project_reti_logiche.vhd
Note: stato: LETTURA_BYTE indirizzo:
Time: 13297500 ps  Iteration: 1  Process: /project_tb/UUT/line__47  File: C:/Progetto_Reti_Logiche/project_reti_logiche/project_reti_logiche.srcs/sources_1/new/project_reti_logiche.vhd
Note: 149
Time: 13297500 ps  Iteration: 1  Process: /project_tb/UUT/line__47  File: C:/Progetto_Reti_Logiche/project_reti_logiche/project_reti_logiche.srcs/sources_1/new/project_reti_logiche.vhd
Note: stato: LETTURA_BYTE indirizzo:
Time: 13387500 ps  Iteration: 1  Process: /project_tb/UUT/line__47  File: C:/Progetto_Reti_Logiche/project_reti_logiche/project_reti_logiche.srcs/sources_1/new/project_reti_logiche.vhd
Note: 150
Time: 13387500 ps  Iteration: 1  Process: /project_tb/UUT/line__47  File: C:/Progetto_Reti_Logiche/project_reti_logiche/project_reti_logiche.srcs/sources_1/new/project_reti_logiche.vhd
Note: stato: LETTURA_BYTE indirizzo:
Time: 13477500 ps  Iteration: 1  Process: /project_tb/UUT/line__47  File: C:/Progetto_Reti_Logiche/project_reti_logiche/project_reti_logiche.srcs/sources_1/new/project_reti_logiche.vhd
Note: 151
Time: 13477500 ps  Iteration: 1  Process: /project_tb/UUT/line__47  File: C:/Progetto_Reti_Logiche/project_reti_logiche/project_reti_logiche.srcs/sources_1/new/project_reti_logiche.vhd
Note: stato: LETTURA_BYTE indirizzo:
Time: 13567500 ps  Iteration: 1  Process: /project_tb/UUT/line__47  File: C:/Progetto_Reti_Logiche/project_reti_logiche/project_reti_logiche.srcs/sources_1/new/project_reti_logiche.vhd
Note: 152
Time: 13567500 ps  Iteration: 1  Process: /project_tb/UUT/line__47  File: C:/Progetto_Reti_Logiche/project_reti_logiche/project_reti_logiche.srcs/sources_1/new/project_reti_logiche.vhd
Note: stato: LETTURA_BYTE indirizzo:
Time: 13657500 ps  Iteration: 1  Process: /project_tb/UUT/line__47  File: C:/Progetto_Reti_Logiche/project_reti_logiche/project_reti_logiche.srcs/sources_1/new/project_reti_logiche.vhd
Note: 153
Time: 13657500 ps  Iteration: 1  Process: /project_tb/UUT/line__47  File: C:/Progetto_Reti_Logiche/project_reti_logiche/project_reti_logiche.srcs/sources_1/new/project_reti_logiche.vhd
Note: stato: LETTURA_BYTE indirizzo:
Time: 13747500 ps  Iteration: 1  Process: /project_tb/UUT/line__47  File: C:/Progetto_Reti_Logiche/project_reti_logiche/project_reti_logiche.srcs/sources_1/new/project_reti_logiche.vhd
Note: 154
Time: 13747500 ps  Iteration: 1  Process: /project_tb/UUT/line__47  File: C:/Progetto_Reti_Logiche/project_reti_logiche/project_reti_logiche.srcs/sources_1/new/project_reti_logiche.vhd
Note: stato: LETTURA_BYTE indirizzo:
Time: 13837500 ps  Iteration: 1  Process: /project_tb/UUT/line__47  File: C:/Progetto_Reti_Logiche/project_reti_logiche/project_reti_logiche.srcs/sources_1/new/project_reti_logiche.vhd
Note: 155
Time: 13837500 ps  Iteration: 1  Process: /project_tb/UUT/line__47  File: C:/Progetto_Reti_Logiche/project_reti_logiche/project_reti_logiche.srcs/sources_1/new/project_reti_logiche.vhd
Note: stato: LETTURA_BYTE indirizzo:
Time: 13927500 ps  Iteration: 1  Process: /project_tb/UUT/line__47  File: C:/Progetto_Reti_Logiche/project_reti_logiche/project_reti_logiche.srcs/sources_1/new/project_reti_logiche.vhd
Note: 156
Time: 13927500 ps  Iteration: 1  Process: /project_tb/UUT/line__47  File: C:/Progetto_Reti_Logiche/project_reti_logiche/project_reti_logiche.srcs/sources_1/new/project_reti_logiche.vhd
Note: stato: LETTURA_BYTE indirizzo:
Time: 14017500 ps  Iteration: 1  Process: /project_tb/UUT/line__47  File: C:/Progetto_Reti_Logiche/project_reti_logiche/project_reti_logiche.srcs/sources_1/new/project_reti_logiche.vhd
Note: 157
Time: 14017500 ps  Iteration: 1  Process: /project_tb/UUT/line__47  File: C:/Progetto_Reti_Logiche/project_reti_logiche/project_reti_logiche.srcs/sources_1/new/project_reti_logiche.vhd
Note: stato: LETTURA_BYTE indirizzo:
Time: 14107500 ps  Iteration: 1  Process: /project_tb/UUT/line__47  File: C:/Progetto_Reti_Logiche/project_reti_logiche/project_reti_logiche.srcs/sources_1/new/project_reti_logiche.vhd
Note: 158
Time: 14107500 ps  Iteration: 1  Process: /project_tb/UUT/line__47  File: C:/Progetto_Reti_Logiche/project_reti_logiche/project_reti_logiche.srcs/sources_1/new/project_reti_logiche.vhd
Note: stato: LETTURA_BYTE indirizzo:
Time: 14197500 ps  Iteration: 1  Process: /project_tb/UUT/line__47  File: C:/Progetto_Reti_Logiche/project_reti_logiche/project_reti_logiche.srcs/sources_1/new/project_reti_logiche.vhd
Note: 159
Time: 14197500 ps  Iteration: 1  Process: /project_tb/UUT/line__47  File: C:/Progetto_Reti_Logiche/project_reti_logiche/project_reti_logiche.srcs/sources_1/new/project_reti_logiche.vhd
Note: stato: LETTURA_BYTE indirizzo:
Time: 14287500 ps  Iteration: 1  Process: /project_tb/UUT/line__47  File: C:/Progetto_Reti_Logiche/project_reti_logiche/project_reti_logiche.srcs/sources_1/new/project_reti_logiche.vhd
Note: 160
Time: 14287500 ps  Iteration: 1  Process: /project_tb/UUT/line__47  File: C:/Progetto_Reti_Logiche/project_reti_logiche/project_reti_logiche.srcs/sources_1/new/project_reti_logiche.vhd
Note: stato: LETTURA_BYTE indirizzo:
Time: 14377500 ps  Iteration: 1  Process: /project_tb/UUT/line__47  File: C:/Progetto_Reti_Logiche/project_reti_logiche/project_reti_logiche.srcs/sources_1/new/project_reti_logiche.vhd
Note: 161
Time: 14377500 ps  Iteration: 1  Process: /project_tb/UUT/line__47  File: C:/Progetto_Reti_Logiche/project_reti_logiche/project_reti_logiche.srcs/sources_1/new/project_reti_logiche.vhd
Note: stato: LETTURA_BYTE indirizzo:
Time: 14467500 ps  Iteration: 1  Process: /project_tb/UUT/line__47  File: C:/Progetto_Reti_Logiche/project_reti_logiche/project_reti_logiche.srcs/sources_1/new/project_reti_logiche.vhd
Note: 162
Time: 14467500 ps  Iteration: 1  Process: /project_tb/UUT/line__47  File: C:/Progetto_Reti_Logiche/project_reti_logiche/project_reti_logiche.srcs/sources_1/new/project_reti_logiche.vhd
Note: stato: LETTURA_BYTE indirizzo:
Time: 14557500 ps  Iteration: 1  Process: /project_tb/UUT/line__47  File: C:/Progetto_Reti_Logiche/project_reti_logiche/project_reti_logiche.srcs/sources_1/new/project_reti_logiche.vhd
Note: 163
Time: 14557500 ps  Iteration: 1  Process: /project_tb/UUT/line__47  File: C:/Progetto_Reti_Logiche/project_reti_logiche/project_reti_logiche.srcs/sources_1/new/project_reti_logiche.vhd
Note: stato: LETTURA_BYTE indirizzo:
Time: 14647500 ps  Iteration: 1  Process: /project_tb/UUT/line__47  File: C:/Progetto_Reti_Logiche/project_reti_logiche/project_reti_logiche.srcs/sources_1/new/project_reti_logiche.vhd
Note: 164
Time: 14647500 ps  Iteration: 1  Process: /project_tb/UUT/line__47  File: C:/Progetto_Reti_Logiche/project_reti_logiche/project_reti_logiche.srcs/sources_1/new/project_reti_logiche.vhd
Note: stato: LETTURA_BYTE indirizzo:
Time: 14737500 ps  Iteration: 1  Process: /project_tb/UUT/line__47  File: C:/Progetto_Reti_Logiche/project_reti_logiche/project_reti_logiche.srcs/sources_1/new/project_reti_logiche.vhd
Note: 165
Time: 14737500 ps  Iteration: 1  Process: /project_tb/UUT/line__47  File: C:/Progetto_Reti_Logiche/project_reti_logiche/project_reti_logiche.srcs/sources_1/new/project_reti_logiche.vhd
Note: stato: LETTURA_BYTE indirizzo:
Time: 14827500 ps  Iteration: 1  Process: /project_tb/UUT/line__47  File: C:/Progetto_Reti_Logiche/project_reti_logiche/project_reti_logiche.srcs/sources_1/new/project_reti_logiche.vhd
Note: 166
Time: 14827500 ps  Iteration: 1  Process: /project_tb/UUT/line__47  File: C:/Progetto_Reti_Logiche/project_reti_logiche/project_reti_logiche.srcs/sources_1/new/project_reti_logiche.vhd
Note: stato: LETTURA_BYTE indirizzo:
Time: 14917500 ps  Iteration: 1  Process: /project_tb/UUT/line__47  File: C:/Progetto_Reti_Logiche/project_reti_logiche/project_reti_logiche.srcs/sources_1/new/project_reti_logiche.vhd
Note: 167
Time: 14917500 ps  Iteration: 1  Process: /project_tb/UUT/line__47  File: C:/Progetto_Reti_Logiche/project_reti_logiche/project_reti_logiche.srcs/sources_1/new/project_reti_logiche.vhd
Note: stato: LETTURA_BYTE indirizzo:
Time: 15007500 ps  Iteration: 1  Process: /project_tb/UUT/line__47  File: C:/Progetto_Reti_Logiche/project_reti_logiche/project_reti_logiche.srcs/sources_1/new/project_reti_logiche.vhd
Note: 168
Time: 15007500 ps  Iteration: 1  Process: /project_tb/UUT/line__47  File: C:/Progetto_Reti_Logiche/project_reti_logiche/project_reti_logiche.srcs/sources_1/new/project_reti_logiche.vhd
Note: stato: LETTURA_BYTE indirizzo:
Time: 15097500 ps  Iteration: 1  Process: /project_tb/UUT/line__47  File: C:/Progetto_Reti_Logiche/project_reti_logiche/project_reti_logiche.srcs/sources_1/new/project_reti_logiche.vhd
Note: 169
Time: 15097500 ps  Iteration: 1  Process: /project_tb/UUT/line__47  File: C:/Progetto_Reti_Logiche/project_reti_logiche/project_reti_logiche.srcs/sources_1/new/project_reti_logiche.vhd
Note: stato: LETTURA_BYTE indirizzo:
Time: 15187500 ps  Iteration: 1  Process: /project_tb/UUT/line__47  File: C:/Progetto_Reti_Logiche/project_reti_logiche/project_reti_logiche.srcs/sources_1/new/project_reti_logiche.vhd
Note: 170
Time: 15187500 ps  Iteration: 1  Process: /project_tb/UUT/line__47  File: C:/Progetto_Reti_Logiche/project_reti_logiche/project_reti_logiche.srcs/sources_1/new/project_reti_logiche.vhd
Note: stato: LETTURA_BYTE indirizzo:
Time: 15277500 ps  Iteration: 1  Process: /project_tb/UUT/line__47  File: C:/Progetto_Reti_Logiche/project_reti_logiche/project_reti_logiche.srcs/sources_1/new/project_reti_logiche.vhd
Note: 171
Time: 15277500 ps  Iteration: 1  Process: /project_tb/UUT/line__47  File: C:/Progetto_Reti_Logiche/project_reti_logiche/project_reti_logiche.srcs/sources_1/new/project_reti_logiche.vhd
Note: stato: LETTURA_BYTE indirizzo:
Time: 15367500 ps  Iteration: 1  Process: /project_tb/UUT/line__47  File: C:/Progetto_Reti_Logiche/project_reti_logiche/project_reti_logiche.srcs/sources_1/new/project_reti_logiche.vhd
Note: 172
Time: 15367500 ps  Iteration: 1  Process: /project_tb/UUT/line__47  File: C:/Progetto_Reti_Logiche/project_reti_logiche/project_reti_logiche.srcs/sources_1/new/project_reti_logiche.vhd
Note: stato: LETTURA_BYTE indirizzo:
Time: 15457500 ps  Iteration: 1  Process: /project_tb/UUT/line__47  File: C:/Progetto_Reti_Logiche/project_reti_logiche/project_reti_logiche.srcs/sources_1/new/project_reti_logiche.vhd
Note: 173
Time: 15457500 ps  Iteration: 1  Process: /project_tb/UUT/line__47  File: C:/Progetto_Reti_Logiche/project_reti_logiche/project_reti_logiche.srcs/sources_1/new/project_reti_logiche.vhd
Note: stato: CALC_AREA 
Time: 15532500 ps  Iteration: 1  Process: /project_tb/UUT/line__47  File: C:/Progetto_Reti_Logiche/project_reti_logiche/project_reti_logiche.srcs/sources_1/new/project_reti_logiche.vhd
Failure: Simulation Ended!, test passed
Time: 15607500 ps  Iteration: 1  Process: /project_tb/test  File: C:/Progetto_Reti_Logiche/test_bench/FSM_testbench1.vhd
$finish called at time : 15607500 ps : File "C:/Progetto_Reti_Logiche/test_bench/FSM_testbench1.vhd" Line 115
