
*** Running vivado
    with args -log project_reti_logiche.vdi -applog -m64 -product Vivado -messageDb vivado.pb -mode batch -source project_reti_logiche.tcl -notrace


****** Vivado v2017.4 (64-bit)
  **** SW Build 2086221 on Fri Dec 15 20:55:39 MST 2017
  **** IP Build 2085800 on Fri Dec 15 22:25:07 MST 2017
    ** Copyright 1986-2017 Xilinx, Inc. All Rights Reserved.

source project_reti_logiche.tcl -notrace
Command: link_design -top project_reti_logiche -part xc7a200tfbg484-1
Design is defaulting to srcset: sources_1
Design is defaulting to constrset: constrs_1
INFO: [Netlist 29-17] Analyzing 92 Unisim elements for replacement
INFO: [Netlist 29-28] Unisim Transformation completed in 0 CPU seconds
INFO: [Project 1-479] Netlist was created with Vivado 2017.4
INFO: [Device 21-403] Loading part xc7a200tfbg484-1
INFO: [Project 1-570] Preparing netlist for logic optimization
Parsing XDC File [C:/Progetto_Reti_Logiche/project_reti_logiche/project_reti_logiche.srcs/constrs_1/new/timing.xdc]
Finished Parsing XDC File [C:/Progetto_Reti_Logiche/project_reti_logiche/project_reti_logiche.srcs/constrs_1/new/timing.xdc]
INFO: [Opt 31-138] Pushed 0 inverter(s) to 0 load pin(s).
INFO: [Project 1-111] Unisim Transformation Summary:
No Unisim elements were transformed.

7 Infos, 0 Warnings, 0 Critical Warnings and 0 Errors encountered.
link_design completed successfully
link_design: Time (s): cpu = 00:00:07 ; elapsed = 00:00:08 . Memory (MB): peak = 599.453 ; gain = 373.477
Command: opt_design
Attempting to get a license for feature 'Implementation' and/or device 'xc7a200t'
INFO: [Common 17-349] Got license for feature 'Implementation' and/or device 'xc7a200t'
Running DRC as a precondition to command opt_design

Starting DRC Task
INFO: [Project 1-461] DRC finished with 0 Errors
INFO: [Project 1-462] Please refer to the DRC report (report_drc) for more information.

Time (s): cpu = 00:00:00 ; elapsed = 00:00:00.161 . Memory (MB): peak = 601.512 ; gain = 2.059
INFO: [Timing 38-35] Done setting XDC timing constraints.

Starting Logic Optimization Task

Phase 1 Retarget
INFO: [Opt 31-138] Pushed 0 inverter(s) to 0 load pin(s).
INFO: [Opt 31-49] Retargeted 0 cell(s).
Phase 1 Retarget | Checksum: b81e3676

Time (s): cpu = 00:00:00 ; elapsed = 00:00:00.116 . Memory (MB): peak = 1142.637 ; gain = 0.000
INFO: [Opt 31-389] Phase Retarget created 0 cells and removed 0 cells

Phase 2 Constant propagation
INFO: [Opt 31-138] Pushed 0 inverter(s) to 0 load pin(s).
Phase 2 Constant propagation | Checksum: 1937ccae9

Time (s): cpu = 00:00:00 ; elapsed = 00:00:00.162 . Memory (MB): peak = 1142.637 ; gain = 0.000
INFO: [Opt 31-389] Phase Constant propagation created 0 cells and removed 0 cells

Phase 3 Sweep
Phase 3 Sweep | Checksum: 164ef449a

Time (s): cpu = 00:00:00 ; elapsed = 00:00:00.215 . Memory (MB): peak = 1142.637 ; gain = 0.000
INFO: [Opt 31-389] Phase Sweep created 0 cells and removed 0 cells

Phase 4 BUFG optimization
Phase 4 BUFG optimization | Checksum: 164ef449a

Time (s): cpu = 00:00:00 ; elapsed = 00:00:00.267 . Memory (MB): peak = 1142.637 ; gain = 0.000
INFO: [Opt 31-389] Phase BUFG optimization created 0 cells and removed 0 cells

Phase 5 Shift Register Optimization
Phase 5 Shift Register Optimization | Checksum: 164ef449a

Time (s): cpu = 00:00:00 ; elapsed = 00:00:00.282 . Memory (MB): peak = 1142.637 ; gain = 0.000
INFO: [Opt 31-389] Phase Shift Register Optimization created 0 cells and removed 0 cells

Starting Connectivity Check Task

Time (s): cpu = 00:00:00 ; elapsed = 00:00:00.002 . Memory (MB): peak = 1142.637 ; gain = 0.000
Ending Logic Optimization Task | Checksum: 164ef449a

Time (s): cpu = 00:00:00 ; elapsed = 00:00:00.297 . Memory (MB): peak = 1142.637 ; gain = 0.000

Starting Power Optimization Task
INFO: [Pwropt 34-132] Skipping clock gating for clocks with a period < 2.00 ns.
Ending Power Optimization Task | Checksum: 11144c123

Time (s): cpu = 00:00:00 ; elapsed = 00:00:00.030 . Memory (MB): peak = 1142.637 ; gain = 0.000
INFO: [Common 17-83] Releasing license: Implementation
21 Infos, 0 Warnings, 0 Critical Warnings and 0 Errors encountered.
opt_design completed successfully
opt_design: Time (s): cpu = 00:00:11 ; elapsed = 00:00:12 . Memory (MB): peak = 1142.637 ; gain = 543.184
INFO: [Common 17-1381] The checkpoint 'C:/Progetto_Reti_Logiche/project_reti_logiche/project_reti_logiche.runs/impl_1/project_reti_logiche_opt.dcp' has been generated.
INFO: [runtcl-4] Executing : report_drc -file project_reti_logiche_drc_opted.rpt -pb project_reti_logiche_drc_opted.pb -rpx project_reti_logiche_drc_opted.rpx
Command: report_drc -file project_reti_logiche_drc_opted.rpt -pb project_reti_logiche_drc_opted.pb -rpx project_reti_logiche_drc_opted.rpx
INFO: [IP_Flow 19-234] Refreshing IP repositories
INFO: [IP_Flow 19-1704] No user IP repositories specified
INFO: [IP_Flow 19-2313] Loaded Vivado IP repository 'C:/Xilinx/Vivado/2017.4/data/ip'.
INFO: [Coretcl 2-168] The results of DRC are in file C:/Progetto_Reti_Logiche/project_reti_logiche/project_reti_logiche.runs/impl_1/project_reti_logiche_drc_opted.rpt.
report_drc completed successfully
INFO: [Chipscope 16-241] No debug cores found in the current design.
Before running the implement_debug_core command, either use the Set Up Debug wizard (GUI mode)
or use the create_debug_core and connect_debug_core Tcl commands to insert debug cores into the design.
Command: place_design
Attempting to get a license for feature 'Implementation' and/or device 'xc7a200t'
INFO: [Common 17-349] Got license for feature 'Implementation' and/or device 'xc7a200t'
INFO: [Vivado_Tcl 4-198] DRC finished with 0 Errors
INFO: [Vivado_Tcl 4-199] Please refer to the DRC report (report_drc) for more information.
Running DRC as a precondition to command place_design
INFO: [Vivado_Tcl 4-198] DRC finished with 0 Errors
INFO: [Vivado_Tcl 4-199] Please refer to the DRC report (report_drc) for more information.

Starting Placer Task

Phase 1 Placer Initialization

Phase 1.1 Placer Initialization Netlist Sorting
Netlist sorting complete. Time (s): cpu = 00:00:00 ; elapsed = 00:00:00.003 . Memory (MB): peak = 1142.637 ; gain = 0.000
Phase 1.1 Placer Initialization Netlist Sorting | Checksum: 9838fac9

Time (s): cpu = 00:00:00 ; elapsed = 00:00:00.053 . Memory (MB): peak = 1142.637 ; gain = 0.000
INFO: [Timing 38-35] Done setting XDC timing constraints.
INFO: [Opt 31-138] Pushed 0 inverter(s) to 0 load pin(s).
Netlist sorting complete. Time (s): cpu = 00:00:00 ; elapsed = 00:00:00 . Memory (MB): peak = 1148.453 ; gain = 0.000

Phase 1.2 IO Placement/ Clock Placement/ Build Placer Device
INFO: [Timing 38-35] Done setting XDC timing constraints.
Phase 1.2 IO Placement/ Clock Placement/ Build Placer Device | Checksum: ba3f34a7

Time (s): cpu = 00:00:04 ; elapsed = 00:00:04 . Memory (MB): peak = 1154.156 ; gain = 11.520

Phase 1.3 Build Placer Netlist Model
Phase 1.3 Build Placer Netlist Model | Checksum: d2e50d59

Time (s): cpu = 00:00:04 ; elapsed = 00:00:04 . Memory (MB): peak = 1162.801 ; gain = 20.164

Phase 1.4 Constrain Clocks/Macros
Phase 1.4 Constrain Clocks/Macros | Checksum: d2e50d59

Time (s): cpu = 00:00:04 ; elapsed = 00:00:04 . Memory (MB): peak = 1162.801 ; gain = 20.164
Phase 1 Placer Initialization | Checksum: d2e50d59

Time (s): cpu = 00:00:04 ; elapsed = 00:00:04 . Memory (MB): peak = 1162.801 ; gain = 20.164

Phase 2 Global Placement
Phase 2 Global Placement | Checksum: 1411e633d

Time (s): cpu = 00:00:05 ; elapsed = 00:00:06 . Memory (MB): peak = 1162.801 ; gain = 20.164

Phase 3 Detail Placement

Phase 3.1 Commit Multi Column Macros
Phase 3.1 Commit Multi Column Macros | Checksum: 1411e633d

Time (s): cpu = 00:00:05 ; elapsed = 00:00:06 . Memory (MB): peak = 1162.801 ; gain = 20.164

Phase 3.2 Commit Most Macros & LUTRAMs
Phase 3.2 Commit Most Macros & LUTRAMs | Checksum: 1bce4ac28

Time (s): cpu = 00:00:05 ; elapsed = 00:00:06 . Memory (MB): peak = 1162.801 ; gain = 20.164

Phase 3.3 Area Swap Optimization
Phase 3.3 Area Swap Optimization | Checksum: 1b61a17d8

Time (s): cpu = 00:00:05 ; elapsed = 00:00:06 . Memory (MB): peak = 1162.801 ; gain = 20.164

Phase 3.4 Pipeline Register Optimization
Phase 3.4 Pipeline Register Optimization | Checksum: 1b61a17d8

Time (s): cpu = 00:00:05 ; elapsed = 00:00:06 . Memory (MB): peak = 1162.801 ; gain = 20.164

Phase 3.5 Small Shape Detail Placement
Phase 3.5 Small Shape Detail Placement | Checksum: 10a3e08e1

Time (s): cpu = 00:00:06 ; elapsed = 00:00:07 . Memory (MB): peak = 1165.508 ; gain = 22.871

Phase 3.6 Re-assign LUT pins
Phase 3.6 Re-assign LUT pins | Checksum: edbc903f

Time (s): cpu = 00:00:06 ; elapsed = 00:00:07 . Memory (MB): peak = 1165.508 ; gain = 22.871

Phase 3.7 Pipeline Register Optimization
Phase 3.7 Pipeline Register Optimization | Checksum: edbc903f

Time (s): cpu = 00:00:06 ; elapsed = 00:00:07 . Memory (MB): peak = 1165.508 ; gain = 22.871
Phase 3 Detail Placement | Checksum: edbc903f

Time (s): cpu = 00:00:06 ; elapsed = 00:00:07 . Memory (MB): peak = 1165.508 ; gain = 22.871

Phase 4 Post Placement Optimization and Clean-Up

Phase 4.1 Post Commit Optimization
INFO: [Timing 38-35] Done setting XDC timing constraints.

Phase 4.1.1 Post Placement Optimization
Post Placement Optimization Initialization | Checksum: c0c6a3cd

Phase 4.1.1.1 BUFG Insertion
INFO: [Physopt 32-721] Multithreading enabled for phys_opt_design using a maximum of 1 CPUs
INFO: [Place 46-31] BUFG insertion identified 0 candidate nets, 0 success, 0 skipped for placement/routing, 0 skipped for timing, 0 skipped for netlist change reason.
Phase 4.1.1.1 BUFG Insertion | Checksum: c0c6a3cd

Time (s): cpu = 00:00:06 ; elapsed = 00:00:07 . Memory (MB): peak = 1188.508 ; gain = 45.871
INFO: [Place 30-746] Post Placement Timing Summary WNS=0.732. For the most accurate timing information please run report_timing.
Phase 4.1.1 Post Placement Optimization | Checksum: e1cc7a14

Time (s): cpu = 00:00:06 ; elapsed = 00:00:07 . Memory (MB): peak = 1188.508 ; gain = 45.871
Phase 4.1 Post Commit Optimization | Checksum: e1cc7a14

Time (s): cpu = 00:00:06 ; elapsed = 00:00:07 . Memory (MB): peak = 1188.508 ; gain = 45.871

Phase 4.2 Post Placement Cleanup
Phase 4.2 Post Placement Cleanup | Checksum: e1cc7a14

Time (s): cpu = 00:00:06 ; elapsed = 00:00:07 . Memory (MB): peak = 1188.508 ; gain = 45.871

Phase 4.3 Placer Reporting
Phase 4.3 Placer Reporting | Checksum: e1cc7a14

Time (s): cpu = 00:00:06 ; elapsed = 00:00:07 . Memory (MB): peak = 1188.508 ; gain = 45.871

Phase 4.4 Final Placement Cleanup
Phase 4.4 Final Placement Cleanup | Checksum: a60e0cc4

Time (s): cpu = 00:00:06 ; elapsed = 00:00:07 . Memory (MB): peak = 1188.508 ; gain = 45.871
Phase 4 Post Placement Optimization and Clean-Up | Checksum: a60e0cc4

Time (s): cpu = 00:00:06 ; elapsed = 00:00:07 . Memory (MB): peak = 1188.508 ; gain = 45.871
Ending Placer Task | Checksum: 6ba81e2f

Time (s): cpu = 00:00:06 ; elapsed = 00:00:07 . Memory (MB): peak = 1188.508 ; gain = 45.871
INFO: [Common 17-83] Releasing license: Implementation
41 Infos, 0 Warnings, 0 Critical Warnings and 0 Errors encountered.
place_design completed successfully
place_design: Time (s): cpu = 00:00:06 ; elapsed = 00:00:08 . Memory (MB): peak = 1188.508 ; gain = 45.871
Writing placer database...
Writing XDEF routing.
Writing XDEF routing logical nets.
Writing XDEF routing special nets.
Write XDEF Complete: Time (s): cpu = 00:00:00 ; elapsed = 00:00:00.143 . Memory (MB): peak = 1188.508 ; gain = 0.000
INFO: [Common 17-1381] The checkpoint 'C:/Progetto_Reti_Logiche/project_reti_logiche/project_reti_logiche.runs/impl_1/project_reti_logiche_placed.dcp' has been generated.
INFO: [runtcl-4] Executing : report_io -file project_reti_logiche_io_placed.rpt
report_io: Time (s): cpu = 00:00:00 ; elapsed = 00:00:00.097 . Memory (MB): peak = 1188.508 ; gain = 0.000
INFO: [runtcl-4] Executing : report_utilization -file project_reti_logiche_utilization_placed.rpt -pb project_reti_logiche_utilization_placed.pb
report_utilization: Time (s): cpu = 00:00:00 ; elapsed = 00:00:00.135 . Memory (MB): peak = 1188.508 ; gain = 0.000
INFO: [runtcl-4] Executing : report_control_sets -verbose -file project_reti_logiche_control_sets_placed.rpt
report_control_sets: Time (s): cpu = 00:00:00 ; elapsed = 00:00:00.012 . Memory (MB): peak = 1188.508 ; gain = 0.000
Command: route_design
Attempting to get a license for feature 'Implementation' and/or device 'xc7a200t'
INFO: [Common 17-349] Got license for feature 'Implementation' and/or device 'xc7a200t'
Running DRC as a precondition to command route_design
INFO: [Vivado_Tcl 4-198] DRC finished with 0 Errors
INFO: [Vivado_Tcl 4-199] Please refer to the DRC report (report_drc) for more information.


Starting Routing Task
Checksum: PlaceDB: 350f2b0 ConstDB: 0 ShapeSum: 68572b7f RouteDB: 0

Phase 1 Build RT Design
Phase 1 Build RT Design | Checksum: afc24238

Time (s): cpu = 00:01:04 ; elapsed = 00:01:10 . Memory (MB): peak = 1435.957 ; gain = 247.449
Post Restoration Checksum: NetGraph: 7bf75e08 NumContArr: 33cae430 Constraints: 0 Timing: 0

Phase 2 Router Initialization

Phase 2.1 Create Timer
Phase 2.1 Create Timer | Checksum: afc24238

Time (s): cpu = 00:01:05 ; elapsed = 00:01:10 . Memory (MB): peak = 1435.957 ; gain = 247.449

Phase 2.2 Fix Topology Constraints
Phase 2.2 Fix Topology Constraints | Checksum: afc24238

Time (s): cpu = 00:01:05 ; elapsed = 00:01:10 . Memory (MB): peak = 1435.957 ; gain = 247.449

Phase 2.3 Pre Route Cleanup
Phase 2.3 Pre Route Cleanup | Checksum: afc24238

Time (s): cpu = 00:01:05 ; elapsed = 00:01:10 . Memory (MB): peak = 1435.957 ; gain = 247.449
 Number of Nodes with overlaps = 0

Phase 2.4 Update Timing
Phase 2.4 Update Timing | Checksum: dd26ea9e

Time (s): cpu = 00:01:05 ; elapsed = 00:01:11 . Memory (MB): peak = 1469.695 ; gain = 281.188
INFO: [Route 35-416] Intermediate Timing Summary | WNS=0.663  | TNS=0.000  | WHS=-0.121 | THS=-1.985 |

Phase 2 Router Initialization | Checksum: ea1c5602

Time (s): cpu = 00:01:05 ; elapsed = 00:01:11 . Memory (MB): peak = 1469.695 ; gain = 281.188

Phase 3 Initial Routing
Phase 3 Initial Routing | Checksum: 1e38a28a2

Time (s): cpu = 00:01:06 ; elapsed = 00:01:11 . Memory (MB): peak = 1469.695 ; gain = 281.188

Phase 4 Rip-up And Reroute

Phase 4.1 Global Iteration 0
 Number of Nodes with overlaps = 35
 Number of Nodes with overlaps = 0
INFO: [Route 35-416] Intermediate Timing Summary | WNS=0.684  | TNS=0.000  | WHS=N/A    | THS=N/A    |

Phase 4.1 Global Iteration 0 | Checksum: 1c2ff164d

Time (s): cpu = 00:01:06 ; elapsed = 00:01:12 . Memory (MB): peak = 1469.695 ; gain = 281.188
Phase 4 Rip-up And Reroute | Checksum: 1c2ff164d

Time (s): cpu = 00:01:06 ; elapsed = 00:01:12 . Memory (MB): peak = 1469.695 ; gain = 281.188

Phase 5 Delay and Skew Optimization

Phase 5.1 Delay CleanUp

Phase 5.1.1 Update Timing
Phase 5.1.1 Update Timing | Checksum: 1d2f98570

Time (s): cpu = 00:01:06 ; elapsed = 00:01:12 . Memory (MB): peak = 1469.695 ; gain = 281.188
INFO: [Route 35-416] Intermediate Timing Summary | WNS=0.763  | TNS=0.000  | WHS=N/A    | THS=N/A    |

Phase 5.1 Delay CleanUp | Checksum: 1d2f98570

Time (s): cpu = 00:01:06 ; elapsed = 00:01:12 . Memory (MB): peak = 1469.695 ; gain = 281.188

Phase 5.2 Clock Skew Optimization
Phase 5.2 Clock Skew Optimization | Checksum: 1d2f98570

Time (s): cpu = 00:01:06 ; elapsed = 00:01:12 . Memory (MB): peak = 1469.695 ; gain = 281.188
Phase 5 Delay and Skew Optimization | Checksum: 1d2f98570

Time (s): cpu = 00:01:06 ; elapsed = 00:01:12 . Memory (MB): peak = 1469.695 ; gain = 281.188

Phase 6 Post Hold Fix

Phase 6.1 Hold Fix Iter

Phase 6.1.1 Update Timing
Phase 6.1.1 Update Timing | Checksum: 1bc48d698

Time (s): cpu = 00:01:06 ; elapsed = 00:01:12 . Memory (MB): peak = 1469.695 ; gain = 281.188
INFO: [Route 35-416] Intermediate Timing Summary | WNS=0.763  | TNS=0.000  | WHS=0.095  | THS=0.000  |

Phase 6.1 Hold Fix Iter | Checksum: 174e4a48f

Time (s): cpu = 00:01:06 ; elapsed = 00:01:12 . Memory (MB): peak = 1469.695 ; gain = 281.188
Phase 6 Post Hold Fix | Checksum: 174e4a48f

Time (s): cpu = 00:01:06 ; elapsed = 00:01:12 . Memory (MB): peak = 1469.695 ; gain = 281.188

Phase 7 Route finalize

Router Utilization Summary
  Global Vertical Routing Utilization    = 0.0458346 %
  Global Horizontal Routing Utilization  = 0.0559484 %
  Routable Net Status*
  *Does not include unroutable nets such as driverless and loadless.
  Run report_route_status for detailed report.
  Number of Failed Nets               = 0
  Number of Unrouted Nets             = 0
  Number of Partially Routed Nets     = 0
  Number of Node Overlaps             = 0

Phase 7 Route finalize | Checksum: 1a0c73937

Time (s): cpu = 00:01:06 ; elapsed = 00:01:12 . Memory (MB): peak = 1469.695 ; gain = 281.188

Phase 8 Verifying routed nets

 Verification completed successfully
Phase 8 Verifying routed nets | Checksum: 1a0c73937

Time (s): cpu = 00:01:06 ; elapsed = 00:01:12 . Memory (MB): peak = 1469.695 ; gain = 281.188

Phase 9 Depositing Routes
Phase 9 Depositing Routes | Checksum: 235c1878d

Time (s): cpu = 00:01:06 ; elapsed = 00:01:12 . Memory (MB): peak = 1469.695 ; gain = 281.188

Phase 10 Post Router Timing
INFO: [Route 35-57] Estimated Timing Summary | WNS=0.763  | TNS=0.000  | WHS=0.095  | THS=0.000  |

INFO: [Route 35-327] The final timing numbers are based on the router estimated timing analysis. For a complete and accurate timing signoff, please run report_timing_summary.
Phase 10 Post Router Timing | Checksum: 235c1878d

Time (s): cpu = 00:01:06 ; elapsed = 00:01:12 . Memory (MB): peak = 1469.695 ; gain = 281.188
INFO: [Route 35-16] Router Completed Successfully

Time (s): cpu = 00:01:06 ; elapsed = 00:01:12 . Memory (MB): peak = 1469.695 ; gain = 281.188

Routing Is Done.
INFO: [Common 17-83] Releasing license: Implementation
56 Infos, 0 Warnings, 0 Critical Warnings and 0 Errors encountered.
route_design completed successfully
route_design: Time (s): cpu = 00:01:07 ; elapsed = 00:01:13 . Memory (MB): peak = 1469.695 ; gain = 281.188
Writing placer database...
Writing XDEF routing.
Writing XDEF routing logical nets.
Writing XDEF routing special nets.
Write XDEF Complete: Time (s): cpu = 00:00:00 ; elapsed = 00:00:00.118 . Memory (MB): peak = 1469.695 ; gain = 0.000
INFO: [Common 17-1381] The checkpoint 'C:/Progetto_Reti_Logiche/project_reti_logiche/project_reti_logiche.runs/impl_1/project_reti_logiche_routed.dcp' has been generated.
INFO: [runtcl-4] Executing : report_drc -file project_reti_logiche_drc_routed.rpt -pb project_reti_logiche_drc_routed.pb -rpx project_reti_logiche_drc_routed.rpx
Command: report_drc -file project_reti_logiche_drc_routed.rpt -pb project_reti_logiche_drc_routed.pb -rpx project_reti_logiche_drc_routed.rpx
INFO: [IP_Flow 19-1839] IP Catalog is up to date.
INFO: [Coretcl 2-168] The results of DRC are in file C:/Progetto_Reti_Logiche/project_reti_logiche/project_reti_logiche.runs/impl_1/project_reti_logiche_drc_routed.rpt.
report_drc completed successfully
INFO: [runtcl-4] Executing : report_methodology -file project_reti_logiche_methodology_drc_routed.rpt -pb project_reti_logiche_methodology_drc_routed.pb -rpx project_reti_logiche_methodology_drc_routed.rpx
Command: report_methodology -file project_reti_logiche_methodology_drc_routed.rpt -pb project_reti_logiche_methodology_drc_routed.pb -rpx project_reti_logiche_methodology_drc_routed.rpx
INFO: [Timing 38-35] Done setting XDC timing constraints.
INFO: [Timing 38-35] Done setting XDC timing constraints.
INFO: [Coretcl 2-1520] The results of Report Methodology are in file C:/Progetto_Reti_Logiche/project_reti_logiche/project_reti_logiche.runs/impl_1/project_reti_logiche_methodology_drc_routed.rpt.
report_methodology completed successfully
INFO: [runtcl-4] Executing : report_power -file project_reti_logiche_power_routed.rpt -pb project_reti_logiche_power_summary_routed.pb -rpx project_reti_logiche_power_routed.rpx
Command: report_power -file project_reti_logiche_power_routed.rpt -pb project_reti_logiche_power_summary_routed.pb -rpx project_reti_logiche_power_routed.rpx
INFO: [Timing 38-35] Done setting XDC timing constraints.
Running Vector-less Activity Propagation...

Finished Running Vector-less Activity Propagation
66 Infos, 0 Warnings, 0 Critical Warnings and 0 Errors encountered.
report_power completed successfully
INFO: [runtcl-4] Executing : report_route_status -file project_reti_logiche_route_status.rpt -pb project_reti_logiche_route_status.pb
INFO: [runtcl-4] Executing : report_timing_summary -max_paths 10 -file project_reti_logiche_timing_summary_routed.rpt -rpx project_reti_logiche_timing_summary_routed.rpx -warn_on_violation 
INFO: [Timing 38-91] UpdateTimingParams: Speed grade: -1, Delay Type: min_max.
INFO: [runtcl-4] Executing : report_incremental_reuse -file project_reti_logiche_incremental_reuse_routed.rpt
INFO: [Vivado_Tcl 4-545] No incremental reuse to report, no incremental placement and routing data was found.
INFO: [runtcl-4] Executing : report_clock_utilization -file project_reti_logiche_clock_utilization_routed.rpt
INFO: [Common 17-206] Exiting Vivado at Wed Mar  7 17:28:23 2018...
