#-----------------------------------------------------------
# Vivado v2017.4 (64-bit)
# SW Build 2086221 on Fri Dec 15 20:55:39 MST 2017
# IP Build 2085800 on Fri Dec 15 22:25:07 MST 2017
# Start of session at: Tue Mar  6 00:24:02 2018
# Process ID: 2844
# Current directory: C:/Progetto_Reti_Logiche_old/project_reti_logiche
# Command line: vivado.exe -gui_launcher_event rodinguilauncherevent3468 C:\Progetto_Reti_Logiche_old\project_reti_logiche\project_reti_logiche.xpr
# Log file: C:/Progetto_Reti_Logiche_old/project_reti_logiche/vivado.log
# Journal file: C:/Progetto_Reti_Logiche_old/project_reti_logiche\vivado.jou
#-----------------------------------------------------------
start_gui
open_project C:/Progetto_Reti_Logiche_old/project_reti_logiche/project_reti_logiche.xpr
INFO: [Project 1-313] Project file moved from 'C:/Progetto_Reti_Logiche/project_reti_logiche' since last save.
CRITICAL WARNING: [Project 1-19] Could not find the file 'C:/Progetto_reti_logiche/test_bench/FSM_testbench1.vhd'.
CRITICAL WARNING: [Project 1-19] Could not find the file 'C:/Progetto_reti_logiche/test_bench/FSM_testbench2.vhd'.
CRITICAL WARNING: [Project 1-19] Could not find the file 'C:/Progetto_reti_logiche/test_bench/FSM_testbench4.vhd'.
Scanning sources...
Finished scanning sources
INFO: [IP_Flow 19-234] Refreshing IP repositories
INFO: [IP_Flow 19-1704] No user IP repositories specified
INFO: [IP_Flow 19-2313] Loaded Vivado IP repository 'C:/Xilinx/Vivado/2017.4/data/ip'.
open_project: Time (s): cpu = 00:00:07 ; elapsed = 00:00:08 . Memory (MB): peak = 527.199 ; gain = 48.594
update_compile_order -fileset sources_1
update_compile_order -fileset sim_1
update_compile_order -fileset sim_2
update_compile_order -fileset sim_4
close_project
exit
INFO: [Common 17-206] Exiting Vivado at Tue Mar  6 00:26:47 2018...
