#-----------------------------------------------------------
# Vivado v2017.4 (64-bit)
# SW Build 2086221 on Fri Dec 15 20:55:39 MST 2017
# IP Build 2085800 on Fri Dec 15 22:25:07 MST 2017
# Start of session at: Sat Mar  3 00:11:58 2018
# Process ID: 1004
# Current directory: C:/Progetto_Reti_Logiche/project_reti_logiche
# Command line: vivado.exe -gui_launcher_event rodinguilauncherevent5844 C:\Progetto_Reti_Logiche\project_reti_logiche\project_reti_logiche.xpr
# Log file: C:/Progetto_Reti_Logiche/project_reti_logiche/vivado.log
# Journal file: C:/Progetto_Reti_Logiche/project_reti_logiche\vivado.jou
#-----------------------------------------------------------
start_gui
open_project C:/Progetto_Reti_Logiche/project_reti_logiche/project_reti_logiche.xpr
Scanning sources...
Finished scanning sources
INFO: [IP_Flow 19-234] Refreshing IP repositories
INFO: [IP_Flow 19-1704] No user IP repositories specified
INFO: [IP_Flow 19-2313] Loaded Vivado IP repository 'C:/Xilinx/Vivado/2017.4/data/ip'.
open_project: Time (s): cpu = 00:00:09 ; elapsed = 00:00:12 . Memory (MB): peak = 518.996 ; gain = 43.563
update_compile_order -fileset sources_1
launch_simulation -simset sim_4
INFO: [Vivado 12-5682] Launching behavioral simulation in 'C:/Progetto_Reti_Logiche/project_reti_logiche/project_reti_logiche.sim/sim_4/behav/xsim'
INFO: [SIM-utils-51] Simulation object is 'sim_4'
INFO: [SIM-utils-54] Inspecting design source files for 'project_tb' in fileset 'sim_4'...
INFO: [USF-XSim-97] Finding global include files...
INFO: [USF-XSim-98] Fetching design files from 'sim_4'...
INFO: [USF-XSim-2] XSim::Compile design
INFO: [USF-XSim-61] Executing 'COMPILE and ANALYZE' step in 'C:/Progetto_Reti_Logiche/project_reti_logiche/project_reti_logiche.sim/sim_4/behav/xsim'
"xvhdl --incr --relax -prj project_tb_vhdl.prj"
INFO: [VRFC 10-163] Analyzing VHDL file "C:/Progetto_Reti_Logiche/project_reti_logiche/project_reti_logiche.srcs/sources_1/new/project_reti_logiche.vhd" into library xil_defaultlib
INFO: [VRFC 10-307] analyzing entity project_reti_logiche
INFO: [USF-XSim-69] 'compile' step finished in '1' seconds
INFO: [USF-XSim-3] XSim::Elaborate design
INFO: [USF-XSim-61] Executing 'ELABORATE' step in 'C:/Progetto_Reti_Logiche/project_reti_logiche/project_reti_logiche.sim/sim_4/behav/xsim'
Vivado Simulator 2017.4
Copyright 1986-1999, 2001-2016 Xilinx, Inc. All Rights Reserved.
Running: C:/Xilinx/Vivado/2017.4/bin/unwrapped/win64.o/xelab.exe -wto 0768c9d3d970421fad8df8aef60be9ad --incr --debug typical --relax --mt 2 -L xil_defaultlib -L secureip --snapshot project_tb_behav xil_defaultlib.project_tb -log elaborate.log 
Using 2 slave threads.
Starting static elaboration
Completed static elaboration
Starting simulation data flow analysis
Completed simulation data flow analysis
Time Resolution for simulation is 1ps
Compiling package std.standard
Compiling package std.textio
Compiling package ieee.std_logic_1164
Compiling package ieee.numeric_std
Compiling package ieee.std_logic_arith
Compiling package ieee.std_logic_unsigned
Compiling architecture behavioral of entity xil_defaultlib.project_reti_logiche [project_reti_logiche_default]
Compiling architecture projecttb of entity xil_defaultlib.project_tb
Built simulation snapshot project_tb_behav

****** Webtalk v2017.4 (64-bit)
  **** SW Build 2086221 on Fri Dec 15 20:55:39 MST 2017
  **** IP Build 2085800 on Fri Dec 15 22:25:07 MST 2017
    ** Copyright 1986-2017 Xilinx, Inc. All Rights Reserved.

source C:/Progetto_Reti_Logiche/project_reti_logiche/project_reti_logiche.sim/sim_4/behav/xsim/xsim.dir/project_tb_behav/webtalk/xsim_webtalk.tcl -notrace
INFO: [Common 17-186] 'C:/Progetto_Reti_Logiche/project_reti_logiche/project_reti_logiche.sim/sim_4/behav/xsim/xsim.dir/project_tb_behav/webtalk/usage_statistics_ext_xsim.xml' has been successfully sent to Xilinx on Sat Mar  3 00:25:01 2018. For additional details about this file, please refer to the WebTalk help file at C:/Xilinx/Vivado/2017.4/doc/webtalk_introduction.html.
webtalk_transmit: Time (s): cpu = 00:00:00 ; elapsed = 00:00:10 . Memory (MB): peak = 51.938 ; gain = 1.148
INFO: [Common 17-206] Exiting Webtalk at Sat Mar  3 00:25:01 2018...
run_program: Time (s): cpu = 00:00:01 ; elapsed = 00:00:15 . Memory (MB): peak = 558.363 ; gain = 0.000
INFO: [USF-XSim-69] 'elaborate' step finished in '16' seconds
INFO: [USF-XSim-4] XSim::Simulate design
INFO: [USF-XSim-61] Executing 'SIMULATE' step in 'C:/Progetto_Reti_Logiche/project_reti_logiche/project_reti_logiche.sim/sim_4/behav/xsim'
INFO: [USF-XSim-98] *** Running xsim
   with args "project_tb_behav -key {Behavioral:sim_4:Functional:project_tb} -tclbatch {project_tb.tcl} -log {simulate.log}"
INFO: [USF-XSim-8] Loading simulator feature
Vivado Simulator 2017.4
Time resolution is 1 ps
source project_tb.tcl
# set curr_wave [current_wave_config]
# if { [string length $curr_wave] == 0 } {
#   if { [llength [get_objects]] > 0} {
#     add_wave /
#     set_property needs_save false [current_wave_config]
#   } else {
#      send_msg_id Add_Wave-1 WARNING "No top level signals found. Simulator will start without a wave window. If you want to open a wave window go to 'File->New Waveform Configuration' or type 'create_wave_config' in the TCL console."
#   }
# }
WARNING: [Wavedata 42-489] Can't add object "/project_tb/RAM" to the wave window because it has 524288 bits, which exceeds the display limit of 65536 bits.  To change the display limit, use the command "set_property display_limit <new limit> [current_wave_config]".
# run 1000ms
Note: stato: CALC_AREA 
Time: 16012500 ps  Iteration: 1  Process: /project_tb/UUT/line__47  File: C:/Progetto_Reti_Logiche/project_reti_logiche/project_reti_logiche.srcs/sources_1/new/project_reti_logiche.vhd
Failure: Simulation Ended!, test passed
Time: 16147500 ps  Iteration: 1  Process: /project_tb/test  File: C:/Progetto_Reti_Logiche/test_bench/FSM_testbench4.vhd
$finish called at time : 16147500 ps : File "C:/Progetto_Reti_Logiche/test_bench/FSM_testbench4.vhd" Line 114
INFO: [USF-XSim-96] XSim completed. Design snapshot 'project_tb_behav' loaded.
INFO: [USF-XSim-97] XSim simulation ran for 1000ms
launch_simulation: Time (s): cpu = 00:00:05 ; elapsed = 00:00:25 . Memory (MB): peak = 592.590 ; gain = 34.227
launch_simulation -simset sim_3
INFO: [Vivado 12-5682] Launching behavioral simulation in 'C:/Progetto_Reti_Logiche/project_reti_logiche/project_reti_logiche.sim/sim_3/behav/xsim'
INFO: [SIM-utils-51] Simulation object is 'sim_3'
INFO: [SIM-utils-54] Inspecting design source files for 'project_tb' in fileset 'sim_3'...
INFO: [USF-XSim-97] Finding global include files...
INFO: [USF-XSim-98] Fetching design files from 'sim_3'...
INFO: [USF-XSim-2] XSim::Compile design
INFO: [USF-XSim-61] Executing 'COMPILE and ANALYZE' step in 'C:/Progetto_Reti_Logiche/project_reti_logiche/project_reti_logiche.sim/sim_3/behav/xsim'
"xvhdl --incr --relax -prj project_tb_vhdl.prj"
INFO: [VRFC 10-163] Analyzing VHDL file "C:/Progetto_Reti_Logiche/project_reti_logiche/project_reti_logiche.srcs/sources_1/new/project_reti_logiche.vhd" into library xil_defaultlib
INFO: [VRFC 10-307] analyzing entity project_reti_logiche
INFO: [USF-XSim-69] 'compile' step finished in '1' seconds
INFO: [USF-XSim-3] XSim::Elaborate design
INFO: [USF-XSim-61] Executing 'ELABORATE' step in 'C:/Progetto_Reti_Logiche/project_reti_logiche/project_reti_logiche.sim/sim_3/behav/xsim'
Vivado Simulator 2017.4
Copyright 1986-1999, 2001-2016 Xilinx, Inc. All Rights Reserved.
Running: C:/Xilinx/Vivado/2017.4/bin/unwrapped/win64.o/xelab.exe -wto 0768c9d3d970421fad8df8aef60be9ad --incr --debug typical --relax --mt 2 -L xil_defaultlib -L secureip --snapshot project_tb_behav xil_defaultlib.project_tb -log elaborate.log 
Using 2 slave threads.
Starting static elaboration
Completed static elaboration
Starting simulation data flow analysis
Completed simulation data flow analysis
Time Resolution for simulation is 1ps
Compiling package std.standard
Compiling package std.textio
Compiling package ieee.std_logic_1164
Compiling package ieee.numeric_std
Compiling package ieee.std_logic_arith
Compiling package ieee.std_logic_unsigned
Compiling architecture behavioral of entity xil_defaultlib.project_reti_logiche [project_reti_logiche_default]
Compiling architecture projecttb of entity xil_defaultlib.project_tb
Built simulation snapshot project_tb_behav
INFO: [USF-XSim-69] 'elaborate' step finished in '2' seconds
INFO: [USF-XSim-4] XSim::Simulate design
INFO: [USF-XSim-61] Executing 'SIMULATE' step in 'C:/Progetto_Reti_Logiche/project_reti_logiche/project_reti_logiche.sim/sim_3/behav/xsim'
INFO: [USF-XSim-98] *** Running xsim
   with args "project_tb_behav -key {Behavioral:sim_3:Functional:project_tb} -tclbatch {project_tb.tcl} -log {simulate.log}"
INFO: [USF-XSim-8] Loading simulator feature
Vivado Simulator 2017.4
Time resolution is 1 ps
source project_tb.tcl
# set curr_wave [current_wave_config]
# if { [string length $curr_wave] == 0 } {
#   if { [llength [get_objects]] > 0} {
#     add_wave /
#     set_property needs_save false [current_wave_config]
#   } else {
#      send_msg_id Add_Wave-1 WARNING "No top level signals found. Simulator will start without a wave window. If you want to open a wave window go to 'File->New Waveform Configuration' or type 'create_wave_config' in the TCL console."
#   }
# }
WARNING: [Wavedata 42-489] Can't add object "/project_tb/RAM" to the wave window because it has 524288 bits, which exceeds the display limit of 65536 bits.  To change the display limit, use the command "set_property display_limit <new limit> [current_wave_config]".
# run 1000ms
Note: stato: CALC_AREA 
Time: 18172500 ps  Iteration: 1  Process: /project_tb/UUT/line__47  File: C:/Progetto_Reti_Logiche/project_reti_logiche/project_reti_logiche.srcs/sources_1/new/project_reti_logiche.vhd
Failure: Simulation Ended!, test passed
Time: 18307500 ps  Iteration: 1  Process: /project_tb/test  File: C:/Progetto_Reti_Logiche/test_bench/FSM_testbench3.vhd
$finish called at time : 18307500 ps : File "C:/Progetto_Reti_Logiche/test_bench/FSM_testbench3.vhd" Line 115
INFO: [USF-XSim-96] XSim completed. Design snapshot 'project_tb_behav' loaded.
INFO: [USF-XSim-97] XSim simulation ran for 1000ms
launch_simulation: Time (s): cpu = 00:00:03 ; elapsed = 00:00:07 . Memory (MB): peak = 621.504 ; gain = 28.816
launch_simulation -simset sim_2
INFO: [Vivado 12-5682] Launching behavioral simulation in 'C:/Progetto_Reti_Logiche/project_reti_logiche/project_reti_logiche.sim/sim_2/behav/xsim'
INFO: [SIM-utils-51] Simulation object is 'sim_2'
INFO: [SIM-utils-54] Inspecting design source files for 'project_tb' in fileset 'sim_2'...
INFO: [USF-XSim-97] Finding global include files...
INFO: [USF-XSim-98] Fetching design files from 'sim_2'...
INFO: [USF-XSim-2] XSim::Compile design
INFO: [USF-XSim-61] Executing 'COMPILE and ANALYZE' step in 'C:/Progetto_Reti_Logiche/project_reti_logiche/project_reti_logiche.sim/sim_2/behav/xsim'
"xvhdl --incr --relax -prj project_tb_vhdl.prj"
INFO: [VRFC 10-163] Analyzing VHDL file "C:/Progetto_Reti_Logiche/project_reti_logiche/project_reti_logiche.srcs/sources_1/new/project_reti_logiche.vhd" into library xil_defaultlib
INFO: [VRFC 10-307] analyzing entity project_reti_logiche
INFO: [USF-XSim-69] 'compile' step finished in '1' seconds
INFO: [USF-XSim-3] XSim::Elaborate design
INFO: [USF-XSim-61] Executing 'ELABORATE' step in 'C:/Progetto_Reti_Logiche/project_reti_logiche/project_reti_logiche.sim/sim_2/behav/xsim'
Vivado Simulator 2017.4
Copyright 1986-1999, 2001-2016 Xilinx, Inc. All Rights Reserved.
Running: C:/Xilinx/Vivado/2017.4/bin/unwrapped/win64.o/xelab.exe -wto 0768c9d3d970421fad8df8aef60be9ad --incr --debug typical --relax --mt 2 -L xil_defaultlib -L secureip --snapshot project_tb_behav xil_defaultlib.project_tb -log elaborate.log 
Using 2 slave threads.
Starting static elaboration
Completed static elaboration
Starting simulation data flow analysis
Completed simulation data flow analysis
Time Resolution for simulation is 1ps
Compiling package std.standard
Compiling package std.textio
Compiling package ieee.std_logic_1164
Compiling package ieee.numeric_std
Compiling package ieee.std_logic_arith
Compiling package ieee.std_logic_unsigned
Compiling architecture behavioral of entity xil_defaultlib.project_reti_logiche [project_reti_logiche_default]
Compiling architecture projecttb of entity xil_defaultlib.project_tb
Built simulation snapshot project_tb_behav
INFO: [USF-XSim-69] 'elaborate' step finished in '2' seconds
INFO: [USF-XSim-4] XSim::Simulate design
INFO: [USF-XSim-61] Executing 'SIMULATE' step in 'C:/Progetto_Reti_Logiche/project_reti_logiche/project_reti_logiche.sim/sim_2/behav/xsim'
INFO: [USF-XSim-98] *** Running xsim
   with args "project_tb_behav -key {Behavioral:sim_2:Functional:project_tb} -tclbatch {project_tb.tcl} -log {simulate.log}"
INFO: [USF-XSim-8] Loading simulator feature
Vivado Simulator 2017.4
Time resolution is 1 ps
source project_tb.tcl
# set curr_wave [current_wave_config]
# if { [string length $curr_wave] == 0 } {
#   if { [llength [get_objects]] > 0} {
#     add_wave /
#     set_property needs_save false [current_wave_config]
#   } else {
#      send_msg_id Add_Wave-1 WARNING "No top level signals found. Simulator will start without a wave window. If you want to open a wave window go to 'File->New Waveform Configuration' or type 'create_wave_config' in the TCL console."
#   }
# }
WARNING: [Wavedata 42-489] Can't add object "/project_tb/RAM" to the wave window because it has 524288 bits, which exceeds the display limit of 65536 bits.  To change the display limit, use the command "set_property display_limit <new limit> [current_wave_config]".
# run 1000ns
Note: stato: CALC_AREA 
Time: 307500 ps  Iteration: 1  Process: /project_tb/UUT/line__47  File: C:/Progetto_Reti_Logiche/project_reti_logiche/project_reti_logiche.srcs/sources_1/new/project_reti_logiche.vhd
Failure: Simulation Ended!, test passed
Time: 412500 ps  Iteration: 1  Process: /project_tb/test  File: C:/Progetto_Reti_Logiche/test_bench/FSM_testbench2.vhd
$finish called at time : 412500 ps : File "C:/Progetto_Reti_Logiche/test_bench/FSM_testbench2.vhd" Line 116
INFO: [USF-XSim-96] XSim completed. Design snapshot 'project_tb_behav' loaded.
INFO: [USF-XSim-97] XSim simulation ran for 1000ns
launch_simulation: Time (s): cpu = 00:00:03 ; elapsed = 00:00:07 . Memory (MB): peak = 633.188 ; gain = 11.684
launch_simulation
INFO: [Vivado 12-5682] Launching behavioral simulation in 'C:/Progetto_Reti_Logiche/project_reti_logiche/project_reti_logiche.sim/sim_1/behav/xsim'
INFO: [SIM-utils-51] Simulation object is 'sim_1'
INFO: [SIM-utils-54] Inspecting design source files for 'project_tb' in fileset 'sim_1'...
INFO: [USF-XSim-97] Finding global include files...
INFO: [USF-XSim-98] Fetching design files from 'sim_1'...
INFO: [USF-XSim-2] XSim::Compile design
INFO: [USF-XSim-61] Executing 'COMPILE and ANALYZE' step in 'C:/Progetto_Reti_Logiche/project_reti_logiche/project_reti_logiche.sim/sim_1/behav/xsim'
"xvhdl --incr --relax -prj project_tb_vhdl.prj"
INFO: [VRFC 10-163] Analyzing VHDL file "C:/Progetto_Reti_Logiche/project_reti_logiche/project_reti_logiche.srcs/sources_1/new/project_reti_logiche.vhd" into library xil_defaultlib
INFO: [VRFC 10-307] analyzing entity project_reti_logiche
INFO: [USF-XSim-69] 'compile' step finished in '1' seconds
INFO: [USF-XSim-3] XSim::Elaborate design
INFO: [USF-XSim-61] Executing 'ELABORATE' step in 'C:/Progetto_Reti_Logiche/project_reti_logiche/project_reti_logiche.sim/sim_1/behav/xsim'
Vivado Simulator 2017.4
Copyright 1986-1999, 2001-2016 Xilinx, Inc. All Rights Reserved.
Running: C:/Xilinx/Vivado/2017.4/bin/unwrapped/win64.o/xelab.exe -wto 0768c9d3d970421fad8df8aef60be9ad --incr --debug typical --relax --mt 2 -L xil_defaultlib -L secureip --snapshot project_tb_behav xil_defaultlib.project_tb -log elaborate.log 
Using 2 slave threads.
Starting static elaboration
Completed static elaboration
Starting simulation data flow analysis
Completed simulation data flow analysis
Time Resolution for simulation is 1ps
Compiling package std.standard
Compiling package std.textio
Compiling package ieee.std_logic_1164
Compiling package ieee.numeric_std
Compiling package ieee.std_logic_arith
Compiling package ieee.std_logic_unsigned
Compiling architecture behavioral of entity xil_defaultlib.project_reti_logiche [project_reti_logiche_default]
Compiling architecture projecttb of entity xil_defaultlib.project_tb
Built simulation snapshot project_tb_behav

****** Webtalk v2017.4 (64-bit)
  **** SW Build 2086221 on Fri Dec 15 20:55:39 MST 2017
  **** IP Build 2085800 on Fri Dec 15 22:25:07 MST 2017
    ** Copyright 1986-2017 Xilinx, Inc. All Rights Reserved.

source C:/Progetto_Reti_Logiche/project_reti_logiche/project_reti_logiche.sim/sim_1/behav/xsim/xsim.dir/project_tb_behav/webtalk/xsim_webtalk.tcl -notrace
INFO: [Common 17-186] 'C:/Progetto_Reti_Logiche/project_reti_logiche/project_reti_logiche.sim/sim_1/behav/xsim/xsim.dir/project_tb_behav/webtalk/usage_statistics_ext_xsim.xml' has been successfully sent to Xilinx on Sat Mar  3 00:26:16 2018. For additional details about this file, please refer to the WebTalk help file at C:/Xilinx/Vivado/2017.4/doc/webtalk_introduction.html.
webtalk_transmit: Time (s): cpu = 00:00:00 ; elapsed = 00:00:10 . Memory (MB): peak = 51.836 ; gain = 1.133
INFO: [Common 17-206] Exiting Webtalk at Sat Mar  3 00:26:16 2018...
run_program: Time (s): cpu = 00:00:01 ; elapsed = 00:00:13 . Memory (MB): peak = 633.188 ; gain = 0.000
INFO: [USF-XSim-69] 'elaborate' step finished in '12' seconds
INFO: [USF-XSim-4] XSim::Simulate design
INFO: [USF-XSim-61] Executing 'SIMULATE' step in 'C:/Progetto_Reti_Logiche/project_reti_logiche/project_reti_logiche.sim/sim_1/behav/xsim'
INFO: [USF-XSim-98] *** Running xsim
   with args "project_tb_behav -key {Behavioral:sim_1:Functional:project_tb} -tclbatch {project_tb.tcl} -log {simulate.log}"
INFO: [USF-XSim-8] Loading simulator feature
Vivado Simulator 2017.4
Time resolution is 1 ps
source project_tb.tcl
# set curr_wave [current_wave_config]
# if { [string length $curr_wave] == 0 } {
#   if { [llength [get_objects]] > 0} {
#     add_wave /
#     set_property needs_save false [current_wave_config]
#   } else {
#      send_msg_id Add_Wave-1 WARNING "No top level signals found. Simulator will start without a wave window. If you want to open a wave window go to 'File->New Waveform Configuration' or type 'create_wave_config' in the TCL console."
#   }
# }
WARNING: [Wavedata 42-489] Can't add object "/project_tb/RAM" to the wave window because it has 524288 bits, which exceeds the display limit of 65536 bits.  To change the display limit, use the command "set_property display_limit <new limit> [current_wave_config]".
# log_wave -r /
WARNING: [Simtcl 6-142] log_wave skipped an HDL object or scope because of this problem: WARNING: Simulation object /project_tb/RAM was not traceable in the design for the following reason:
The number of elements in the requested object is 524288, which exceeds the maximum traceable size of 65536 elements.
The maximum can be changed with "set_property trace_limit <number of elements> [current_sim]" Tcl command.

WARNING: [Simtcl 6-142] log_wave skipped an HDL object or scope because of this problem: WARNING: Simulation object /project_tb/UUT/line__47/N_COLONNE was not traceable in the design for the following reason:
Vivado Simulator does not yet support tracing of VHDL variables.

WARNING: [Simtcl 6-142] log_wave skipped an HDL object or scope because of this problem: WARNING: Simulation object /project_tb/UUT/line__47/N_RIGHE was not traceable in the design for the following reason:
Vivado Simulator does not yet support tracing of VHDL variables.

WARNING: [Simtcl 6-142] log_wave skipped an HDL object or scope because of this problem: WARNING: Simulation object /project_tb/UUT/line__47/SOGLIA was not traceable in the design for the following reason:
Vivado Simulator does not yet support tracing of VHDL variables.

WARNING: [Simtcl 6-142] log_wave skipped an HDL object or scope because of this problem: WARNING: Simulation object /project_tb/UUT/line__47/curr_riga was not traceable in the design for the following reason:
Vivado Simulator does not yet support tracing of VHDL variables.

WARNING: [Simtcl 6-142] log_wave skipped an HDL object or scope because of this problem: WARNING: Simulation object /project_tb/UUT/line__47/curr_colonna was not traceable in the design for the following reason:
Vivado Simulator does not yet support tracing of VHDL variables.

WARNING: [Simtcl 6-142] log_wave skipped an HDL object or scope because of this problem: WARNING: Simulation object /project_tb/UUT/line__47/current_address was not traceable in the design for the following reason:
Vivado Simulator does not yet support tracing of VHDL variables.

WARNING: [Simtcl 6-142] log_wave skipped an HDL object or scope because of this problem: WARNING: Simulation object /project_tb/UUT/line__47/wait_check was not traceable in the design for the following reason:
Vivado Simulator does not yet support tracing of VHDL variables.

WARNING: [Simtcl 6-142] log_wave skipped an HDL object or scope because of this problem: WARNING: Simulation object /project_tb/UUT/line__47/pixel_corrente was not traceable in the design for the following reason:
Vivado Simulator does not yet support tracing of VHDL variables.

WARNING: [Simtcl 6-142] log_wave skipped an HDL object or scope because of this problem: WARNING: Simulation object /project_tb/UUT/line__47/x_min was not traceable in the design for the following reason:
Vivado Simulator does not yet support tracing of VHDL variables.

WARNING: [Simtcl 6-142] log_wave skipped an HDL object or scope because of this problem: WARNING: Simulation object /project_tb/UUT/line__47/y_min was not traceable in the design for the following reason:
Vivado Simulator does not yet support tracing of VHDL variables.

WARNING: [Simtcl 6-142] log_wave skipped an HDL object or scope because of this problem: WARNING: Simulation object /project_tb/UUT/line__47/x_max was not traceable in the design for the following reason:
Vivado Simulator does not yet support tracing of VHDL variables.

WARNING: [Simtcl 6-142] log_wave skipped an HDL object or scope because of this problem: WARNING: Simulation object /project_tb/UUT/line__47/y_max was not traceable in the design for the following reason:
Vivado Simulator does not yet support tracing of VHDL variables.

WARNING: [Simtcl 6-142] log_wave skipped an HDL object or scope because of this problem: WARNING: Simulation object /project_tb/UUT/line__47/altezza was not traceable in the design for the following reason:
Vivado Simulator does not yet support tracing of VHDL variables.

WARNING: [Simtcl 6-142] log_wave skipped an HDL object or scope because of this problem: WARNING: Simulation object /project_tb/UUT/line__47/lunghezza was not traceable in the design for the following reason:
Vivado Simulator does not yet support tracing of VHDL variables.

WARNING: [Simtcl 6-142] log_wave skipped an HDL object or scope because of this problem: WARNING: Simulation object /project_tb/UUT/line__47/area_int was not traceable in the design for the following reason:
Vivado Simulator does not yet support tracing of VHDL variables.

WARNING: [Simtcl 6-142] log_wave skipped an HDL object or scope because of this problem: WARNING: Simulation object /project_tb/UUT/line__47/area was not traceable in the design for the following reason:
Vivado Simulator does not yet support tracing of VHDL variables.

# run 1s
Note: stato: CALC_AREA 
Time: 15532500 ps  Iteration: 1  Process: /project_tb/UUT/line__47  File: C:/Progetto_Reti_Logiche/project_reti_logiche/project_reti_logiche.srcs/sources_1/new/project_reti_logiche.vhd
Failure: Simulation Ended!, test passed
Time: 15607500 ps  Iteration: 1  Process: /project_tb/test  File: C:/Progetto_Reti_Logiche/test_bench/FSM_testbench1.vhd
$finish called at time : 15607500 ps : File "C:/Progetto_Reti_Logiche/test_bench/FSM_testbench1.vhd" Line 115
INFO: [USF-XSim-96] XSim completed. Design snapshot 'project_tb_behav' loaded.
INFO: [USF-XSim-97] XSim simulation ran for 1s
launch_simulation: Time (s): cpu = 00:00:03 ; elapsed = 00:00:17 . Memory (MB): peak = 646.859 ; gain = 13.672
reset_run synth_1
WARNING: [Vivado 12-1017] Problems encountered:
1. Failed to delete one or more files in run directory C:/Progetto_Reti_Logiche/project_reti_logiche/project_reti_logiche.runs/synth_1

launch_runs impl_1
[Sat Mar  3 00:28:42 2018] Launched synth_1...
Run output will be captured here: C:/Progetto_Reti_Logiche/project_reti_logiche/project_reti_logiche.runs/synth_1/runme.log
[Sat Mar  3 00:28:42 2018] Launched impl_1...
Run output will be captured here: C:/Progetto_Reti_Logiche/project_reti_logiche/project_reti_logiche.runs/impl_1/runme.log
open_run impl_1
INFO: [Netlist 29-17] Analyzing 105 Unisim elements for replacement
INFO: [Netlist 29-28] Unisim Transformation completed in 0 CPU seconds
INFO: [Project 1-479] Netlist was created with Vivado 2017.4
INFO: [Device 21-403] Loading part xc7a200tfbg484-1
INFO: [Project 1-570] Preparing netlist for logic optimization
Parsing XDC File [C:/Progetto_Reti_Logiche/project_reti_logiche/.Xil/Vivado-1004-DESKTOP-3NU7J11/dcp0/project_reti_logiche.xdc]
Finished Parsing XDC File [C:/Progetto_Reti_Logiche/project_reti_logiche/.Xil/Vivado-1004-DESKTOP-3NU7J11/dcp0/project_reti_logiche.xdc]
Reading XDEF placement.
Reading placer database...
Reading XDEF routing.
Read XDEF File: Time (s): cpu = 00:00:00 ; elapsed = 00:00:00.287 . Memory (MB): peak = 1026.309 ; gain = 7.957
Restored from archive | CPU: 0.000000 secs | Memory: 0.000000 MB |
Finished XDEF File Restore: Time (s): cpu = 00:00:00 ; elapsed = 00:00:00.287 . Memory (MB): peak = 1026.309 ; gain = 7.957
INFO: [Project 1-111] Unisim Transformation Summary:
No Unisim elements were transformed.

open_run: Time (s): cpu = 00:00:12 ; elapsed = 00:00:15 . Memory (MB): peak = 1126.020 ; gain = 468.496
current_sim simulation_1
close_sim
INFO: [Simtcl 6-16] Simulation closed
close_sim: Time (s): cpu = 00:00:00 ; elapsed = 00:00:12 . Memory (MB): peak = 1699.867 ; gain = 0.000
launch_simulation -simset sim_4
INFO: [Vivado 12-5682] Launching behavioral simulation in 'C:/Progetto_Reti_Logiche/project_reti_logiche/project_reti_logiche.sim/sim_4/behav/xsim'
INFO: [SIM-utils-51] Simulation object is 'sim_4'
INFO: [SIM-utils-54] Inspecting design source files for 'project_tb' in fileset 'sim_4'...
INFO: [USF-XSim-97] Finding global include files...
INFO: [USF-XSim-98] Fetching design files from 'sim_4'...
INFO: [USF-XSim-2] XSim::Compile design
INFO: [USF-XSim-61] Executing 'COMPILE and ANALYZE' step in 'C:/Progetto_Reti_Logiche/project_reti_logiche/project_reti_logiche.sim/sim_4/behav/xsim'
"xvhdl --incr --relax -prj project_tb_vhdl.prj"
INFO: [VRFC 10-163] Analyzing VHDL file "C:/Progetto_Reti_Logiche/project_reti_logiche/project_reti_logiche.srcs/sources_1/new/project_reti_logiche.vhd" into library xil_defaultlib
INFO: [VRFC 10-307] analyzing entity project_reti_logiche
INFO: [USF-XSim-69] 'compile' step finished in '1' seconds
INFO: [USF-XSim-3] XSim::Elaborate design
INFO: [USF-XSim-61] Executing 'ELABORATE' step in 'C:/Progetto_Reti_Logiche/project_reti_logiche/project_reti_logiche.sim/sim_4/behav/xsim'
Vivado Simulator 2017.4
Copyright 1986-1999, 2001-2016 Xilinx, Inc. All Rights Reserved.
Running: C:/Xilinx/Vivado/2017.4/bin/unwrapped/win64.o/xelab.exe -wto 0768c9d3d970421fad8df8aef60be9ad --incr --debug typical --relax --mt 2 -L xil_defaultlib -L secureip --snapshot project_tb_behav xil_defaultlib.project_tb -log elaborate.log 
Using 2 slave threads.
Starting static elaboration
Completed static elaboration
Starting simulation data flow analysis
Completed simulation data flow analysis
Time Resolution for simulation is 1ps
Compiling package std.standard
Compiling package std.textio
Compiling package ieee.std_logic_1164
Compiling package ieee.numeric_std
Compiling package ieee.std_logic_arith
Compiling package ieee.std_logic_unsigned
Compiling architecture behavioral of entity xil_defaultlib.project_reti_logiche [project_reti_logiche_default]
Compiling architecture projecttb of entity xil_defaultlib.project_tb
Built simulation snapshot project_tb_behav

****** Webtalk v2017.4 (64-bit)
  **** SW Build 2086221 on Fri Dec 15 20:55:39 MST 2017
  **** IP Build 2085800 on Fri Dec 15 22:25:07 MST 2017
    ** Copyright 1986-2017 Xilinx, Inc. All Rights Reserved.

source C:/Progetto_Reti_Logiche/project_reti_logiche/project_reti_logiche.sim/sim_4/behav/xsim/xsim.dir/project_tb_behav/webtalk/xsim_webtalk.tcl -notrace
INFO: [Common 17-186] 'C:/Progetto_Reti_Logiche/project_reti_logiche/project_reti_logiche.sim/sim_4/behav/xsim/xsim.dir/project_tb_behav/webtalk/usage_statistics_ext_xsim.xml' has been successfully sent to Xilinx on Sat Mar  3 00:57:08 2018. For additional details about this file, please refer to the WebTalk help file at C:/Xilinx/Vivado/2017.4/doc/webtalk_introduction.html.
INFO: [Common 17-206] Exiting Webtalk at Sat Mar  3 00:57:08 2018...
run_program: Time (s): cpu = 00:00:00 ; elapsed = 00:00:06 . Memory (MB): peak = 1699.867 ; gain = 0.000
INFO: [USF-XSim-69] 'elaborate' step finished in '6' seconds
INFO: [USF-XSim-4] XSim::Simulate design
INFO: [USF-XSim-61] Executing 'SIMULATE' step in 'C:/Progetto_Reti_Logiche/project_reti_logiche/project_reti_logiche.sim/sim_4/behav/xsim'
INFO: [USF-XSim-98] *** Running xsim
   with args "project_tb_behav -key {Behavioral:sim_4:Functional:project_tb} -tclbatch {project_tb.tcl} -log {simulate.log}"
INFO: [USF-XSim-8] Loading simulator feature
Vivado Simulator 2017.4
Time resolution is 1 ps
source project_tb.tcl
# set curr_wave [current_wave_config]
# if { [string length $curr_wave] == 0 } {
#   if { [llength [get_objects]] > 0} {
#     add_wave /
#     set_property needs_save false [current_wave_config]
#   } else {
#      send_msg_id Add_Wave-1 WARNING "No top level signals found. Simulator will start without a wave window. If you want to open a wave window go to 'File->New Waveform Configuration' or type 'create_wave_config' in the TCL console."
#   }
# }
WARNING: [Wavedata 42-489] Can't add object "/project_tb/RAM" to the wave window because it has 524288 bits, which exceeds the display limit of 65536 bits.  To change the display limit, use the command "set_property display_limit <new limit> [current_wave_config]".
# run 1000ms
Note: stato: CALC_AREA 
Time: 16012500 ps  Iteration: 1  Process: /project_tb/UUT/line__47  File: C:/Progetto_Reti_Logiche/project_reti_logiche/project_reti_logiche.srcs/sources_1/new/project_reti_logiche.vhd
Failure: Simulation Ended!, test passed
Time: 16147500 ps  Iteration: 1  Process: /project_tb/test  File: C:/Progetto_Reti_Logiche/test_bench/FSM_testbench4.vhd
$finish called at time : 16147500 ps : File "C:/Progetto_Reti_Logiche/test_bench/FSM_testbench4.vhd" Line 114
INFO: [USF-XSim-96] XSim completed. Design snapshot 'project_tb_behav' loaded.
INFO: [USF-XSim-97] XSim simulation ran for 1000ms
launch_simulation: Time (s): cpu = 00:00:02 ; elapsed = 00:00:10 . Memory (MB): peak = 1730.770 ; gain = 30.902
current_sim simulation_4
close_sim
INFO: [Simtcl 6-16] Simulation closed
close_sim: Time (s): cpu = 00:00:01 ; elapsed = 00:00:12 . Memory (MB): peak = 1733.195 ; gain = 0.000
launch_simulation
INFO: [Vivado 12-5682] Launching behavioral simulation in 'C:/Progetto_Reti_Logiche/project_reti_logiche/project_reti_logiche.sim/sim_1/behav/xsim'
INFO: [SIM-utils-51] Simulation object is 'sim_1'
INFO: [SIM-utils-54] Inspecting design source files for 'project_tb' in fileset 'sim_1'...
INFO: [USF-XSim-97] Finding global include files...
INFO: [USF-XSim-98] Fetching design files from 'sim_1'...
INFO: [USF-XSim-2] XSim::Compile design
INFO: [USF-XSim-61] Executing 'COMPILE and ANALYZE' step in 'C:/Progetto_Reti_Logiche/project_reti_logiche/project_reti_logiche.sim/sim_1/behav/xsim'
"xvhdl --incr --relax -prj project_tb_vhdl.prj"
INFO: [VRFC 10-163] Analyzing VHDL file "C:/Progetto_Reti_Logiche/project_reti_logiche/project_reti_logiche.srcs/sources_1/new/project_reti_logiche.vhd" into library xil_defaultlib
INFO: [VRFC 10-307] analyzing entity project_reti_logiche
INFO: [USF-XSim-69] 'compile' step finished in '2' seconds
INFO: [USF-XSim-3] XSim::Elaborate design
INFO: [USF-XSim-61] Executing 'ELABORATE' step in 'C:/Progetto_Reti_Logiche/project_reti_logiche/project_reti_logiche.sim/sim_1/behav/xsim'
Vivado Simulator 2017.4
Copyright 1986-1999, 2001-2016 Xilinx, Inc. All Rights Reserved.
Running: C:/Xilinx/Vivado/2017.4/bin/unwrapped/win64.o/xelab.exe -wto 0768c9d3d970421fad8df8aef60be9ad --incr --debug typical --relax --mt 2 -L xil_defaultlib -L secureip --snapshot project_tb_behav xil_defaultlib.project_tb -log elaborate.log 
Using 2 slave threads.
Starting static elaboration
Completed static elaboration
Starting simulation data flow analysis
Completed simulation data flow analysis
Time Resolution for simulation is 1ps
Compiling package std.standard
Compiling package std.textio
Compiling package ieee.std_logic_1164
Compiling package ieee.numeric_std
Compiling package ieee.std_logic_arith
Compiling package ieee.std_logic_unsigned
Compiling architecture behavioral of entity xil_defaultlib.project_reti_logiche [project_reti_logiche_default]
Compiling architecture projecttb of entity xil_defaultlib.project_tb
Built simulation snapshot project_tb_behav

****** Webtalk v2017.4 (64-bit)
  **** SW Build 2086221 on Fri Dec 15 20:55:39 MST 2017
  **** IP Build 2085800 on Fri Dec 15 22:25:07 MST 2017
    ** Copyright 1986-2017 Xilinx, Inc. All Rights Reserved.

source C:/Progetto_Reti_Logiche/project_reti_logiche/project_reti_logiche.sim/sim_1/behav/xsim/xsim.dir/project_tb_behav/webtalk/xsim_webtalk.tcl -notrace
INFO: [Common 17-186] 'C:/Progetto_Reti_Logiche/project_reti_logiche/project_reti_logiche.sim/sim_1/behav/xsim/xsim.dir/project_tb_behav/webtalk/usage_statistics_ext_xsim.xml' has been successfully sent to Xilinx on Sat Mar  3 00:57:55 2018. For additional details about this file, please refer to the WebTalk help file at C:/Xilinx/Vivado/2017.4/doc/webtalk_introduction.html.
webtalk_transmit: Time (s): cpu = 00:00:00 ; elapsed = 00:00:10 . Memory (MB): peak = 51.859 ; gain = 1.047
INFO: [Common 17-206] Exiting Webtalk at Sat Mar  3 00:57:55 2018...
run_program: Time (s): cpu = 00:00:01 ; elapsed = 00:00:13 . Memory (MB): peak = 1733.195 ; gain = 0.000
INFO: [USF-XSim-69] 'elaborate' step finished in '12' seconds
INFO: [USF-XSim-4] XSim::Simulate design
INFO: [USF-XSim-61] Executing 'SIMULATE' step in 'C:/Progetto_Reti_Logiche/project_reti_logiche/project_reti_logiche.sim/sim_1/behav/xsim'
INFO: [USF-XSim-98] *** Running xsim
   with args "project_tb_behav -key {Behavioral:sim_1:Functional:project_tb} -tclbatch {project_tb.tcl} -log {simulate.log}"
INFO: [USF-XSim-8] Loading simulator feature
Vivado Simulator 2017.4
Time resolution is 1 ps
source project_tb.tcl
# set curr_wave [current_wave_config]
# if { [string length $curr_wave] == 0 } {
#   if { [llength [get_objects]] > 0} {
#     add_wave /
#     set_property needs_save false [current_wave_config]
#   } else {
#      send_msg_id Add_Wave-1 WARNING "No top level signals found. Simulator will start without a wave window. If you want to open a wave window go to 'File->New Waveform Configuration' or type 'create_wave_config' in the TCL console."
#   }
# }
WARNING: [Wavedata 42-489] Can't add object "/project_tb/RAM" to the wave window because it has 524288 bits, which exceeds the display limit of 65536 bits.  To change the display limit, use the command "set_property display_limit <new limit> [current_wave_config]".
# log_wave -r /
WARNING: [Simtcl 6-142] log_wave skipped an HDL object or scope because of this problem: WARNING: Simulation object /project_tb/RAM was not traceable in the design for the following reason:
The number of elements in the requested object is 524288, which exceeds the maximum traceable size of 65536 elements.
The maximum can be changed with "set_property trace_limit <number of elements> [current_sim]" Tcl command.

WARNING: [Simtcl 6-142] log_wave skipped an HDL object or scope because of this problem: WARNING: Simulation object /project_tb/UUT/line__47/N_COLONNE was not traceable in the design for the following reason:
Vivado Simulator does not yet support tracing of VHDL variables.

WARNING: [Simtcl 6-142] log_wave skipped an HDL object or scope because of this problem: WARNING: Simulation object /project_tb/UUT/line__47/N_RIGHE was not traceable in the design for the following reason:
Vivado Simulator does not yet support tracing of VHDL variables.

WARNING: [Simtcl 6-142] log_wave skipped an HDL object or scope because of this problem: WARNING: Simulation object /project_tb/UUT/line__47/SOGLIA was not traceable in the design for the following reason:
Vivado Simulator does not yet support tracing of VHDL variables.

WARNING: [Simtcl 6-142] log_wave skipped an HDL object or scope because of this problem: WARNING: Simulation object /project_tb/UUT/line__47/curr_riga was not traceable in the design for the following reason:
Vivado Simulator does not yet support tracing of VHDL variables.

WARNING: [Simtcl 6-142] log_wave skipped an HDL object or scope because of this problem: WARNING: Simulation object /project_tb/UUT/line__47/curr_colonna was not traceable in the design for the following reason:
Vivado Simulator does not yet support tracing of VHDL variables.

WARNING: [Simtcl 6-142] log_wave skipped an HDL object or scope because of this problem: WARNING: Simulation object /project_tb/UUT/line__47/current_address was not traceable in the design for the following reason:
Vivado Simulator does not yet support tracing of VHDL variables.

WARNING: [Simtcl 6-142] log_wave skipped an HDL object or scope because of this problem: WARNING: Simulation object /project_tb/UUT/line__47/pixel_corrente was not traceable in the design for the following reason:
Vivado Simulator does not yet support tracing of VHDL variables.

WARNING: [Simtcl 6-142] log_wave skipped an HDL object or scope because of this problem: WARNING: Simulation object /project_tb/UUT/line__47/x_min was not traceable in the design for the following reason:
Vivado Simulator does not yet support tracing of VHDL variables.

WARNING: [Simtcl 6-142] log_wave skipped an HDL object or scope because of this problem: WARNING: Simulation object /project_tb/UUT/line__47/y_min was not traceable in the design for the following reason:
Vivado Simulator does not yet support tracing of VHDL variables.

WARNING: [Simtcl 6-142] log_wave skipped an HDL object or scope because of this problem: WARNING: Simulation object /project_tb/UUT/line__47/x_max was not traceable in the design for the following reason:
Vivado Simulator does not yet support tracing of VHDL variables.

WARNING: [Simtcl 6-142] log_wave skipped an HDL object or scope because of this problem: WARNING: Simulation object /project_tb/UUT/line__47/y_max was not traceable in the design for the following reason:
Vivado Simulator does not yet support tracing of VHDL variables.

WARNING: [Simtcl 6-142] log_wave skipped an HDL object or scope because of this problem: WARNING: Simulation object /project_tb/UUT/line__47/altezza was not traceable in the design for the following reason:
Vivado Simulator does not yet support tracing of VHDL variables.

WARNING: [Simtcl 6-142] log_wave skipped an HDL object or scope because of this problem: WARNING: Simulation object /project_tb/UUT/line__47/lunghezza was not traceable in the design for the following reason:
Vivado Simulator does not yet support tracing of VHDL variables.

WARNING: [Simtcl 6-142] log_wave skipped an HDL object or scope because of this problem: WARNING: Simulation object /project_tb/UUT/line__47/area_int was not traceable in the design for the following reason:
Vivado Simulator does not yet support tracing of VHDL variables.

WARNING: [Simtcl 6-142] log_wave skipped an HDL object or scope because of this problem: WARNING: Simulation object /project_tb/UUT/line__47/area was not traceable in the design for the following reason:
Vivado Simulator does not yet support tracing of VHDL variables.

# run 1s
Note: stato: CALC_AREA 
Time: 15532500 ps  Iteration: 1  Process: /project_tb/UUT/line__47  File: C:/Progetto_Reti_Logiche/project_reti_logiche/project_reti_logiche.srcs/sources_1/new/project_reti_logiche.vhd
Failure: Simulation Ended!, test passed
Time: 15607500 ps  Iteration: 1  Process: /project_tb/test  File: C:/Progetto_Reti_Logiche/test_bench/FSM_testbench1.vhd
$finish called at time : 15607500 ps : File "C:/Progetto_Reti_Logiche/test_bench/FSM_testbench1.vhd" Line 115
INFO: [USF-XSim-96] XSim completed. Design snapshot 'project_tb_behav' loaded.
INFO: [USF-XSim-97] XSim simulation ran for 1s
launch_simulation: Time (s): cpu = 00:00:02 ; elapsed = 00:00:17 . Memory (MB): peak = 1733.195 ; gain = 0.000
current_sim simulation_2
close_sim
INFO: [Simtcl 6-16] Simulation closed
launch_simulation -simset sim_3
INFO: [Vivado 12-5682] Launching behavioral simulation in 'C:/Progetto_Reti_Logiche/project_reti_logiche/project_reti_logiche.sim/sim_3/behav/xsim'
INFO: [SIM-utils-51] Simulation object is 'sim_3'
INFO: [SIM-utils-54] Inspecting design source files for 'project_tb' in fileset 'sim_3'...
INFO: [USF-XSim-97] Finding global include files...
INFO: [USF-XSim-98] Fetching design files from 'sim_3'...
INFO: [USF-XSim-2] XSim::Compile design
INFO: [USF-XSim-61] Executing 'COMPILE and ANALYZE' step in 'C:/Progetto_Reti_Logiche/project_reti_logiche/project_reti_logiche.sim/sim_3/behav/xsim'
"xvhdl --incr --relax -prj project_tb_vhdl.prj"
INFO: [VRFC 10-163] Analyzing VHDL file "C:/Progetto_Reti_Logiche/project_reti_logiche/project_reti_logiche.srcs/sources_1/new/project_reti_logiche.vhd" into library xil_defaultlib
INFO: [VRFC 10-307] analyzing entity project_reti_logiche
INFO: [USF-XSim-69] 'compile' step finished in '1' seconds
INFO: [USF-XSim-3] XSim::Elaborate design
INFO: [USF-XSim-61] Executing 'ELABORATE' step in 'C:/Progetto_Reti_Logiche/project_reti_logiche/project_reti_logiche.sim/sim_3/behav/xsim'
Vivado Simulator 2017.4
Copyright 1986-1999, 2001-2016 Xilinx, Inc. All Rights Reserved.
Running: C:/Xilinx/Vivado/2017.4/bin/unwrapped/win64.o/xelab.exe -wto 0768c9d3d970421fad8df8aef60be9ad --incr --debug typical --relax --mt 2 -L xil_defaultlib -L secureip --snapshot project_tb_behav xil_defaultlib.project_tb -log elaborate.log 
Using 2 slave threads.
Starting static elaboration
Completed static elaboration
Starting simulation data flow analysis
Completed simulation data flow analysis
Time Resolution for simulation is 1ps
Compiling package std.standard
Compiling package std.textio
Compiling package ieee.std_logic_1164
Compiling package ieee.numeric_std
Compiling package ieee.std_logic_arith
Compiling package ieee.std_logic_unsigned
Compiling architecture behavioral of entity xil_defaultlib.project_reti_logiche [project_reti_logiche_default]
Compiling architecture projecttb of entity xil_defaultlib.project_tb
Built simulation snapshot project_tb_behav
INFO: [USF-XSim-69] 'elaborate' step finished in '2' seconds
INFO: [USF-XSim-4] XSim::Simulate design
INFO: [USF-XSim-61] Executing 'SIMULATE' step in 'C:/Progetto_Reti_Logiche/project_reti_logiche/project_reti_logiche.sim/sim_3/behav/xsim'
INFO: [USF-XSim-98] *** Running xsim
   with args "project_tb_behav -key {Behavioral:sim_3:Functional:project_tb} -tclbatch {project_tb.tcl} -log {simulate.log}"
INFO: [USF-XSim-8] Loading simulator feature
Vivado Simulator 2017.4
Time resolution is 1 ps
source project_tb.tcl
# set curr_wave [current_wave_config]
# if { [string length $curr_wave] == 0 } {
#   if { [llength [get_objects]] > 0} {
#     add_wave /
#     set_property needs_save false [current_wave_config]
#   } else {
#      send_msg_id Add_Wave-1 WARNING "No top level signals found. Simulator will start without a wave window. If you want to open a wave window go to 'File->New Waveform Configuration' or type 'create_wave_config' in the TCL console."
#   }
# }
WARNING: [Wavedata 42-489] Can't add object "/project_tb/RAM" to the wave window because it has 524288 bits, which exceeds the display limit of 65536 bits.  To change the display limit, use the command "set_property display_limit <new limit> [current_wave_config]".
# run 1000ms
Note: stato: CALC_AREA 
Time: 18172500 ps  Iteration: 1  Process: /project_tb/UUT/line__47  File: C:/Progetto_Reti_Logiche/project_reti_logiche/project_reti_logiche.srcs/sources_1/new/project_reti_logiche.vhd
Failure: Simulation Ended!, test passed
Time: 18307500 ps  Iteration: 1  Process: /project_tb/test  File: C:/Progetto_Reti_Logiche/test_bench/FSM_testbench3.vhd
$finish called at time : 18307500 ps : File "C:/Progetto_Reti_Logiche/test_bench/FSM_testbench3.vhd" Line 115
INFO: [USF-XSim-96] XSim completed. Design snapshot 'project_tb_behav' loaded.
INFO: [USF-XSim-97] XSim simulation ran for 1000ms
launch_simulation: Time (s): cpu = 00:00:02 ; elapsed = 00:00:06 . Memory (MB): peak = 1740.707 ; gain = 7.512
current_sim simulation_3
close_sim
INFO: [Simtcl 6-16] Simulation closed
launch_simulation -simset sim_2
INFO: [Vivado 12-5682] Launching behavioral simulation in 'C:/Progetto_Reti_Logiche/project_reti_logiche/project_reti_logiche.sim/sim_2/behav/xsim'
INFO: [SIM-utils-51] Simulation object is 'sim_2'
INFO: [SIM-utils-54] Inspecting design source files for 'project_tb' in fileset 'sim_2'...
INFO: [USF-XSim-97] Finding global include files...
INFO: [USF-XSim-98] Fetching design files from 'sim_2'...
INFO: [USF-XSim-2] XSim::Compile design
INFO: [USF-XSim-61] Executing 'COMPILE and ANALYZE' step in 'C:/Progetto_Reti_Logiche/project_reti_logiche/project_reti_logiche.sim/sim_2/behav/xsim'
"xvhdl --incr --relax -prj project_tb_vhdl.prj"
INFO: [VRFC 10-163] Analyzing VHDL file "C:/Progetto_Reti_Logiche/project_reti_logiche/project_reti_logiche.srcs/sources_1/new/project_reti_logiche.vhd" into library xil_defaultlib
INFO: [VRFC 10-307] analyzing entity project_reti_logiche
INFO: [USF-XSim-69] 'compile' step finished in '1' seconds
INFO: [USF-XSim-3] XSim::Elaborate design
INFO: [USF-XSim-61] Executing 'ELABORATE' step in 'C:/Progetto_Reti_Logiche/project_reti_logiche/project_reti_logiche.sim/sim_2/behav/xsim'
Vivado Simulator 2017.4
Copyright 1986-1999, 2001-2016 Xilinx, Inc. All Rights Reserved.
Running: C:/Xilinx/Vivado/2017.4/bin/unwrapped/win64.o/xelab.exe -wto 0768c9d3d970421fad8df8aef60be9ad --incr --debug typical --relax --mt 2 -L xil_defaultlib -L secureip --snapshot project_tb_behav xil_defaultlib.project_tb -log elaborate.log 
Using 2 slave threads.
Starting static elaboration
Completed static elaboration
Starting simulation data flow analysis
Completed simulation data flow analysis
Time Resolution for simulation is 1ps
Compiling package std.standard
Compiling package std.textio
Compiling package ieee.std_logic_1164
Compiling package ieee.numeric_std
Compiling package ieee.std_logic_arith
Compiling package ieee.std_logic_unsigned
Compiling architecture behavioral of entity xil_defaultlib.project_reti_logiche [project_reti_logiche_default]
Compiling architecture projecttb of entity xil_defaultlib.project_tb
Built simulation snapshot project_tb_behav
INFO: [USF-XSim-69] 'elaborate' step finished in '2' seconds
INFO: [USF-XSim-4] XSim::Simulate design
INFO: [USF-XSim-61] Executing 'SIMULATE' step in 'C:/Progetto_Reti_Logiche/project_reti_logiche/project_reti_logiche.sim/sim_2/behav/xsim'
INFO: [USF-XSim-98] *** Running xsim
   with args "project_tb_behav -key {Behavioral:sim_2:Functional:project_tb} -tclbatch {project_tb.tcl} -log {simulate.log}"
INFO: [USF-XSim-8] Loading simulator feature
Vivado Simulator 2017.4
Time resolution is 1 ps
source project_tb.tcl
# set curr_wave [current_wave_config]
# if { [string length $curr_wave] == 0 } {
#   if { [llength [get_objects]] > 0} {
#     add_wave /
#     set_property needs_save false [current_wave_config]
#   } else {
#      send_msg_id Add_Wave-1 WARNING "No top level signals found. Simulator will start without a wave window. If you want to open a wave window go to 'File->New Waveform Configuration' or type 'create_wave_config' in the TCL console."
#   }
# }
WARNING: [Wavedata 42-489] Can't add object "/project_tb/RAM" to the wave window because it has 524288 bits, which exceeds the display limit of 65536 bits.  To change the display limit, use the command "set_property display_limit <new limit> [current_wave_config]".
# run 1000ns
Note: stato: CALC_AREA 
Time: 307500 ps  Iteration: 1  Process: /project_tb/UUT/line__47  File: C:/Progetto_Reti_Logiche/project_reti_logiche/project_reti_logiche.srcs/sources_1/new/project_reti_logiche.vhd
Failure: Simulation Ended!, test passed
Time: 412500 ps  Iteration: 1  Process: /project_tb/test  File: C:/Progetto_Reti_Logiche/test_bench/FSM_testbench2.vhd
$finish called at time : 412500 ps : File "C:/Progetto_Reti_Logiche/test_bench/FSM_testbench2.vhd" Line 116
INFO: [USF-XSim-96] XSim completed. Design snapshot 'project_tb_behav' loaded.
INFO: [USF-XSim-97] XSim simulation ran for 1000ns
launch_simulation: Time (s): cpu = 00:00:01 ; elapsed = 00:00:06 . Memory (MB): peak = 1755.852 ; gain = 12.813
reset_run synth_1
WARNING: [Vivado 12-1017] Problems encountered:
1. Failed to delete one or more files in run directory C:/Progetto_Reti_Logiche/project_reti_logiche/project_reti_logiche.runs/synth_1

launch_runs impl_1
[Sat Mar  3 00:59:01 2018] Launched synth_1...
Run output will be captured here: C:/Progetto_Reti_Logiche/project_reti_logiche/project_reti_logiche.runs/synth_1/runme.log
[Sat Mar  3 00:59:01 2018] Launched impl_1...
Run output will be captured here: C:/Progetto_Reti_Logiche/project_reti_logiche/project_reti_logiche.runs/impl_1/runme.log
refresh_design
INFO: [Netlist 29-17] Analyzing 105 Unisim elements for replacement
INFO: [Netlist 29-28] Unisim Transformation completed in 0 CPU seconds
INFO: [Project 1-479] Netlist was created with Vivado 2017.4
INFO: [Project 1-570] Preparing netlist for logic optimization
Parsing XDC File [C:/Progetto_Reti_Logiche/project_reti_logiche/.Xil/Vivado-1004-DESKTOP-3NU7J11/dcp1/project_reti_logiche.xdc]
Finished Parsing XDC File [C:/Progetto_Reti_Logiche/project_reti_logiche/.Xil/Vivado-1004-DESKTOP-3NU7J11/dcp1/project_reti_logiche.xdc]
Reading XDEF placement.
Reading placer database...
Reading XDEF routing.
Read XDEF File: Time (s): cpu = 00:00:00 ; elapsed = 00:00:00.170 . Memory (MB): peak = 1771.535 ; gain = 0.000
Restored from archive | CPU: 0.000000 secs | Memory: 0.000000 MB |
Finished XDEF File Restore: Time (s): cpu = 00:00:00 ; elapsed = 00:00:00.171 . Memory (MB): peak = 1771.535 ; gain = 0.000
refresh_design: Time (s): cpu = 00:00:09 ; elapsed = 00:00:10 . Memory (MB): peak = 1786.641 ; gain = 26.383
close_sim
INFO: [Simtcl 6-16] Simulation closed
current_sim simulation_7
close_sim
INFO: [Simtcl 6-16] Simulation closed
current_sim simulation_6
close_sim
INFO: [Simtcl 6-16] Simulation closed
close_sim: Time (s): cpu = 00:00:02 ; elapsed = 00:00:09 . Memory (MB): peak = 1790.539 ; gain = 0.000
close_sim
INFO: [Simtcl 6-16] Simulation closed
close_sim: Time (s): cpu = 00:00:00 ; elapsed = 00:00:12 . Memory (MB): peak = 1790.539 ; gain = 0.000
exit
INFO: [Common 17-206] Exiting Vivado at Sat Mar  3 01:07:33 2018...
