#-----------------------------------------------------------
# Vivado v2017.4 (64-bit)
# SW Build 2086221 on Fri Dec 15 20:55:39 MST 2017
# IP Build 2085800 on Fri Dec 15 22:25:07 MST 2017
# Start of session at: Sat Feb 24 14:46:34 2018
# Process ID: 1476
# Current directory: C:/Progetto_reti_logiche/project_reti_logiche
# Command line: vivado.exe -gui_launcher_event rodinguilauncherevent5488 C:\Progetto_reti_logiche\project_reti_logiche\project_reti_logiche.xpr
# Log file: C:/Progetto_reti_logiche/project_reti_logiche/vivado.log
# Journal file: C:/Progetto_reti_logiche/project_reti_logiche\vivado.jou
#-----------------------------------------------------------
start_gui
open_project C:/Progetto_reti_logiche/project_reti_logiche/project_reti_logiche.xpr
Scanning sources...
Finished scanning sources
INFO: [IP_Flow 19-234] Refreshing IP repositories
INFO: [IP_Flow 19-1704] No user IP repositories specified
INFO: [IP_Flow 19-2313] Loaded Vivado IP repository 'C:/Xilinx/Vivado/2017.4/data/ip'.
open_project: Time (s): cpu = 00:00:07 ; elapsed = 00:00:10 . Memory (MB): peak = 519.137 ; gain = 41.828
update_compile_order -fileset sources_1
update_compile_order -fileset sources_1
WARNING: [Common 17-9] Error reading message records.
WARNING: [Common 17-9] Error reading message records.
exit
INFO: [Common 17-206] Exiting Vivado at Sat Feb 24 17:19:06 2018...
